{"logTime": "0327/191658", "correlationVector":"pB+QAx1RtDPGM8qECpPTqV","action":"Commit Request", "result":"", "context":Item count: 1
Contributing types: Extension settings}
{"logTime": "0327/191659", "correlationVector":"pB+QAx1RtDPGM8qECpPTqV.1","action":"SyncServerConnectionManagerRequest", "result":"SYNC_SERVER_OK", "context":{"environment":"Prod_EastUS_000w", "migrationStage":"MigrationComplete", "server":"GENERAL0100001E"}}
{"logTime": "0327/191659", "correlationVector":"pB+QAx1RtDPGM8qECpPTqV.2","action":"Commit Response", "result":"Success", "context":Result: Success. cV=pB+QAx1RtDPGM8qECpPTqV.0;server=GENERAL0100001E;cloudType=Consumer;environment=Prod_EastUS_000w;migrationStage=MigrationComplete}
{"logTime": "0327/191701", "correlationVector":"PnuCus0gp/91f3uxsM7S6M","action":"Commit Request", "result":"", "context":Item count: 1
Contributing types: Extension settings}
{"logTime": "0327/191702", "correlationVector":"PnuCus0gp/91f3uxsM7S6M.1","action":"SyncServerConnectionManagerRequest", "result":"SYNC_SERVER_OK", "context":{"environment":"Prod_EastUS2_000e", "migrationStage":"MigrationComplete", "server":"general01000012"}}
{"logTime": "0327/191702", "correlationVector":"PnuCus0gp/91f3uxsM7S6M.2","action":"Commit Response", "result":"Success", "context":Result: Success. cV=PnuCus0gp/91f3uxsM7S6M.0;server=general01000012;cloudType=Consumer;environment=Prod_EastUS2_000e;migrationStage=MigrationComplete}
{"logTime": "0327/191702", "correlationVector":"1Yx6ldBChLqcSouOjfgE/Z","action":"Commit Request", "result":"", "context":Item count: 1
Contributing types: Extension settings}
{"logTime": "0327/191702", "correlationVector":"1Yx6ldBChLqcSouOjfgE/Z.1","action":"SyncServerConnectionManagerRequest", "result":"SYNC_SERVER_OK", "context":{"environment":"Prod_EastUS_000w", "migrationStage":"MigrationComplete", "server":"GENERAL11000035"}}
{"logTime": "0327/191702", "correlationVector":"1Yx6ldBChLqcSouOjfgE/Z.2","action":"Commit Response", "result":"Success", "context":Result: Success. cV=1Yx6ldBChLqcSouOjfgE/Z.0;server=GENERAL11000035;cloudType=Consumer;environment=Prod_EastUS_000w;migrationStage=MigrationComplete}
{"logTime": "0327/191703", "correlationVector":"+vFZGqSCLAZmyH+QN5x9c1","action":"Commit Request", "result":"", "context":Item count: 1
Contributing types: Extension settings}
{"logTime": "0327/191703", "correlationVector":"+vFZGqSCLAZmyH+QN5x9c1.1","action":"SyncServerConnectionManagerRequest", "result":"SYNC_SERVER_OK", "context":{"environment":"Prod_EastUS_000w", "migrationStage":"MigrationComplete", "server":"GENERAL01000012"}}
{"logTime": "0327/191703", "correlationVector":"+vFZGqSCLAZmyH+QN5x9c1.2","action":"Commit Response", "result":"Success", "context":Result: Success. cV=+vFZGqSCLAZmyH+QN5x9c1.0;server=GENERAL01000012;cloudType=Consumer;environment=Prod_EastUS_000w;migrationStage=MigrationComplete}
{"logTime": "0327/191703", "correlationVector":"lmf7lMDrSZhEGbNLKKuXQs","action":"Commit Request", "result":"", "context":Item count: 1
Contributing types: Extension settings}
{"logTime": "0327/191703", "correlationVector":"lmf7lMDrSZhEGbNLKKuXQs.1","action":"SyncServerConnectionManagerRequest", "result":"SYNC_SERVER_OK", "context":{"environment":"Prod_EastUS_000w", "migrationStage":"MigrationComplete", "server":"GENERAL1100001I"}}
{"logTime": "0327/191703", "correlationVector":"lmf7lMDrSZhEGbNLKKuXQs.2","action":"Commit Response", "result":"Success", "context":Result: Success. cV=lmf7lMDrSZhEGbNLKKuXQs.0;server=GENERAL1100001I;cloudType=Consumer;environment=Prod_EastUS_000w;migrationStage=MigrationComplete}
{"logTime": "0327/191703", "correlationVector":"eWUQdCBR6xjnqGTabWz/3r","action":"Commit Request", "result":"", "context":Item count: 1
Contributing types: Extension settings}
{"logTime": "0327/191704", "correlationVector":"eWUQdCBR6xjnqGTabWz/3r.1","action":"SyncServerConnectionManagerRequest", "result":"SYNC_SERVER_OK", "context":{"environment":"Prod_EastUS2_000e", "migrationStage":"MigrationComplete", "server":"GENERAL01000008"}}
{"logTime": "0327/191704", "correlationVector":"eWUQdCBR6xjnqGTabWz/3r.2","action":"Commit Response", "result":"Success", "context":Result: Success. cV=eWUQdCBR6xjnqGTabWz/3r.0;server=GENERAL01000008;cloudType=Consumer;environment=Prod_EastUS2_000e;migrationStage=MigrationComplete}
{"logTime": "0327/191704", "correlationVector":"3I2iCd0Ho0mPgvHt+ryEhK","action":"Commit Request", "result":"", "context":Item count: 1
Contributing types: Extension settings}
{"logTime": "0327/191704", "correlationVector":"3I2iCd0Ho0mPgvHt+ryEhK.1","action":"SyncServerConnectionManagerRequest", "result":"SYNC_SERVER_OK", "context":{"environment":"Prod_EastUS_000w", "migrationStage":"MigrationComplete", "server":"GENERAL1100002U"}}
{"logTime": "0327/191704", "correlationVector":"3I2iCd0Ho0mPgvHt+ryEhK.2","action":"Commit Response", "result":"Success", "context":Result: Success. cV=3I2iCd0Ho0mPgvHt+ryEhK.0;server=GENERAL1100002U;cloudType=Consumer;environment=Prod_EastUS_000w;migrationStage=MigrationComplete}
{"logTime": "0327/191715", "correlationVector":"MOTZ0r95fZhEdJXhCuuc7S","action":"Commit Request", "result":"", "context":Item count: 1
Contributing types: Extension settings}
{"logTime": "0327/191715", "correlationVector":"MOTZ0r95fZhEdJXhCuuc7S.1","action":"SyncServerConnectionManagerRequest", "result":"SYNC_SERVER_OK", "context":{"environment":"Prod_EastUS_000w", "migrationStage":"MigrationComplete", "server":"general0100000S"}}
{"logTime": "0327/191715", "correlationVector":"MOTZ0r95fZhEdJXhCuuc7S.2","action":"Commit Response", "result":"Success", "context":Result: Success. cV=MOTZ0r95fZhEdJXhCuuc7S.0;server=general0100000S;cloudType=Consumer;environment=Prod_EastUS_000w;migrationStage=MigrationComplete}
{"logTime": "0327/191716", "correlationVector":"wwCiB2KJ6Sz+/rHA9Tmw1L","action":"Commit Request", "result":"", "context":Item count: 1
Contributing types: Extension settings}
{"logTime": "0327/191716", "correlationVector":"wwCiB2KJ6Sz+/rHA9Tmw1L.1","action":"SyncServerConnectionManagerRequest", "result":"SYNC_SERVER_OK", "context":{"environment":"Prod_EastUS_000w", "migrationStage":"MigrationComplete", "server":"GENERAL1100000E"}}
{"logTime": "0327/191716", "correlationVector":"wwCiB2KJ6Sz+/rHA9Tmw1L.2","action":"Commit Response", "result":"Success", "context":Result: Success. cV=wwCiB2KJ6Sz+/rHA9Tmw1L.0;server=GENERAL1100000E;cloudType=Consumer;environment=Prod_EastUS_000w;migrationStage=MigrationComplete}
{"logTime": "0327/191721", "correlationVector":"ORGsEF4WCN3pz4JacNnuHm","action":"Commit Request", "result":"", "context":Item count: 1
Contributing types: Extension settings}
{"logTime": "0327/191721", "correlationVector":"ORGsEF4WCN3pz4JacNnuHm.1","action":"SyncServerConnectionManagerRequest", "result":"SYNC_SERVER_OK", "context":{"environment":"Prod_EastUS_000w", "migrationStage":"MigrationComplete", "server":"general11000018"}}
{"logTime": "0327/191721", "correlationVector":"ORGsEF4WCN3pz4JacNnuHm.2","action":"Commit Response", "result":"Success", "context":Result: Success. cV=ORGsEF4WCN3pz4JacNnuHm.0;server=general11000018;cloudType=Consumer;environment=Prod_EastUS_000w;migrationStage=MigrationComplete}
{"logTime": "0327/192004", "correlationVector":"jAHXLTK211mlE1iFc2d+wT","action":"Commit Request", "result":"", "context":Item count: 1
Contributing types: Preferences}
{"logTime": "0327/192004", "correlationVector":"jAHXLTK211mlE1iFc2d+wT.1","action":"SyncServerConnectionManagerRequest", "result":"SYNC_SERVER_OK", "context":{"environment":"Prod_EastUS2_000e", "migrationStage":"MigrationComplete", "server":"GENERAL01000038"}}
{"logTime": "0327/192004", "correlationVector":"jAHXLTK211mlE1iFc2d+wT.2","action":"Commit Response", "result":"Success", "context":Result: Success. cV=jAHXLTK211mlE1iFc2d+wT.0;server=GENERAL01000038;cloudType=Consumer;environment=Prod_EastUS2_000e;migrationStage=MigrationComplete}
{"logTime": "0327/192016", "correlationVector":"7MSPQX2XWorjrVczDI0d2+","action":"Commit Request", "result":"", "context":Item count: 3
Contributing types: Preferences, Sessions}
{"logTime": "0327/192016", "correlationVector":"7MSPQX2XWorjrVczDI0d2+.1","action":"SyncServerConnectionManagerRequest", "result":"SYNC_SERVER_OK", "context":{"environment":"Prod_EastUS2_000e", "migrationStage":"MigrationComplete", "server":"GENERAL0100003C"}}
{"logTime": "0327/192016", "correlationVector":"7MSPQX2XWorjrVczDI0d2+.2","action":"Commit Response", "result":"Success", "context":Result: Success. cV=7MSPQX2XWorjrVczDI0d2+.0;server=GENERAL0100003C;cloudType=Consumer;environment=Prod_EastUS2_000e;migrationStage=MigrationComplete}
{"logTime": "0327/192139", "correlationVector":"Thy9bMxlnYjQrnEsHabn9l","action":"Commit Request", "result":"", "context":Item count: 3
Contributing types: Sessions}
{"logTime": "0327/192139", "correlationVector":"Thy9bMxlnYjQrnEsHabn9l.1","action":"SyncServerConnectionManagerRequest", "result":"SYNC_SERVER_OK", "context":{"environment":"Prod_EastUS2_000e", "migrationStage":"NotStarted", "server":"GENERAL01000003"}}
{"logTime": "0327/192139", "correlationVector":"Thy9bMxlnYjQrnEsHabn9l.3","action":"Commit.Sessions", "result":"Success", "context":{"id":"aecb360f-dd43-4aaa-960e-c8c3607362a6", "isDeleted":"true", "size":"0", "version":"1711566807898"}}
{"logTime": "0327/192139", "correlationVector":"Thy9bMxlnYjQrnEsHabn9l.4","action":"Commit.Sessions", "result":"Success", "context":{"id":"69a35d6f-5092-4ee4-a5c0-000ced24d474", "isDeleted":"true", "size":"0", "version":"1711567216709"}}
{"logTime": "0327/192139", "correlationVector":"Thy9bMxlnYjQrnEsHabn9l.2","action":"Commit Response", "result":"Success", "context":Result: Success. cV=Thy9bMxlnYjQrnEsHabn9l.0;server=GENERAL01000003;cloudType=Consumer;environment=Prod_EastUS2_000e;migrationStage=NotStarted}
{"logTime": "0327/192944", "correlationVector":"BBkXb1XtdDrl/Exn3yq0Vm","action":"Commit Request", "result":"", "context":Item count: 1
Contributing types: Sessions}
{"logTime": "0327/192944", "correlationVector":"BBkXb1XtdDrl/Exn3yq0Vm.1","action":"SyncServerConnectionManagerRequest", "result":"SYNC_SERVER_OK", "context":{"environment":"Prod_EastUS2_000e", "migrationStage":"NotStarted", "server":"GENERAL0100003C"}}
{"logTime": "0327/192944", "correlationVector":"BBkXb1XtdDrl/Exn3yq0Vm.2","action":"Commit Response", "result":"Success", "context":Result: Success. cV=BBkXb1XtdDrl/Exn3yq0Vm.0;server=GENERAL0100003C;cloudType=Consumer;environment=Prod_EastUS2_000e;migrationStage=NotStarted}
{"logTime": "0327/195319", "correlationVector":"LTchT1TlNZwDgHtnVsvoD3","action":"Normal GetUpdate request", "result":"", "context":cV=LTchT1TlNZwDgHtnVsvoD3
Refresh requested types: Bookmarks, Preferences, Passwords, Typed URLs, Extensions, Sessions, Extension settings, History Delete Directives, Device Info, User Consents, Send Tab To Self, Web Apps, Collection, Edge E Drop, Edge Hub App Usage, Edge Tab Group, Edge Wallet, Encryption Keys}
{"logTime": "0327/195320", "correlationVector":"LTchT1TlNZwDgHtnVsvoD3.1","action":"SyncServerConnectionManagerRequest", "result":"SYNC_SERVER_OK", "context":{"environment":"Prod_NorthCentralUS_000g", "migrationStage":"MigrationComplete", "server":"GENERAL01000025"}}
{"logTime": "0327/195320", "correlationVector":"LTchT1TlNZwDgHtnVsvoD3.2","action":"GetUpdates", "result":"DeleteReceived", "context":{"id":"7f8954b9-3070-4e61-bc87-734fa660675f", "isDeleted:":"true", "version":"1711566807896"}}
{"logTime": "0327/195320", "correlationVector":"LTchT1TlNZwDgHtnVsvoD3.3","action":"GetUpdates", "result":"DeleteReceived", "context":{"id":"aecb360f-dd43-4aaa-960e-c8c3607362a6", "isDeleted:":"true", "version":"1711567299079"}}
{"logTime": "0327/195320", "correlationVector":"LTchT1TlNZwDgHtnVsvoD3.4","action":"GetUpdates", "result":"DeleteReceived", "context":{"id":"69a35d6f-5092-4ee4-a5c0-000ced24d474", "isDeleted:":"true", "version":"1711567299080"}}
{"logTime": "0327/195320", "correlationVector":"LTchT1TlNZwDgHtnVsvoD3.5","action":"GetUpdates Response", "result":"Success", "context":Received 18 update(s). cV=LTchT1TlNZwDgHtnVsvoD3.0;server=GENERAL01000025;cloudType=Consumer;environment=Prod_NorthCentralUS_000g;migrationStage=MigrationComplete}
{"logTime": "0327/195819", "correlationVector":"Z/ORRT+kIv4r1xBPye1Aod","action":"Normal GetUpdate request", "result":"", "context":cV=Z/ORRT+kIv4r1xBPye1Aod
Refresh requested types: Bookmarks, Preferences, Passwords, Typed URLs, Extensions, Sessions, Extension settings, History Delete Directives, Device Info, User Consents, Send Tab To Self, Web Apps, Collection, Edge E Drop, Edge Hub App Usage, Edge Tab Group, Edge Wallet, Encryption Keys}
{"logTime": "0327/195820", "correlationVector":"Z/ORRT+kIv4r1xBPye1Aod.1","action":"SyncServerConnectionManagerRequest", "result":"SYNC_SERVER_OK", "context":{"environment":"Prod_EastUS2_000e", "migrationStage":"MigrationComplete", "server":"GENERAL0100001D"}}
{"logTime": "0327/195820", "correlationVector":"Z/ORRT+kIv4r1xBPye1Aod.2","action":"GetUpdates Response", "result":"Success", "context":Received 0 update(s). cV=Z/ORRT+kIv4r1xBPye1Aod.0;server=GENERAL0100001D;cloudType=Consumer;environment=Prod_EastUS2_000e;migrationStage=MigrationComplete}
{"logTime": "0327/200319", "correlationVector":"bAQa9lScw3HV8WhGsn7GMM","action":"Normal GetUpdate request", "result":"", "context":cV=bAQa9lScw3HV8WhGsn7GMM
Refresh requested types: Bookmarks, Preferences, Passwords, Typed URLs, Extensions, Sessions, Extension settings, History Delete Directives, Device Info, User Consents, Send Tab To Self, Web Apps, Collection, Edge E Drop, Edge Hub App Usage, Edge Tab Group, Edge Wallet, Encryption Keys}
{"logTime": "0327/200320", "correlationVector":"bAQa9lScw3HV8WhGsn7GMM.1","action":"SyncServerConnectionManagerRequest", "result":"SYNC_SERVER_OK", "context":{"environment":"Prod_WestUS_000v", "migrationStage":"MigrationComplete", "server":"GENERAL12000008"}}
{"logTime": "0327/200320", "correlationVector":"bAQa9lScw3HV8WhGsn7GMM.2","action":"GetUpdates Response", "result":"Success", "context":Received 0 update(s). cV=bAQa9lScw3HV8WhGsn7GMM.0;server=GENERAL12000008;cloudType=Consumer;environment=Prod_WestUS_000v;migrationStage=MigrationComplete}
{"logTime": "0327/201111", "correlationVector":"BCzfKsfihI8DthbQ9cAPhi","action":"Normal GetUpdate request", "result":"", "context":cV=BCzfKsfihI8DthbQ9cAPhi
Refresh requested types: Bookmarks, Preferences, Passwords, Typed URLs, Extensions, Sessions, Extension settings, History Delete Directives, Device Info, User Consents, Send Tab To Self, Web Apps, Collection, Edge E Drop, Edge Hub App Usage, Edge Tab Group, Edge Wallet, Encryption Keys}
{"logTime": "0327/201111", "correlationVector":"BCzfKsfihI8DthbQ9cAPhi.1","action":"SyncServerConnectionManagerRequest", "result":"SYNC_SERVER_OK", "context":{"environment":"Prod_NorthCentralUS_000g", "migrationStage":"MigrationComplete", "server":"general01000029"}}
{"logTime": "0327/201111", "correlationVector":"BCzfKsfihI8DthbQ9cAPhi.2","action":"GetUpdates Response", "result":"Success", "context":Received 0 update(s). cV=BCzfKsfihI8DthbQ9cAPhi.0;server=general01000029;cloudType=Consumer;environment=Prod_NorthCentralUS_000g;migrationStage=MigrationComplete}
{"logTime": "0327/201809", "correlationVector":"sRSG/ctbeIzG73wJls5kaG","action":"Normal GetUpdate request", "result":"", "context":cV=sRSG/ctbeIzG73wJls5kaG
Refresh requested types: Bookmarks, Preferences, Passwords, Typed URLs, Extensions, Sessions, Extension settings, History Delete Directives, Device Info, User Consents, Send Tab To Self, Web Apps, Collection, Edge E Drop, Edge Hub App Usage, Edge Tab Group, Edge Wallet, Encryption Keys}
{"logTime": "0327/201810", "correlationVector":"sRSG/ctbeIzG73wJls5kaG.1","action":"SyncServerConnectionManagerRequest", "result":"SYNC_SERVER_OK", "context":{"environment":"Prod_EastUS_000w", "migrationStage":"MigrationComplete", "server":"GENERAL02000027"}}
{"logTime": "0327/201810", "correlationVector":"sRSG/ctbeIzG73wJls5kaG.2","action":"GetUpdates Response", "result":"Success", "context":Received 0 update(s). cV=sRSG/ctbeIzG73wJls5kaG.0;server=GENERAL02000027;cloudType=Consumer;environment=Prod_EastUS_000w;migrationStage=MigrationComplete}
{"logTime": "0327/202309", "correlationVector":"bT8n7E+wWYP2//9Vz5LKtK","action":"Normal GetUpdate request", "result":"", "context":cV=bT8n7E+wWYP2//9Vz5LKtK
Refresh requested types: Bookmarks, Preferences, Passwords, Typed URLs, Extensions, Sessions, Extension settings, History Delete Directives, Device Info, User Consents, Send Tab To Self, Web Apps, Collection, Edge E Drop, Edge Hub App Usage, Edge Tab Group, Edge Wallet, Encryption Keys}
{"logTime": "0327/202309", "correlationVector":"bT8n7E+wWYP2//9Vz5LKtK.1","action":"SyncServerConnectionManagerRequest", "result":"SYNC_SERVER_OK", "context":{"environment":"Prod_EastUS_000w", "migrationStage":"MigrationComplete", "server":"GENERAL11000003"}}
{"logTime": "0327/202309", "correlationVector":"bT8n7E+wWYP2//9Vz5LKtK.2","action":"GetUpdates Response", "result":"Success", "context":Received 0 update(s). cV=bT8n7E+wWYP2//9Vz5LKtK.0;server=GENERAL11000003;cloudType=Consumer;environment=Prod_EastUS_000w;migrationStage=MigrationComplete}
{"logTime": "0327/202809", "correlationVector":"UiMkOmFYJlNifk8nHTc+OU","action":"Normal GetUpdate request", "result":"", "context":cV=UiMkOmFYJlNifk8nHTc+OU
Refresh requested types: Bookmarks, Preferences, Passwords, Typed URLs, Extensions, Sessions, Extension settings, History Delete Directives, Device Info, User Consents, Send Tab To Self, Web Apps, Collection, Edge E Drop, Edge Hub App Usage, Edge Tab Group, Edge Wallet, Encryption Keys}
{"logTime": "0327/202809", "correlationVector":"UiMkOmFYJlNifk8nHTc+OU.1","action":"SyncServerConnectionManagerRequest", "result":"SYNC_SERVER_OK", "context":{"environment":"Prod_EastUS_000w", "migrationStage":"MigrationComplete", "server":"GENERAL11000028"}}
{"logTime": "0327/202809", "correlationVector":"UiMkOmFYJlNifk8nHTc+OU.2","action":"GetUpdates Response", "result":"Success", "context":Received 0 update(s). cV=UiMkOmFYJlNifk8nHTc+OU.0;server=GENERAL11000028;cloudType=Consumer;environment=Prod_EastUS_000w;migrationStage=MigrationComplete}
{"logTime": "0327/215317", "correlationVector":"peM0SAXmNY+stfifik7XD1","action":"Normal GetUpdate request", "result":"", "context":cV=peM0SAXmNY+stfifik7XD1
Refresh requested types: Bookmarks, Preferences, Passwords, Typed URLs, Extensions, Sessions, Extension settings, History Delete Directives, Device Info, User Consents, Send Tab To Self, Web Apps, Collection, Edge E Drop, Edge Hub App Usage, Edge Tab Group, Edge Wallet, Encryption Keys}
{"logTime": "0327/215317", "correlationVector":"peM0SAXmNY+stfifik7XD1.1","action":"SyncServerConnectionManagerRequest", "result":"SYNC_SERVER_OK", "context":{"environment":"Prod_NorthCentralUS_000g", "migrationStage":"MigrationComplete", "server":"GENERAL01000026"}}
{"logTime": "0327/215317", "correlationVector":"peM0SAXmNY+stfifik7XD1.2","action":"GetUpdates Response", "result":"Success", "context":Received 0 update(s). cV=peM0SAXmNY+stfifik7XD1.0;server=GENERAL01000026;cloudType=Consumer;environment=Prod_NorthCentralUS_000g;migrationStage=MigrationComplete}
{"logTime": "0327/215817", "correlationVector":"5UbDHl4WVlKmJ1jZL3e5i7","action":"Normal GetUpdate request", "result":"", "context":cV=5UbDHl4WVlKmJ1jZL3e5i7
Refresh requested types: Bookmarks, Preferences, Passwords, Typed URLs, Extensions, Sessions, Extension settings, History Delete Directives, Device Info, User Consents, Send Tab To Self, Web Apps, Collection, Edge E Drop, Edge Hub App Usage, Edge Tab Group, Edge Wallet, Encryption Keys}
{"logTime": "0327/215817", "correlationVector":"5UbDHl4WVlKmJ1jZL3e5i7.1","action":"SyncServerConnectionManagerRequest", "result":"SYNC_SERVER_OK", "context":{"environment":"Prod_NorthCentralUS_000g", "migrationStage":"MigrationComplete", "server":"GENERAL0100000B"}}
{"logTime": "0327/215817", "correlationVector":"5UbDHl4WVlKmJ1jZL3e5i7.2","action":"GetUpdates Response", "result":"Success", "context":Received 0 update(s). cV=5UbDHl4WVlKmJ1jZL3e5i7.0;server=GENERAL0100000B;cloudType=Consumer;environment=Prod_NorthCentralUS_000g;migrationStage=MigrationComplete}
{"logTime": "0328/010429", "correlationVector":"330U+irgN6+a80PkmyiEzN","action":"Commit Request", "result":"", "context":Item count: 3
Contributing types: Sessions}
{"logTime": "0328/010429", "correlationVector":"330U+irgN6+a80PkmyiEzN.1","action":"SyncServerConnectionManagerRequest", "result":"SYNC_SERVER_OK", "context":{"environment":"Prod_NorthCentralUS_000g", "migrationStage":"NotStarted", "server":"GENERAL0100000K"}}
{"logTime": "0328/010429", "correlationVector":"330U+irgN6+a80PkmyiEzN.2","action":"Commit Response", "result":"Success", "context":Result: Success. cV=330U+irgN6+a80PkmyiEzN.0;server=GENERAL0100000K;cloudType=Consumer;environment=Prod_NorthCentralUS_000g;migrationStage=NotStarted}
{"logTime": "0328/010551", "correlationVector":"cjKA3xC5teNJqTY0XC/Zkl","action":"Commit Request", "result":"", "context":Item count: 10
Contributing types: Bookmarks, Sessions}
{"logTime": "0328/010552", "correlationVector":"cjKA3xC5teNJqTY0XC/Zkl.1","action":"SyncServerConnectionManagerRequest", "result":"SYNC_SERVER_OK", "context":{"environment":"Prod_NorthCentralUS_000g", "migrationStage":"MigrationComplete", "server":"GENERAL0100001V"}}
{"logTime": "0328/010552", "correlationVector":"cjKA3xC5teNJqTY0XC/Zkl.3","action":"Commit.Sessions", "result":"Success", "context":{"id":"4ceb03cb-880e-486e-b19e-93c08a1578ef", "isDeleted":"true", "size":"0", "version":"1711566091281"}}
{"logTime": "0328/010552", "correlationVector":"cjKA3xC5teNJqTY0XC/Zkl.4","action":"Commit.Sessions", "result":"Success", "context":{"id":"eb392cfa-1901-41ca-a58b-d706f358e7ac", "isDeleted":"true", "size":"0", "version":"1711587869343"}}
{"logTime": "0328/010552", "correlationVector":"cjKA3xC5teNJqTY0XC/Zkl.5","action":"Commit.Sessions", "result":"Success", "context":{"id":"2d8d242c-73b7-4a7a-95ca-4595306be911", "isDeleted":"true", "size":"0", "version":"1711566122074"}}
{"logTime": "0328/010552", "correlationVector":"cjKA3xC5teNJqTY0XC/Zkl.6","action":"Commit.Sessions", "result":"Success", "context":{"id":"b2042137-5b6a-47c9-b92d-dea207b1900c", "isDeleted":"true", "size":"0", "version":"1711566504562"}}
{"logTime": "0328/010552", "correlationVector":"cjKA3xC5teNJqTY0XC/Zkl.2","action":"Commit Response", "result":"Success", "context":Result: Success. cV=cjKA3xC5teNJqTY0XC/Zkl.0;server=GENERAL0100001V;cloudType=Consumer;environment=Prod_NorthCentralUS_000g;migrationStage=MigrationComplete}
{"logTime": "0328/010552", "correlationVector":"cjKA3xC5teNJqTY0XC/Zkl.7","action":"Commit.Sessions", "result":"Success", "context":{"id":"72d28eb6-ab48-41b1-ba5d-e897cd7ed043", "isDeleted":"true", "size":"0", "version":"1711587869345"}}
{"logTime": "0328/010552", "correlationVector":"cjKA3xC5teNJqTY0XC/Zkl.8","action":"Commit.Sessions", "result":"Success", "context":{"id":"9e076488-c336-4d80-a24c-2a79daf0e7b6", "isDeleted":"true", "size":"0", "version":"1711567784247"}}
{"logTime": "0328/010552", "correlationVector":"cjKA3xC5teNJqTY0XC/Zkl.9","action":"Commit.Sessions", "result":"Success", "context":{"id":"ee27e0dc-79a9-445d-8589-bc30b1710932", "isDeleted":"true", "size":"0", "version":"1711565526155"}}
{"logTime": "0328/010613", "correlationVector":"adJ/slf6TF4nNA5gwXyPop","action":"Commit Request", "result":"", "context":Item count: 1
Contributing types: Preferences}
{"logTime": "0328/010613", "correlationVector":"adJ/slf6TF4nNA5gwXyPop.1","action":"SyncServerConnectionManagerRequest", "result":"SYNC_SERVER_OK", "context":{"environment":"Prod_NorthCentralUS_000g", "migrationStage":"MigrationComplete", "server":"general01000010"}}
{"logTime": "0328/010613", "correlationVector":"adJ/slf6TF4nNA5gwXyPop.2","action":"Commit Response", "result":"Success", "context":Result: Success. cV=adJ/slf6TF4nNA5gwXyPop.0;server=general01000010;cloudType=Consumer;environment=Prod_NorthCentralUS_000g;migrationStage=MigrationComplete}
{"logTime": "0328/010651", "correlationVector":"bakkAODo0WE7nCAOUZOq+9","action":"Commit Request", "result":"", "context":Item count: 3
Contributing types: Preferences, Sessions}
{"logTime": "0328/010652", "correlationVector":"bakkAODo0WE7nCAOUZOq+9.1","action":"SyncServerConnectionManagerRequest", "result":"SYNC_SERVER_OK", "context":{"environment":"Prod_NorthCentralUS_000g", "migrationStage":"MigrationComplete", "server":"GENERAL01000025"}}
{"logTime": "0328/010652", "correlationVector":"bakkAODo0WE7nCAOUZOq+9.3","action":"Commit.Sessions", "result":"Success", "context":{"id":"63121134-0819-4318-a77d-f24e33891fd2", "isDeleted":"true", "size":"0", "version":"1711587952049"}}
{"logTime": "0328/010652", "correlationVector":"bakkAODo0WE7nCAOUZOq+9.2","action":"Commit Response", "result":"Success", "context":Result: Success. cV=bakkAODo0WE7nCAOUZOq+9.0;server=GENERAL01000025;cloudType=Consumer;environment=Prod_NorthCentralUS_000g;migrationStage=MigrationComplete}
{"logTime": "0328/010712", "correlationVector":"BX3GdrxrOZuyX1SEWda/MB","action":"Commit Request", "result":"", "context":Item count: 3
Contributing types: Preferences, Sessions}
{"logTime": "0328/010712", "correlationVector":"BX3GdrxrOZuyX1SEWda/MB.1","action":"SyncServerConnectionManagerRequest", "result":"SYNC_SERVER_OK", "context":{"environment":"Prod_NorthCentralUS_000g", "migrationStage":"MigrationComplete", "server":"GENERAL0100001D"}}
{"logTime": "0328/010712", "correlationVector":"BX3GdrxrOZuyX1SEWda/MB.2","action":"Commit Response", "result":"Success", "context":Result: Success. cV=BX3GdrxrOZuyX1SEWda/MB.0;server=GENERAL0100001D;cloudType=Consumer;environment=Prod_NorthCentralUS_000g;migrationStage=MigrationComplete}
{"logTime": "0328/010740", "correlationVector":"TV/CjglGpLiwl5SRJcjOVe","action":"Commit Request", "result":"", "context":Item count: 1
Contributing types: Preferences}
{"logTime": "0328/010740", "correlationVector":"TV/CjglGpLiwl5SRJcjOVe.1","action":"SyncServerConnectionManagerRequest", "result":"SYNC_SERVER_OK", "context":{"environment":"Prod_NorthCentralUS_000g", "migrationStage":"MigrationComplete", "server":"GENERAL0100000B"}}
{"logTime": "0328/010740", "correlationVector":"TV/CjglGpLiwl5SRJcjOVe.2","action":"Commit Response", "result":"Success", "context":Result: Success. cV=TV/CjglGpLiwl5SRJcjOVe.0;server=GENERAL0100000B;cloudType=Consumer;environment=Prod_NorthCentralUS_000g;migrationStage=MigrationComplete}
{"logTime": "0401/211649", "correlationVector":"gfnguyHWrUjQ4QgYe39M0m","action":"Initial GetUpdates", "result":"", "context":Reason: NEWLY_SUPPORTED_DATATYPE. cV=gfnguyHWrUjQ4QgYe39M0m}
{"logTime": "0401/211649", "correlationVector":"gfnguyHWrUjQ4QgYe39M0m.1","action":"SyncServerConnectionManagerRequest", "result":"SYNC_SERVER_OK", "context":{"environment":"Prod_NorthCentralUS_000g", "migrationStage":"MigrationComplete", "server":"GENERAL0100001V"}}
{"logTime": "0401/211649", "correlationVector":"gfnguyHWrUjQ4QgYe39M0m.2","action":"GetUpdates Response", "result":"Success", "context":Received 0 update(s). cV=gfnguyHWrUjQ4QgYe39M0m.0;server=GENERAL0100001V;cloudType=Consumer;environment=Prod_NorthCentralUS_000g;migrationStage=MigrationComplete}
{"logTime": "0401/211649", "correlationVector":"x7fuKiF187cTNXlHns+q8Y","action":"SyncServerConnectionManagerRequest", "result":"SYNC_SERVER_OK", "context":{"environment":"", "migrationStage":"", "server":""}}
{"logTime": "0401/211649", "correlationVector":"280P7y0ACdQGiqrx7UckQr","action":"Normal GetUpdate request", "result":"", "context":cV=280P7y0ACdQGiqrx7UckQr
Nudged types: Preferences, Sessions, Device Info
Refresh requested types: Bookmarks, Preferences, Passwords, Typed URLs, Extensions, Sessions, Extension settings, History Delete Directives, Device Info, User Consents, Send Tab To Self, Web Apps, Collection, Edge E Drop, Edge Hub App Usage, Edge Tab Group, Edge Wallet, Encryption Keys}
{"logTime": "0401/211649", "correlationVector":"280P7y0ACdQGiqrx7UckQr.1","action":"SyncServerConnectionManagerRequest", "result":"SYNC_SERVER_OK", "context":{"environment":"Prod_NorthCentralUS_000g", "migrationStage":"MigrationComplete", "server":"general01000010"}}
{"logTime": "0401/211649", "correlationVector":"280P7y0ACdQGiqrx7UckQr.2","action":"GetUpdates", "result":"DeleteReceived", "context":{"id":"4ceb03cb-880e-486e-b19e-93c08a1578ef", "isDeleted:":"true", "version":"1711587952044"}}
{"logTime": "0401/211649", "correlationVector":"280P7y0ACdQGiqrx7UckQr.3","action":"GetUpdates", "result":"DeleteReceived", "context":{"id":"eb392cfa-1901-41ca-a58b-d706f358e7ac", "isDeleted:":"true", "version":"1711587952045"}}
{"logTime": "0401/211649", "correlationVector":"280P7y0ACdQGiqrx7UckQr.4","action":"GetUpdates", "result":"DeleteReceived", "context":{"id":"2d8d242c-73b7-4a7a-95ca-4595306be911", "isDeleted:":"true", "version":"1711587952046"}}
{"logTime": "0401/211649", "correlationVector":"280P7y0ACdQGiqrx7UckQr.5","action":"GetUpdates", "result":"DeleteReceived", "context":{"id":"b2042137-5b6a-47c9-b92d-dea207b1900c", "isDeleted:":"true", "version":"1711587952047"}}
{"logTime": "0401/211649", "correlationVector":"280P7y0ACdQGiqrx7UckQr.6","action":"GetUpdates", "result":"DeleteReceived", "context":{"id":"72d28eb6-ab48-41b1-ba5d-e897cd7ed043", "isDeleted:":"true", "version":"1711587952050"}}
{"logTime": "0401/211649", "correlationVector":"280P7y0ACdQGiqrx7UckQr.7","action":"GetUpdates", "result":"DeleteReceived", "context":{"id":"9e076488-c336-4d80-a24c-2a79daf0e7b6", "isDeleted:":"true", "version":"1711587952051"}}
{"logTime": "0401/211649", "correlationVector":"280P7y0ACdQGiqrx7UckQr.8","action":"GetUpdates", "result":"DeleteReceived", "context":{"id":"ee27e0dc-79a9-445d-8589-bc30b1710932", "isDeleted:":"true", "version":"1711587952052"}}
{"logTime": "0401/211649", "correlationVector":"280P7y0ACdQGiqrx7UckQr.9","action":"GetUpdates", "result":"DeleteReceived", "context":{"id":"63121134-0819-4318-a77d-f24e33891fd2", "isDeleted:":"true", "version":"1711588011908"}}
{"logTime": "0401/211649", "correlationVector":"280P7y0ACdQGiqrx7UckQr.10","action":"GetUpdates", "result":"DeleteReceived", "context":{"id":"54c40a06-8751-403c-8ff7-7ef5c0aaf1dd", "isDeleted:":"true", "version":"1711677723683"}}
{"logTime": "0401/211649", "correlationVector":"280P7y0ACdQGiqrx7UckQr.11","action":"GetUpdates", "result":"DeleteReceived", "context":{"id":"34f0ed0e-0e53-46ee-b1e4-17d008e5ee62", "isDeleted:":"true", "version":"1711687685210"}}
{"logTime": "0401/211649", "correlationVector":"280P7y0ACdQGiqrx7UckQr.12","action":"GetUpdates", "result":"DeleteReceived", "context":{"id":"eda1f68e-e1d2-4a16-9e51-8c733567a536", "isDeleted:":"true", "version":"1711911903237"}}
{"logTime": "0401/211649", "correlationVector":"280P7y0ACdQGiqrx7UckQr.13","action":"GetUpdates Response", "result":"Success", "context":Received 33 update(s). cV=280P7y0ACdQGiqrx7UckQr.0;server=general01000010;cloudType=Consumer;environment=Prod_NorthCentralUS_000g;migrationStage=MigrationComplete}
{"logTime": "0401/211649", "correlationVector":"BRhAFColBMXLdxz6/7L2Qj","action":"Commit Request", "result":"", "context":Item count: 3
Contributing types: Sessions, Device Info}
{"logTime": "0401/211649", "correlationVector":"BRhAFColBMXLdxz6/7L2Qj.1","action":"SyncServerConnectionManagerRequest", "result":"SYNC_SERVER_OK", "context":{"environment":"Prod_NorthCentralUS_000g", "migrationStage":"MigrationComplete", "server":"GENERAL01000012"}}
{"logTime": "0401/211649", "correlationVector":"BRhAFColBMXLdxz6/7L2Qj.3","action":"Commit.Sessions", "result":"Success", "context":{"id":"1c0862a7-1ca6-4be6-ae39-9b635d472144", "isDeleted":"true", "size":"0", "version":"1711588032639"}}
{"logTime": "0401/211649", "correlationVector":"BRhAFColBMXLdxz6/7L2Qj.2","action":"Commit Response", "result":"Success", "context":Result: Success. cV=BRhAFColBMXLdxz6/7L2Qj.0;server=GENERAL01000012;cloudType=Consumer;environment=Prod_NorthCentralUS_000g;migrationStage=MigrationComplete}
{"logTime": "0401/211649", "correlationVector":"QxFhan12UNjZxh5J1QGoie","action":"Poll GetUpdate request", "result":"", "context":cV=QxFhan12UNjZxh5J1QGoie}
{"logTime": "0401/211649", "correlationVector":"QxFhan12UNjZxh5J1QGoie.1","action":"SyncServerConnectionManagerRequest", "result":"SYNC_SERVER_OK", "context":{"environment":"Prod_NorthCentralUS_000g", "migrationStage":"MigrationComplete", "server":"GENERAL0100000G"}}
{"logTime": "0401/211649", "correlationVector":"QxFhan12UNjZxh5J1QGoie.2","action":"GetUpdates", "result":"DeleteReceived", "context":{"id":"1c0862a7-1ca6-4be6-ae39-9b635d472144", "isDeleted:":"true", "version":"1712006209389"}}
{"logTime": "0401/211649", "correlationVector":"QxFhan12UNjZxh5J1QGoie.3","action":"GetUpdates Response", "result":"Success", "context":Received 3 update(s). cV=QxFhan12UNjZxh5J1QGoie.0;server=GENERAL0100000G;cloudType=Consumer;environment=Prod_NorthCentralUS_000g;migrationStage=MigrationComplete}
{"logTime": "0401/211653", "correlationVector":"pzZblo/vbYGGrlxFZkZBo7","action":"Commit Request", "result":"", "context":Item count: 1
Contributing types: Preferences}
{"logTime": "0401/211654", "correlationVector":"pzZblo/vbYGGrlxFZkZBo7.1","action":"SyncServerConnectionManagerRequest", "result":"SYNC_SERVER_OK", "context":{"environment":"Prod_EastUS_000w", "migrationStage":"MigrationComplete", "server":"GENERAL1100000T"}}
{"logTime": "0401/211654", "correlationVector":"pzZblo/vbYGGrlxFZkZBo7.2","action":"Commit Response", "result":"Success", "context":Result: Success. cV=pzZblo/vbYGGrlxFZkZBo7.0;server=GENERAL1100000T;cloudType=Consumer;environment=Prod_EastUS_000w;migrationStage=MigrationComplete}
{"logTime": "0401/211828", "correlationVector":"N+W4wl6s5sDfHFIAW66VE+","action":"Normal GetUpdate request", "result":"", "context":cV=N+W4wl6s5sDfHFIAW66VE+
Notified types: Preferences, Device Info}
{"logTime": "0401/211829", "correlationVector":"N+W4wl6s5sDfHFIAW66VE+.1","action":"SyncServerConnectionManagerRequest", "result":"SYNC_SERVER_OK", "context":{"environment":"Prod_EastUS_000w", "migrationStage":"MigrationComplete", "server":"GENERAL11000027"}}
{"logTime": "0401/211829", "correlationVector":"N+W4wl6s5sDfHFIAW66VE+.2","action":"GetUpdates Response", "result":"Success", "context":Received 3 update(s). cV=N+W4wl6s5sDfHFIAW66VE+.0;server=GENERAL11000027;cloudType=Consumer;environment=Prod_EastUS_000w;migrationStage=MigrationComplete}
{"logTime": "0401/212148", "correlationVector":"pKKdOQ+YdKVcAPITSrT1o1","action":"Normal GetUpdate request", "result":"", "context":cV=pKKdOQ+YdKVcAPITSrT1o1
Refresh requested types: Bookmarks, Preferences, Passwords, Typed URLs, Extensions, Sessions, Extension settings, History Delete Directives, Device Info, User Consents, Send Tab To Self, Web Apps, Collection, Edge E Drop, Edge Hub App Usage, Edge Tab Group, Edge Wallet, Encryption Keys}
{"logTime": "0401/212149", "correlationVector":"pKKdOQ+YdKVcAPITSrT1o1.1","action":"SyncServerConnectionManagerRequest", "result":"SYNC_SERVER_OK", "context":{"environment":"Prod_EastUS_000w", "migrationStage":"MigrationComplete", "server":"GENERAL1100002Y"}}
{"logTime": "0401/212149", "correlationVector":"pKKdOQ+YdKVcAPITSrT1o1.2","action":"GetUpdates Response", "result":"Success", "context":Received 0 update(s). cV=pKKdOQ+YdKVcAPITSrT1o1.0;server=GENERAL1100002Y;cloudType=Consumer;environment=Prod_EastUS_000w;migrationStage=MigrationComplete}
{"logTime": "0401/214105", "correlationVector":"sQbxa9r9x8dQYiVOVKiD/e","action":"Commit Request", "result":"", "context":Item count: 3
Contributing types: Sessions, Extension settings}
{"logTime": "0401/214106", "correlationVector":"sQbxa9r9x8dQYiVOVKiD/e.1","action":"SyncServerConnectionManagerRequest", "result":"SYNC_SERVER_OK", "context":{"environment":"Prod_NorthCentralUS_000g", "migrationStage":"MigrationComplete", "server":"general0100000W"}}
{"logTime": "0401/214106", "correlationVector":"sQbxa9r9x8dQYiVOVKiD/e.2","action":"Commit Response", "result":"Success", "context":Result: Success. cV=sQbxa9r9x8dQYiVOVKiD/e.0;server=general0100000W;cloudType=Consumer;environment=Prod_NorthCentralUS_000g;migrationStage=MigrationComplete}
{"logTime": "0401/214106", "correlationVector":"TgvMJAkdoidwgigDE/zg4e","action":"Commit Request", "result":"", "context":Item count: 2
Contributing types: Extension settings}
{"logTime": "0401/214106", "correlationVector":"TgvMJAkdoidwgigDE/zg4e.1","action":"SyncServerConnectionManagerRequest", "result":"SYNC_SERVER_OK", "context":{"environment":"Prod_NorthCentralUS_000g", "migrationStage":"MigrationComplete", "server":"GENERAL01000019"}}
{"logTime": "0401/214106", "correlationVector":"TgvMJAkdoidwgigDE/zg4e.2","action":"Commit Response", "result":"Success", "context":Result: Success. cV=TgvMJAkdoidwgigDE/zg4e.0;server=GENERAL01000019;cloudType=Consumer;environment=Prod_NorthCentralUS_000g;migrationStage=MigrationComplete}
{"logTime": "0401/214106", "correlationVector":"ernHVdeQ4RfvtS9VskGex2","action":"Commit Request", "result":"", "context":Item count: 2
Contributing types: Sessions, Extension settings}
{"logTime": "0401/214107", "correlationVector":"ernHVdeQ4RfvtS9VskGex2.1","action":"SyncServerConnectionManagerRequest", "result":"SYNC_SERVER_OK", "context":{"environment":"Prod_NorthCentralUS_000g", "migrationStage":"MigrationComplete", "server":"GENERAL01000028"}}
{"logTime": "0401/214107", "correlationVector":"ernHVdeQ4RfvtS9VskGex2.2","action":"Commit Response", "result":"Success", "context":Result: Success. cV=ernHVdeQ4RfvtS9VskGex2.0;server=GENERAL01000028;cloudType=Consumer;environment=Prod_NorthCentralUS_000g;migrationStage=MigrationComplete}
{"logTime": "0401/214107", "correlationVector":"HZxtrgun8ZWXgiApfRJq+r","action":"Commit Request", "result":"", "context":Item count: 1
Contributing types: Extension settings}
{"logTime": "0401/214107", "correlationVector":"HZxtrgun8ZWXgiApfRJq+r.1","action":"SyncServerConnectionManagerRequest", "result":"SYNC_SERVER_OK", "context":{"environment":"Prod_NorthCentralUS_000g", "migrationStage":"MigrationComplete", "server":"GENERAL0100002P"}}
{"logTime": "0401/214107", "correlationVector":"HZxtrgun8ZWXgiApfRJq+r.2","action":"Commit Response", "result":"Success", "context":Result: Success. cV=HZxtrgun8ZWXgiApfRJq+r.0;server=GENERAL0100002P;cloudType=Consumer;environment=Prod_NorthCentralUS_000g;migrationStage=MigrationComplete}
{"logTime": "0401/214114", "correlationVector":"UsqKz9FjUefDyisGyDMvN5","action":"Commit Request", "result":"", "context":Item count: 2
Contributing types: Extension settings}
{"logTime": "0401/214114", "correlationVector":"UsqKz9FjUefDyisGyDMvN5.1","action":"SyncServerConnectionManagerRequest", "result":"SYNC_SERVER_OK", "context":{"environment":"Prod_NorthCentralUS_000g", "migrationStage":"MigrationComplete", "server":"GENERAL01000009"}}
{"logTime": "0401/214114", "correlationVector":"UsqKz9FjUefDyisGyDMvN5.2","action":"Commit Response", "result":"Success", "context":Result: Success. cV=UsqKz9FjUefDyisGyDMvN5.0;server=GENERAL01000009;cloudType=Consumer;environment=Prod_NorthCentralUS_000g;migrationStage=MigrationComplete}
{"logTime": "0401/214145", "correlationVector":"PPmxu+0amg6OTh8CkaxqEW","action":"Commit Request", "result":"", "context":Item count: 2
Contributing types: Sessions, Extension settings}
{"logTime": "0401/214145", "correlationVector":"PPmxu+0amg6OTh8CkaxqEW.1","action":"SyncServerConnectionManagerRequest", "result":"SYNC_SERVER_OK", "context":{"environment":"Prod_NorthCentralUS_000g", "migrationStage":"MigrationComplete", "server":"GENERAL0100000F"}}
{"logTime": "0401/214145", "correlationVector":"PPmxu+0amg6OTh8CkaxqEW.2","action":"Commit Response", "result":"Success", "context":Result: Success. cV=PPmxu+0amg6OTh8CkaxqEW.0;server=GENERAL0100000F;cloudType=Consumer;environment=Prod_NorthCentralUS_000g;migrationStage=MigrationComplete}
{"logTime": "0401/214150", "correlationVector":"jmp+tHxLIUNvqUoSPEb9KZ","action":"Commit Request", "result":"", "context":Item count: 2
Contributing types: Sessions, Extension settings}
{"logTime": "0401/214150", "correlationVector":"jmp+tHxLIUNvqUoSPEb9KZ.1","action":"SyncServerConnectionManagerRequest", "result":"SYNC_SERVER_OK", "context":{"environment":"Prod_NorthCentralUS_000g", "migrationStage":"MigrationComplete", "server":"GENERAL01000011"}}
{"logTime": "0401/214150", "correlationVector":"jmp+tHxLIUNvqUoSPEb9KZ.2","action":"Commit Response", "result":"Success", "context":Result: Success. cV=jmp+tHxLIUNvqUoSPEb9KZ.0;server=GENERAL01000011;cloudType=Consumer;environment=Prod_NorthCentralUS_000g;migrationStage=MigrationComplete}
{"logTime": "0401/214152", "correlationVector":"vM6WUnugXnfd4OEW04Hldg","action":"Commit Request", "result":"", "context":Item count: 1
Contributing types: Extension settings}
{"logTime": "0401/214152", "correlationVector":"vM6WUnugXnfd4OEW04Hldg.1","action":"SyncServerConnectionManagerRequest", "result":"SYNC_SERVER_OK", "context":{"environment":"Prod_NorthCentralUS_000g", "migrationStage":"MigrationComplete", "server":"GENERAL01000019"}}
{"logTime": "0401/214152", "correlationVector":"vM6WUnugXnfd4OEW04Hldg.2","action":"Commit Response", "result":"Success", "context":Result: Success. cV=vM6WUnugXnfd4OEW04Hldg.0;server=GENERAL01000019;cloudType=Consumer;environment=Prod_NorthCentralUS_000g;migrationStage=MigrationComplete}
{"logTime": "0401/214155", "correlationVector":"84DmwFVpC7SKxWefTKzTHX","action":"Commit Request", "result":"", "context":Item count: 1
Contributing types: Extension settings}
{"logTime": "0401/214155", "correlationVector":"84DmwFVpC7SKxWefTKzTHX.1","action":"SyncServerConnectionManagerRequest", "result":"SYNC_SERVER_OK", "context":{"environment":"Prod_NorthCentralUS_000g", "migrationStage":"MigrationComplete", "server":"general0100000J"}}
{"logTime": "0401/214155", "correlationVector":"84DmwFVpC7SKxWefTKzTHX.2","action":"Commit Response", "result":"Success", "context":Result: Success. cV=84DmwFVpC7SKxWefTKzTHX.0;server=general0100000J;cloudType=Consumer;environment=Prod_NorthCentralUS_000g;migrationStage=MigrationComplete}
{"logTime": "0401/214159", "correlationVector":"BnjX3jfXCKkFAsbuRXWYiH","action":"Commit Request", "result":"", "context":Item count: 1
Contributing types: Extension settings}
{"logTime": "0401/214159", "correlationVector":"BnjX3jfXCKkFAsbuRXWYiH.1","action":"SyncServerConnectionManagerRequest", "result":"SYNC_SERVER_OK", "context":{"environment":"Prod_NorthCentralUS_000g", "migrationStage":"MigrationComplete", "server":"general0100000J"}}
{"logTime": "0401/214159", "correlationVector":"BnjX3jfXCKkFAsbuRXWYiH.2","action":"Commit Response", "result":"Success", "context":Result: Success. cV=BnjX3jfXCKkFAsbuRXWYiH.0;server=general0100000J;cloudType=Consumer;environment=Prod_NorthCentralUS_000g;migrationStage=MigrationComplete}
{"logTime": "0401/214202", "correlationVector":"ZbDOz5pVyVOqwe8kY5QlGn","action":"Commit Request", "result":"", "context":Item count: 1
Contributing types: Extension settings}
{"logTime": "0401/214202", "correlationVector":"ZbDOz5pVyVOqwe8kY5QlGn.1","action":"SyncServerConnectionManagerRequest", "result":"SYNC_SERVER_OK", "context":{"environment":"Prod_NorthCentralUS_000g", "migrationStage":"MigrationComplete", "server":"GENERAL01000028"}}
{"logTime": "0401/214202", "correlationVector":"ZbDOz5pVyVOqwe8kY5QlGn.2","action":"Commit Response", "result":"Success", "context":Result: Success. cV=ZbDOz5pVyVOqwe8kY5QlGn.0;server=GENERAL01000028;cloudType=Consumer;environment=Prod_NorthCentralUS_000g;migrationStage=MigrationComplete}
{"logTime": "0401/214203", "correlationVector":"zgD2aQpaH/fv2zUulWHH5R","action":"Commit Request", "result":"", "context":Item count: 1
Contributing types: Extension settings}
{"logTime": "0401/214203", "correlationVector":"zgD2aQpaH/fv2zUulWHH5R.1","action":"SyncServerConnectionManagerRequest", "result":"SYNC_SERVER_OK", "context":{"environment":"Prod_NorthCentralUS_000g", "migrationStage":"MigrationComplete", "server":"GENERAL01000012"}}
{"logTime": "0401/214203", "correlationVector":"zgD2aQpaH/fv2zUulWHH5R.2","action":"Commit Response", "result":"Success", "context":Result: Success. cV=zgD2aQpaH/fv2zUulWHH5R.0;server=GENERAL01000012;cloudType=Consumer;environment=Prod_NorthCentralUS_000g;migrationStage=MigrationComplete}
{"logTime": "0401/214204", "correlationVector":"sEShLrCDnLvZXk+y0awSSS","action":"Commit Request", "result":"", "context":Item count: 1
Contributing types: Extension settings}
{"logTime": "0401/214204", "correlationVector":"sEShLrCDnLvZXk+y0awSSS.1","action":"SyncServerConnectionManagerRequest", "result":"SYNC_SERVER_OK", "context":{"environment":"Prod_NorthCentralUS_000g", "migrationStage":"MigrationComplete", "server":"GENERAL0100001D"}}
{"logTime": "0401/214204", "correlationVector":"sEShLrCDnLvZXk+y0awSSS.2","action":"Commit Response", "result":"Success", "context":Result: Success. cV=sEShLrCDnLvZXk+y0awSSS.0;server=GENERAL0100001D;cloudType=Consumer;environment=Prod_NorthCentralUS_000g;migrationStage=MigrationComplete}
{"logTime": "0401/214204", "correlationVector":"MqtdwUzcUBRzg6uEOO/UQA","action":"Commit Request", "result":"", "context":Item count: 1
Contributing types: Extension settings}
{"logTime": "0401/214205", "correlationVector":"MqtdwUzcUBRzg6uEOO/UQA.1","action":"SyncServerConnectionManagerRequest", "result":"SYNC_SERVER_OK", "context":{"environment":"Prod_NorthCentralUS_000g", "migrationStage":"MigrationComplete", "server":"GENERAL0100000K"}}
{"logTime": "0401/214205", "correlationVector":"MqtdwUzcUBRzg6uEOO/UQA.2","action":"Commit Response", "result":"Success", "context":Result: Success. cV=MqtdwUzcUBRzg6uEOO/UQA.0;server=GENERAL0100000K;cloudType=Consumer;environment=Prod_NorthCentralUS_000g;migrationStage=MigrationComplete}
{"logTime": "0401/214205", "correlationVector":"N+f1gjSb2Jqy41b6JOC21g","action":"Commit Request", "result":"", "context":Item count: 1
Contributing types: Extension settings}
{"logTime": "0401/214205", "correlationVector":"N+f1gjSb2Jqy41b6JOC21g.1","action":"SyncServerConnectionManagerRequest", "result":"SYNC_SERVER_OK", "context":{"environment":"Prod_NorthCentralUS_000g", "migrationStage":"MigrationComplete", "server":"GENERAL0100000N"}}
{"logTime": "0401/214205", "correlationVector":"N+f1gjSb2Jqy41b6JOC21g.2","action":"Commit Response", "result":"Success", "context":Result: Success. cV=N+f1gjSb2Jqy41b6JOC21g.0;server=GENERAL0100000N;cloudType=Consumer;environment=Prod_NorthCentralUS_000g;migrationStage=MigrationComplete}
{"logTime": "0401/214205", "correlationVector":"4ZcktMknuFtqp1ZISBZy9W","action":"Commit Request", "result":"", "context":Item count: 1
Contributing types: Extension settings}
{"logTime": "0401/214205", "correlationVector":"4ZcktMknuFtqp1ZISBZy9W.1","action":"SyncServerConnectionManagerRequest", "result":"SYNC_SERVER_OK", "context":{"environment":"Prod_NorthCentralUS_000g", "migrationStage":"MigrationComplete", "server":"GENERAL01000019"}}
{"logTime": "0401/214205", "correlationVector":"4ZcktMknuFtqp1ZISBZy9W.2","action":"Commit Response", "result":"Success", "context":Result: Success. cV=4ZcktMknuFtqp1ZISBZy9W.0;server=GENERAL01000019;cloudType=Consumer;environment=Prod_NorthCentralUS_000g;migrationStage=MigrationComplete}
{"logTime": "0401/214206", "correlationVector":"0c8Pg0kJ0iKCiZ91nMtN0K","action":"Commit Request", "result":"", "context":Item count: 1
Contributing types: Extension settings}
{"logTime": "0401/214206", "correlationVector":"0c8Pg0kJ0iKCiZ91nMtN0K.1","action":"SyncServerConnectionManagerRequest", "result":"SYNC_SERVER_OK", "context":{"environment":"Prod_NorthCentralUS_000g", "migrationStage":"MigrationComplete", "server":"GENERAL0100000F"}}
{"logTime": "0401/214206", "correlationVector":"0c8Pg0kJ0iKCiZ91nMtN0K.2","action":"Commit Response", "result":"Success", "context":Result: Success. cV=0c8Pg0kJ0iKCiZ91nMtN0K.0;server=GENERAL0100000F;cloudType=Consumer;environment=Prod_NorthCentralUS_000g;migrationStage=MigrationComplete}
{"logTime": "0401/214206", "correlationVector":"nQnYN9V+ZMQXQJSQTBi1gh","action":"Commit Request", "result":"", "context":Item count: 1
Contributing types: Extension settings}
{"logTime": "0401/214207", "correlationVector":"nQnYN9V+ZMQXQJSQTBi1gh.1","action":"SyncServerConnectionManagerRequest", "result":"SYNC_SERVER_OK", "context":{"environment":"Prod_NorthCentralUS_000g", "migrationStage":"MigrationComplete", "server":"general0100000W"}}
{"logTime": "0401/214207", "correlationVector":"nQnYN9V+ZMQXQJSQTBi1gh.2","action":"Commit Response", "result":"Success", "context":Result: Success. cV=nQnYN9V+ZMQXQJSQTBi1gh.0;server=general0100000W;cloudType=Consumer;environment=Prod_NorthCentralUS_000g;migrationStage=MigrationComplete}
{"logTime": "0401/214208", "correlationVector":"hcFs4v8IbjiY4Sshi71N1P","action":"Commit Request", "result":"", "context":Item count: 1
Contributing types: Extension settings}
{"logTime": "0401/214208", "correlationVector":"hcFs4v8IbjiY4Sshi71N1P.1","action":"SyncServerConnectionManagerRequest", "result":"SYNC_SERVER_OK", "context":{"environment":"Prod_NorthCentralUS_000g", "migrationStage":"MigrationComplete", "server":"GENERAL0100002B"}}
{"logTime": "0401/214208", "correlationVector":"hcFs4v8IbjiY4Sshi71N1P.2","action":"Commit Response", "result":"Success", "context":Result: Success. cV=hcFs4v8IbjiY4Sshi71N1P.0;server=GENERAL0100002B;cloudType=Consumer;environment=Prod_NorthCentralUS_000g;migrationStage=MigrationComplete}
{"logTime": "0401/214210", "correlationVector":"q54a9KLAre/9zPfJaKJ+Z5","action":"Commit Request", "result":"", "context":Item count: 1
Contributing types: Extension settings}
{"logTime": "0401/214211", "correlationVector":"q54a9KLAre/9zPfJaKJ+Z5.1","action":"SyncServerConnectionManagerRequest", "result":"SYNC_SERVER_OK", "context":{"environment":"Prod_NorthCentralUS_000g", "migrationStage":"MigrationComplete", "server":"GENERAL0100000F"}}
{"logTime": "0401/214211", "correlationVector":"q54a9KLAre/9zPfJaKJ+Z5.2","action":"Commit Response", "result":"Success", "context":Result: Success. cV=q54a9KLAre/9zPfJaKJ+Z5.0;server=GENERAL0100000F;cloudType=Consumer;environment=Prod_NorthCentralUS_000g;migrationStage=MigrationComplete}
{"logTime": "0401/214212", "correlationVector":"wCIfCZer/1FsBo15w9PlXf","action":"Commit Request", "result":"", "context":Item count: 1
Contributing types: Extension settings}
{"logTime": "0401/214212", "correlationVector":"wCIfCZer/1FsBo15w9PlXf.1","action":"SyncServerConnectionManagerRequest", "result":"SYNC_SERVER_OK", "context":{"environment":"Prod_NorthCentralUS_000g", "migrationStage":"MigrationComplete", "server":"GENERAL0100002T"}}
{"logTime": "0401/214212", "correlationVector":"wCIfCZer/1FsBo15w9PlXf.2","action":"Commit Response", "result":"Success", "context":Result: Success. cV=wCIfCZer/1FsBo15w9PlXf.0;server=GENERAL0100002T;cloudType=Consumer;environment=Prod_NorthCentralUS_000g;migrationStage=MigrationComplete}
{"logTime": "0401/214212", "correlationVector":"/+epEUhOlk53h6/JsZqxBB","action":"Commit Request", "result":"", "context":Item count: 1
Contributing types: Extension settings}
{"logTime": "0401/214212", "correlationVector":"/+epEUhOlk53h6/JsZqxBB.1","action":"SyncServerConnectionManagerRequest", "result":"SYNC_SERVER_OK", "context":{"environment":"Prod_NorthCentralUS_000g", "migrationStage":"MigrationComplete", "server":"GENERAL0100001V"}}
{"logTime": "0401/214212", "correlationVector":"/+epEUhOlk53h6/JsZqxBB.2","action":"Commit Response", "result":"Success", "context":Result: Success. cV=/+epEUhOlk53h6/JsZqxBB.0;server=GENERAL0100001V;cloudType=Consumer;environment=Prod_NorthCentralUS_000g;migrationStage=MigrationComplete}
{"logTime": "0401/214213", "correlationVector":"K+drWddjV0+cyZFf+3+Tze","action":"Commit Request", "result":"", "context":Item count: 1
Contributing types: Extension settings}
{"logTime": "0401/214213", "correlationVector":"K+drWddjV0+cyZFf+3+Tze.1","action":"SyncServerConnectionManagerRequest", "result":"SYNC_SERVER_OK", "context":{"environment":"Prod_NorthCentralUS_000g", "migrationStage":"MigrationComplete", "server":"GENERAL0100000N"}}
{"logTime": "0401/214213", "correlationVector":"K+drWddjV0+cyZFf+3+Tze.2","action":"Commit Response", "result":"Success", "context":Result: Success. cV=K+drWddjV0+cyZFf+3+Tze.0;server=GENERAL0100000N;cloudType=Consumer;environment=Prod_NorthCentralUS_000g;migrationStage=MigrationComplete}
{"logTime": "0401/214317", "correlationVector":"jmwXF2SkJQqaLTX1bhIMWt","action":"Commit Request", "result":"", "context":Item count: 2
Contributing types: Typed URLs, Sessions}
{"logTime": "0401/214317", "correlationVector":"jmwXF2SkJQqaLTX1bhIMWt.1","action":"SyncServerConnectionManagerRequest", "result":"SYNC_SERVER_OK", "context":{"environment":"Prod_NorthCentralUS_000g", "migrationStage":"MigrationComplete", "server":"GENERAL0100002P"}}
{"logTime": "0401/214317", "correlationVector":"jmwXF2SkJQqaLTX1bhIMWt.2","action":"Commit Response", "result":"Success", "context":Result: Success. cV=jmwXF2SkJQqaLTX1bhIMWt.0;server=GENERAL0100002P;cloudType=Consumer;environment=Prod_NorthCentralUS_000g;migrationStage=MigrationComplete}
{"logTime": "0401/214414", "correlationVector":"nCI7V+5L4RMx2vY9Jx0Kj0","action":"Commit Request", "result":"", "context":Item count: 4
Contributing types: Typed URLs, Sessions, Extension settings}
{"logTime": "0401/214414", "correlationVector":"nCI7V+5L4RMx2vY9Jx0Kj0.1","action":"SyncServerConnectionManagerRequest", "result":"SYNC_SERVER_OK", "context":{"environment":"Prod_NorthCentralUS_000g", "migrationStage":"MigrationComplete", "server":"GENERAL0100000K"}}
{"logTime": "0401/214414", "correlationVector":"nCI7V+5L4RMx2vY9Jx0Kj0.2","action":"Commit Response", "result":"Success", "context":Result: Success. cV=nCI7V+5L4RMx2vY9Jx0Kj0.0;server=GENERAL0100000K;cloudType=Consumer;environment=Prod_NorthCentralUS_000g;migrationStage=MigrationComplete}
{"logTime": "0401/214439", "correlationVector":"UY/RfTrIhIFpY/S/9B4i1w","action":"Commit Request", "result":"", "context":Item count: 4
Contributing types: Preferences, Sessions}
{"logTime": "0401/214439", "correlationVector":"UY/RfTrIhIFpY/S/9B4i1w.1","action":"SyncServerConnectionManagerRequest", "result":"SYNC_SERVER_OK", "context":{"environment":"Prod_NorthCentralUS_000g", "migrationStage":"MigrationComplete", "server":"GENERAL01000012"}}
{"logTime": "0401/214439", "correlationVector":"UY/RfTrIhIFpY/S/9B4i1w.2","action":"Commit Response", "result":"Success", "context":Result: Success. cV=UY/RfTrIhIFpY/S/9B4i1w.0;server=GENERAL01000012;cloudType=Consumer;environment=Prod_NorthCentralUS_000g;migrationStage=MigrationComplete}
{"logTime": "0401/214442", "correlationVector":"RN99TFFr1OzxnNa8Mqggz5","action":"Commit Request", "result":"", "context":Item count: 2
Contributing types: Preferences, Sessions}
{"logTime": "0401/214442", "correlationVector":"RN99TFFr1OzxnNa8Mqggz5.1","action":"SyncServerConnectionManagerRequest", "result":"SYNC_SERVER_OK", "context":{"environment":"Prod_NorthCentralUS_000g", "migrationStage":"MigrationComplete", "server":"GENERAL0100000K"}}
{"logTime": "0401/214442", "correlationVector":"RN99TFFr1OzxnNa8Mqggz5.2","action":"Commit Response", "result":"Success", "context":Result: Success. cV=RN99TFFr1OzxnNa8Mqggz5.0;server=GENERAL0100000K;cloudType=Consumer;environment=Prod_NorthCentralUS_000g;migrationStage=MigrationComplete}
{"logTime": "0401/214458", "correlationVector":"o0LK3RYfuflFdUk2EVGGxN","action":"Commit Request", "result":"", "context":Item count: 2
Contributing types: Sessions, Extension settings}
{"logTime": "0401/214458", "correlationVector":"o0LK3RYfuflFdUk2EVGGxN.1","action":"SyncServerConnectionManagerRequest", "result":"SYNC_SERVER_OK", "context":{"environment":"Prod_NorthCentralUS_000g", "migrationStage":"MigrationComplete", "server":"GENERAL0100001I"}}
{"logTime": "0401/214458", "correlationVector":"o0LK3RYfuflFdUk2EVGGxN.2","action":"Commit Response", "result":"Success", "context":Result: Success. cV=o0LK3RYfuflFdUk2EVGGxN.0;server=GENERAL0100001I;cloudType=Consumer;environment=Prod_NorthCentralUS_000g;migrationStage=MigrationComplete}
{"logTime": "0401/214505", "correlationVector":"pxwwtqdOsb2wdRFSu2olvB","action":"Commit Request", "result":"", "context":Item count: 1
Contributing types: Extension settings}
{"logTime": "0401/214505", "correlationVector":"pxwwtqdOsb2wdRFSu2olvB.1","action":"SyncServerConnectionManagerRequest", "result":"SYNC_SERVER_OK", "context":{"environment":"Prod_NorthCentralUS_000g", "migrationStage":"MigrationComplete", "server":"GENERAL0100000N"}}
{"logTime": "0401/214505", "correlationVector":"pxwwtqdOsb2wdRFSu2olvB.2","action":"Commit Response", "result":"Success", "context":Result: Success. cV=pxwwtqdOsb2wdRFSu2olvB.0;server=GENERAL0100000N;cloudType=Consumer;environment=Prod_NorthCentralUS_000g;migrationStage=MigrationComplete}
{"logTime": "0401/214505", "correlationVector":"AbAyrxAJHEkZZi6phmaJZa","action":"Commit Request", "result":"", "context":Item count: 1
Contributing types: Extension settings}
{"logTime": "0401/214505", "correlationVector":"AbAyrxAJHEkZZi6phmaJZa.1","action":"SyncServerConnectionManagerRequest", "result":"SYNC_SERVER_OK", "context":{"environment":"Prod_NorthCentralUS_000g", "migrationStage":"MigrationComplete", "server":"GENERAL0100000G"}}
{"logTime": "0401/214505", "correlationVector":"AbAyrxAJHEkZZi6phmaJZa.2","action":"Commit Response", "result":"Success", "context":Result: Success. cV=AbAyrxAJHEkZZi6phmaJZa.0;server=GENERAL0100000G;cloudType=Consumer;environment=Prod_NorthCentralUS_000g;migrationStage=MigrationComplete}
{"logTime": "0401/214506", "correlationVector":"jPK+8JoCQEav17xwaqZ7ut","action":"Commit Request", "result":"", "context":Item count: 1
Contributing types: Extension settings}
{"logTime": "0401/214506", "correlationVector":"jPK+8JoCQEav17xwaqZ7ut.1","action":"SyncServerConnectionManagerRequest", "result":"SYNC_SERVER_OK", "context":{"environment":"Prod_NorthCentralUS_000g", "migrationStage":"MigrationComplete", "server":"GENERAL01000019"}}
{"logTime": "0401/214506", "correlationVector":"jPK+8JoCQEav17xwaqZ7ut.2","action":"Commit Response", "result":"Success", "context":Result: Success. cV=jPK+8JoCQEav17xwaqZ7ut.0;server=GENERAL01000019;cloudType=Consumer;environment=Prod_NorthCentralUS_000g;migrationStage=MigrationComplete}
{"logTime": "0401/214507", "correlationVector":"lGgz36f7VGtAP5V7pRFfXR","action":"Commit Request", "result":"", "context":Item count: 1
Contributing types: Extension settings}
{"logTime": "0401/214508", "correlationVector":"lGgz36f7VGtAP5V7pRFfXR.1","action":"SyncServerConnectionManagerRequest", "result":"SYNC_SERVER_OK", "context":{"environment":"Prod_NorthCentralUS_000g", "migrationStage":"MigrationComplete", "server":"GENERAL0100002U"}}
{"logTime": "0401/214508", "correlationVector":"lGgz36f7VGtAP5V7pRFfXR.2","action":"Commit Response", "result":"Success", "context":Result: Success. cV=lGgz36f7VGtAP5V7pRFfXR.0;server=GENERAL0100002U;cloudType=Consumer;environment=Prod_NorthCentralUS_000g;migrationStage=MigrationComplete}
{"logTime": "0401/214508", "correlationVector":"nMFNO2DJvuiAYL4GH79hN3","action":"Commit Request", "result":"", "context":Item count: 1
Contributing types: Extension settings}
{"logTime": "0401/214508", "correlationVector":"nMFNO2DJvuiAYL4GH79hN3.1","action":"SyncServerConnectionManagerRequest", "result":"SYNC_SERVER_OK", "context":{"environment":"Prod_NorthCentralUS_000g", "migrationStage":"MigrationComplete", "server":"GENERAL0100002R"}}
{"logTime": "0401/214508", "correlationVector":"nMFNO2DJvuiAYL4GH79hN3.2","action":"Commit Response", "result":"Success", "context":Result: Success. cV=nMFNO2DJvuiAYL4GH79hN3.0;server=GENERAL0100002R;cloudType=Consumer;environment=Prod_NorthCentralUS_000g;migrationStage=MigrationComplete}
{"logTime": "0401/214555", "correlationVector":"JKDX49NxGtRF9UXCYhXllC","action":"Commit Request", "result":"", "context":Item count: 1
Contributing types: Extension settings}
{"logTime": "0401/214555", "correlationVector":"JKDX49NxGtRF9UXCYhXllC.1","action":"SyncServerConnectionManagerRequest", "result":"SYNC_SERVER_OK", "context":{"environment":"Prod_NorthCentralUS_000g", "migrationStage":"MigrationComplete", "server":"GENERAL0100000B"}}
{"logTime": "0401/214555", "correlationVector":"JKDX49NxGtRF9UXCYhXllC.2","action":"Commit Response", "result":"Success", "context":Result: Success. cV=JKDX49NxGtRF9UXCYhXllC.0;server=GENERAL0100000B;cloudType=Consumer;environment=Prod_NorthCentralUS_000g;migrationStage=MigrationComplete}
{"logTime": "0401/214555", "correlationVector":"63H7ouA2WYbwQGByylpcJJ","action":"Commit Request", "result":"", "context":Item count: 1
Contributing types: Extension settings}
{"logTime": "0401/214556", "correlationVector":"63H7ouA2WYbwQGByylpcJJ.1","action":"SyncServerConnectionManagerRequest", "result":"SYNC_SERVER_OK", "context":{"environment":"Prod_NorthCentralUS_000g", "migrationStage":"MigrationComplete", "server":"general0100000J"}}
{"logTime": "0401/214556", "correlationVector":"63H7ouA2WYbwQGByylpcJJ.2","action":"Commit Response", "result":"Success", "context":Result: Success. cV=63H7ouA2WYbwQGByylpcJJ.0;server=general0100000J;cloudType=Consumer;environment=Prod_NorthCentralUS_000g;migrationStage=MigrationComplete}
{"logTime": "0401/214556", "correlationVector":"SaGc1CUbFhqlPH7Y6FVcCE","action":"Commit Request", "result":"", "context":Item count: 1
Contributing types: Extension settings}
{"logTime": "0401/214556", "correlationVector":"SaGc1CUbFhqlPH7Y6FVcCE.1","action":"SyncServerConnectionManagerRequest", "result":"SYNC_SERVER_OK", "context":{"environment":"Prod_NorthCentralUS_000g", "migrationStage":"MigrationComplete", "server":"GENERAL01000009"}}
{"logTime": "0401/214556", "correlationVector":"SaGc1CUbFhqlPH7Y6FVcCE.2","action":"Commit Response", "result":"Success", "context":Result: Success. cV=SaGc1CUbFhqlPH7Y6FVcCE.0;server=GENERAL01000009;cloudType=Consumer;environment=Prod_NorthCentralUS_000g;migrationStage=MigrationComplete}
{"logTime": "0401/214556", "correlationVector":"5dynN8h9X36eV4MdnQKE0Q","action":"Commit Request", "result":"", "context":Item count: 1
Contributing types: Extension settings}
{"logTime": "0401/214556", "correlationVector":"5dynN8h9X36eV4MdnQKE0Q.1","action":"SyncServerConnectionManagerRequest", "result":"SYNC_SERVER_OK", "context":{"environment":"Prod_NorthCentralUS_000g", "migrationStage":"MigrationComplete", "server":"GENERAL0100002B"}}
{"logTime": "0401/214556", "correlationVector":"5dynN8h9X36eV4MdnQKE0Q.2","action":"Commit Response", "result":"Success", "context":Result: Success. cV=5dynN8h9X36eV4MdnQKE0Q.0;server=GENERAL0100002B;cloudType=Consumer;environment=Prod_NorthCentralUS_000g;migrationStage=MigrationComplete}
{"logTime": "0401/214557", "correlationVector":"p2s7lM5aRUtBfbguTiKwSc","action":"Commit Request", "result":"", "context":Item count: 1
Contributing types: Extension settings}
{"logTime": "0401/214557", "correlationVector":"p2s7lM5aRUtBfbguTiKwSc.1","action":"SyncServerConnectionManagerRequest", "result":"SYNC_SERVER_OK", "context":{"environment":"Prod_NorthCentralUS_000g", "migrationStage":"MigrationComplete", "server":"GENERAL01000009"}}
{"logTime": "0401/214557", "correlationVector":"p2s7lM5aRUtBfbguTiKwSc.2","action":"Commit Response", "result":"Success", "context":Result: Success. cV=p2s7lM5aRUtBfbguTiKwSc.0;server=GENERAL01000009;cloudType=Consumer;environment=Prod_NorthCentralUS_000g;migrationStage=MigrationComplete}
{"logTime": "0401/214559", "correlationVector":"ZxWU1EYdU3+aPDDCqKoJVa","action":"Commit Request", "result":"", "context":Item count: 1
Contributing types: Extension settings}
{"logTime": "0401/214559", "correlationVector":"ZxWU1EYdU3+aPDDCqKoJVa.1","action":"SyncServerConnectionManagerRequest", "result":"SYNC_SERVER_OK", "context":{"environment":"Prod_NorthCentralUS_000g", "migrationStage":"MigrationComplete", "server":"GENERAL0100002T"}}
{"logTime": "0401/214559", "correlationVector":"ZxWU1EYdU3+aPDDCqKoJVa.2","action":"Commit Response", "result":"Success", "context":Result: Success. cV=ZxWU1EYdU3+aPDDCqKoJVa.0;server=GENERAL0100002T;cloudType=Consumer;environment=Prod_NorthCentralUS_000g;migrationStage=MigrationComplete}
{"logTime": "0401/214559", "correlationVector":"/yhZ3CifHDmRo7IlK0eBr0","action":"Commit Request", "result":"", "context":Item count: 1
Contributing types: Extension settings}
{"logTime": "0401/214559", "correlationVector":"/yhZ3CifHDmRo7IlK0eBr0.1","action":"SyncServerConnectionManagerRequest", "result":"SYNC_SERVER_OK", "context":{"environment":"Prod_NorthCentralUS_000g", "migrationStage":"MigrationComplete", "server":"GENERAL01000009"}}
{"logTime": "0401/214559", "correlationVector":"/yhZ3CifHDmRo7IlK0eBr0.2","action":"Commit Response", "result":"Success", "context":Result: Success. cV=/yhZ3CifHDmRo7IlK0eBr0.0;server=GENERAL01000009;cloudType=Consumer;environment=Prod_NorthCentralUS_000g;migrationStage=MigrationComplete}
{"logTime": "0401/214601", "correlationVector":"A+AgwK7ODU1XwKNhPR5kEZ","action":"Commit Request", "result":"", "context":Item count: 1
Contributing types: Extension settings}
{"logTime": "0401/214601", "correlationVector":"A+AgwK7ODU1XwKNhPR5kEZ.1","action":"SyncServerConnectionManagerRequest", "result":"SYNC_SERVER_OK", "context":{"environment":"Prod_NorthCentralUS_000g", "migrationStage":"MigrationComplete", "server":"GENERAL0100001Q"}}
{"logTime": "0401/214601", "correlationVector":"A+AgwK7ODU1XwKNhPR5kEZ.2","action":"Commit Response", "result":"Success", "context":Result: Success. cV=A+AgwK7ODU1XwKNhPR5kEZ.0;server=GENERAL0100001Q;cloudType=Consumer;environment=Prod_NorthCentralUS_000g;migrationStage=MigrationComplete}
{"logTime": "0401/214604", "correlationVector":"UtCLQeY11GxS4uvIE4lEan","action":"Commit Request", "result":"", "context":Item count: 1
Contributing types: Extension settings}
{"logTime": "0401/214604", "correlationVector":"UtCLQeY11GxS4uvIE4lEan.1","action":"SyncServerConnectionManagerRequest", "result":"SYNC_SERVER_OK", "context":{"environment":"Prod_NorthCentralUS_000g", "migrationStage":"MigrationComplete", "server":"GENERAL0100002K"}}
{"logTime": "0401/214604", "correlationVector":"UtCLQeY11GxS4uvIE4lEan.2","action":"Commit Response", "result":"Success", "context":Result: Success. cV=UtCLQeY11GxS4uvIE4lEan.0;server=GENERAL0100002K;cloudType=Consumer;environment=Prod_NorthCentralUS_000g;migrationStage=MigrationComplete}
{"logTime": "0401/214605", "correlationVector":"7JAT1gdvjalPEWEbJ+3m/U","action":"Commit Request", "result":"", "context":Item count: 1
Contributing types: Extension settings}
{"logTime": "0401/214605", "correlationVector":"7JAT1gdvjalPEWEbJ+3m/U.1","action":"SyncServerConnectionManagerRequest", "result":"SYNC_SERVER_OK", "context":{"environment":"Prod_NorthCentralUS_000g", "migrationStage":"MigrationComplete", "server":"GENERAL01000009"}}
{"logTime": "0401/214605", "correlationVector":"7JAT1gdvjalPEWEbJ+3m/U.2","action":"Commit Response", "result":"Success", "context":Result: Success. cV=7JAT1gdvjalPEWEbJ+3m/U.0;server=GENERAL01000009;cloudType=Consumer;environment=Prod_NorthCentralUS_000g;migrationStage=MigrationComplete}
{"logTime": "0401/214606", "correlationVector":"zXDj8L0QXiGSDjjFss1E0T","action":"Commit Request", "result":"", "context":Item count: 1
Contributing types: Extension settings}
{"logTime": "0401/214607", "correlationVector":"zXDj8L0QXiGSDjjFss1E0T.1","action":"SyncServerConnectionManagerRequest", "result":"SYNC_SERVER_OK", "context":{"environment":"Prod_NorthCentralUS_000g", "migrationStage":"MigrationComplete", "server":"GENERAL0100002U"}}
{"logTime": "0401/214607", "correlationVector":"zXDj8L0QXiGSDjjFss1E0T.2","action":"Commit Response", "result":"Success", "context":Result: Success. cV=zXDj8L0QXiGSDjjFss1E0T.0;server=GENERAL0100002U;cloudType=Consumer;environment=Prod_NorthCentralUS_000g;migrationStage=MigrationComplete}
{"logTime": "0401/214609", "correlationVector":"sf189mRL8eWgaf2WnEF1M7","action":"Commit Request", "result":"", "context":Item count: 1
Contributing types: Extension settings}
{"logTime": "0401/214609", "correlationVector":"sf189mRL8eWgaf2WnEF1M7.1","action":"SyncServerConnectionManagerRequest", "result":"SYNC_SERVER_OK", "context":{"environment":"Prod_NorthCentralUS_000g", "migrationStage":"MigrationComplete", "server":"GENERAL01000018"}}
{"logTime": "0401/214609", "correlationVector":"sf189mRL8eWgaf2WnEF1M7.2","action":"Commit Response", "result":"Success", "context":Result: Success. cV=sf189mRL8eWgaf2WnEF1M7.0;server=GENERAL01000018;cloudType=Consumer;environment=Prod_NorthCentralUS_000g;migrationStage=MigrationComplete}
{"logTime": "0401/214728", "correlationVector":"1r/mhja4w7/Hdb2gy9Xn/0","action":"Commit Request", "result":"", "context":Item count: 1
Contributing types: Extension settings}
{"logTime": "0401/214728", "correlationVector":"1r/mhja4w7/Hdb2gy9Xn/0.1","action":"SyncServerConnectionManagerRequest", "result":"SYNC_SERVER_OK", "context":{"environment":"Prod_NorthCentralUS_000g", "migrationStage":"MigrationComplete", "server":"GENERAL0100001I"}}
{"logTime": "0401/214728", "correlationVector":"1r/mhja4w7/Hdb2gy9Xn/0.2","action":"Commit Response", "result":"Success", "context":Result: Success. cV=1r/mhja4w7/Hdb2gy9Xn/0.0;server=GENERAL0100001I;cloudType=Consumer;environment=Prod_NorthCentralUS_000g;migrationStage=MigrationComplete}
{"logTime": "0401/214730", "correlationVector":"VNx94w17ew9qR4hWTTl5Ay","action":"Commit Request", "result":"", "context":Item count: 1
Contributing types: Extension settings}
{"logTime": "0401/214730", "correlationVector":"VNx94w17ew9qR4hWTTl5Ay.1","action":"SyncServerConnectionManagerRequest", "result":"SYNC_SERVER_OK", "context":{"environment":"Prod_NorthCentralUS_000g", "migrationStage":"MigrationComplete", "server":"GENERAL0100001I"}}
{"logTime": "0401/214730", "correlationVector":"VNx94w17ew9qR4hWTTl5Ay.2","action":"Commit Response", "result":"Success", "context":Result: Success. cV=VNx94w17ew9qR4hWTTl5Ay.0;server=GENERAL0100001I;cloudType=Consumer;environment=Prod_NorthCentralUS_000g;migrationStage=MigrationComplete}
{"logTime": "0401/214734", "correlationVector":"8KYwSgESmT0/pQQXGnCiNp","action":"Commit Request", "result":"", "context":Item count: 1
Contributing types: Extension settings}
{"logTime": "0401/214734", "correlationVector":"8KYwSgESmT0/pQQXGnCiNp.1","action":"SyncServerConnectionManagerRequest", "result":"SYNC_SERVER_OK", "context":{"environment":"Prod_NorthCentralUS_000g", "migrationStage":"MigrationComplete", "server":"GENERAL0100000B"}}
{"logTime": "0401/214734", "correlationVector":"8KYwSgESmT0/pQQXGnCiNp.2","action":"Commit Response", "result":"Success", "context":Result: Success. cV=8KYwSgESmT0/pQQXGnCiNp.0;server=GENERAL0100000B;cloudType=Consumer;environment=Prod_NorthCentralUS_000g;migrationStage=MigrationComplete}
{"logTime": "0401/214743", "correlationVector":"xrqlUFjahqwLuQhBikALrh","action":"Commit Request", "result":"", "context":Item count: 3
Contributing types: Preferences, Sessions}
{"logTime": "0401/214743", "correlationVector":"xrqlUFjahqwLuQhBikALrh.1","action":"SyncServerConnectionManagerRequest", "result":"SYNC_SERVER_OK", "context":{"environment":"Prod_NorthCentralUS_000g", "migrationStage":"MigrationComplete", "server":"GENERAL0100000F"}}
{"logTime": "0401/214743", "correlationVector":"xrqlUFjahqwLuQhBikALrh.2","action":"Commit Response", "result":"Success", "context":Result: Success. cV=xrqlUFjahqwLuQhBikALrh.0;server=GENERAL0100000F;cloudType=Consumer;environment=Prod_NorthCentralUS_000g;migrationStage=MigrationComplete}
{"logTime": "0401/214745", "correlationVector":"VdTK03p2Tq9UNHKOL0fLPY","action":"Commit Request", "result":"", "context":Item count: 1
Contributing types: Preferences}
{"logTime": "0401/214745", "correlationVector":"VdTK03p2Tq9UNHKOL0fLPY.1","action":"SyncServerConnectionManagerRequest", "result":"SYNC_SERVER_OK", "context":{"environment":"Prod_NorthCentralUS_000g", "migrationStage":"MigrationComplete", "server":"GENERAL0100001V"}}
{"logTime": "0401/214745", "correlationVector":"VdTK03p2Tq9UNHKOL0fLPY.2","action":"Commit Response", "result":"Success", "context":Result: Success. cV=VdTK03p2Tq9UNHKOL0fLPY.0;server=GENERAL0100001V;cloudType=Consumer;environment=Prod_NorthCentralUS_000g;migrationStage=MigrationComplete}
{"logTime": "0401/214816", "correlationVector":"SwyP7RQ1bfh0+IoUUOqYsa","action":"Commit Request", "result":"", "context":Item count: 4
Contributing types: Preferences, Sessions, Edge Hub App Usage}
{"logTime": "0401/214817", "correlationVector":"SwyP7RQ1bfh0+IoUUOqYsa.1","action":"SyncServerConnectionManagerRequest", "result":"SYNC_SERVER_OK", "context":{"environment":"Prod_NorthCentralUS_000g", "migrationStage":"MigrationComplete", "server":"GENERAL0100001V"}}
{"logTime": "0401/214817", "correlationVector":"SwyP7RQ1bfh0+IoUUOqYsa.2","action":"Commit Response", "result":"Success", "context":Result: Success. cV=SwyP7RQ1bfh0+IoUUOqYsa.0;server=GENERAL0100001V;cloudType=Consumer;environment=Prod_NorthCentralUS_000g;migrationStage=MigrationComplete}
{"logTime": "0401/215115", "correlationVector":"3U5+f3Im3QYOxfszGRUYVq","action":"Commit Request", "result":"", "context":Item count: 4
Contributing types: Sessions}
{"logTime": "0401/215115", "correlationVector":"3U5+f3Im3QYOxfszGRUYVq.1","action":"SyncServerConnectionManagerRequest", "result":"SYNC_SERVER_OK", "context":{"environment":"Prod_EastUS_000w", "migrationStage":"NotStarted", "server":"GENERAL1100001N"}}
{"logTime": "0401/215115", "correlationVector":"3U5+f3Im3QYOxfszGRUYVq.3","action":"Commit.Sessions", "result":"Success", "context":{"id":"65bd382c-afd2-4752-8a77-e344fd20dc87", "isDeleted":"true", "size":"0", "version":"1712008097060"}}
{"logTime": "0401/215115", "correlationVector":"3U5+f3Im3QYOxfszGRUYVq.4","action":"Commit.Sessions", "result":"Success", "context":{"id":"e32f9624-8c4d-4d4c-83e7-61378bc1d583", "isDeleted":"true", "size":"0", "version":"1712008063162"}}
{"logTime": "0401/215115", "correlationVector":"3U5+f3Im3QYOxfszGRUYVq.5","action":"Commit.Sessions", "result":"Success", "context":{"id":"2333076d-ed0f-46fe-b411-ffd5f1f68ca1", "isDeleted":"true", "size":"0", "version":"1712007882825"}}
{"logTime": "0401/215115", "correlationVector":"3U5+f3Im3QYOxfszGRUYVq.2","action":"Commit Response", "result":"Success", "context":Result: Success. cV=3U5+f3Im3QYOxfszGRUYVq.0;server=GENERAL1100001N;cloudType=Consumer;environment=Prod_EastUS_000w;migrationStage=NotStarted}
{"logTime": "0401/215920", "correlationVector":"ntvEgTynUyrXWYieZA8l8z","action":"Commit Request", "result":"", "context":Item count: 2
Contributing types: Edge Hub App Usage}
{"logTime": "0401/215920", "correlationVector":"ntvEgTynUyrXWYieZA8l8z.1","action":"SyncServerConnectionManagerRequest", "result":"SYNC_SERVER_OK", "context":{"environment":"Prod_NorthCentralUS_000g", "migrationStage":"MigrationComplete", "server":"GENERAL0100000N"}}
{"logTime": "0401/215920", "correlationVector":"ntvEgTynUyrXWYieZA8l8z.2","action":"Commit Response", "result":"Success", "context":Result: Success. cV=ntvEgTynUyrXWYieZA8l8z.0;server=GENERAL0100000N;cloudType=Consumer;environment=Prod_NorthCentralUS_000g;migrationStage=MigrationComplete}
{"logTime": "0401/220749", "correlationVector":"D05JSO8apju+pY9pwpZ1V6","action":"Commit Request", "result":"", "context":Item count: 1
Contributing types: Sessions}
{"logTime": "0401/220749", "correlationVector":"D05JSO8apju+pY9pwpZ1V6.1","action":"SyncServerConnectionManagerRequest", "result":"SYNC_SERVER_OK", "context":{"environment":"Prod_CentralUS_000t", "migrationStage":"NotStarted", "server":"general1100000F"}}
{"logTime": "0401/220749", "correlationVector":"D05JSO8apju+pY9pwpZ1V6.2","action":"Commit Response", "result":"Success", "context":Result: Success. cV=D05JSO8apju+pY9pwpZ1V6.0;server=general1100000F;cloudType=Consumer;environment=Prod_CentralUS_000t;migrationStage=NotStarted}
{"logTime": "0401/221010", "correlationVector":"xk0DY+exmHqMZPRIeVvKpk","action":"Commit Request", "result":"", "context":Item count: 1
Contributing types: Sessions}
{"logTime": "0401/221010", "correlationVector":"xk0DY+exmHqMZPRIeVvKpk.1","action":"SyncServerConnectionManagerRequest", "result":"SYNC_SERVER_OK", "context":{"environment":"Prod_NorthCentralUS_000g", "migrationStage":"NotStarted", "server":"GENERAL01000012"}}
{"logTime": "0401/221010", "correlationVector":"xk0DY+exmHqMZPRIeVvKpk.2","action":"Commit Response", "result":"Success", "context":Result: Success. cV=xk0DY+exmHqMZPRIeVvKpk.0;server=GENERAL01000012;cloudType=Consumer;environment=Prod_NorthCentralUS_000g;migrationStage=NotStarted}
{"logTime": "0401/221226", "correlationVector":"XhpFq8QeBisI9bu/0+fo53","action":"Commit Request", "result":"", "context":Item count: 1
Contributing types: Preferences}
{"logTime": "0401/221227", "correlationVector":"XhpFq8QeBisI9bu/0+fo53.1","action":"SyncServerConnectionManagerRequest", "result":"SYNC_SERVER_OK", "context":{"environment":"Prod_EastUS_000w", "migrationStage":"MigrationComplete", "server":"GENERAL11000023"}}
{"logTime": "0401/221227", "correlationVector":"XhpFq8QeBisI9bu/0+fo53.2","action":"Commit Response", "result":"Success", "context":Result: Success. cV=XhpFq8QeBisI9bu/0+fo53.0;server=GENERAL11000023;cloudType=Consumer;environment=Prod_EastUS_000w;migrationStage=MigrationComplete}
{"logTime": "0401/221233", "correlationVector":"hExuxLVXf3CbNygMSk3PRA","action":"Commit Request", "result":"", "context":Item count: 1
Contributing types: Preferences}
{"logTime": "0401/221234", "correlationVector":"hExuxLVXf3CbNygMSk3PRA.1","action":"SyncServerConnectionManagerRequest", "result":"SYNC_SERVER_OK", "context":{"environment":"Prod_EastUS_000w", "migrationStage":"MigrationComplete", "server":"GENERAL1100001G"}}
{"logTime": "0401/221234", "correlationVector":"hExuxLVXf3CbNygMSk3PRA.2","action":"Commit Response", "result":"Success", "context":Result: Success. cV=hExuxLVXf3CbNygMSk3PRA.0;server=GENERAL1100001G;cloudType=Consumer;environment=Prod_EastUS_000w;migrationStage=MigrationComplete}
{"logTime": "0401/221237", "correlationVector":"mSVUq+D+pcd0CNRaGy1BQs","action":"Normal GetUpdate request", "result":"", "context":cV=mSVUq+D+pcd0CNRaGy1BQs
Nudged types: Sessions
Refresh requested types: Bookmarks, Passwords, Typed URLs, Extensions, Sessions, Extension settings, History Delete Directives, Device Info, User Consents, Send Tab To Self, Web Apps, Collection, Edge E Drop, Edge Hub App Usage, Edge Tab Group, Edge Wallet, Encryption Keys}
{"logTime": "0401/221237", "correlationVector":"mSVUq+D+pcd0CNRaGy1BQs.1","action":"SyncServerConnectionManagerRequest", "result":"SYNC_SERVER_OK", "context":{"environment":"Prod_EastUS_000w", "migrationStage":"MigrationComplete", "server":"GENERAL1100003L"}}
{"logTime": "0401/221237", "correlationVector":"mSVUq+D+pcd0CNRaGy1BQs.2","action":"GetUpdates", "result":"DeleteReceived", "context":{"id":"65bd382c-afd2-4752-8a77-e344fd20dc87", "isDeleted:":"true", "version":"1712008275339"}}
{"logTime": "0401/221237", "correlationVector":"mSVUq+D+pcd0CNRaGy1BQs.3","action":"GetUpdates", "result":"DeleteReceived", "context":{"id":"e32f9624-8c4d-4d4c-83e7-61378bc1d583", "isDeleted:":"true", "version":"1712008275340"}}
{"logTime": "0401/221237", "correlationVector":"mSVUq+D+pcd0CNRaGy1BQs.4","action":"GetUpdates", "result":"DeleteReceived", "context":{"id":"2333076d-ed0f-46fe-b411-ffd5f1f68ca1", "isDeleted:":"true", "version":"1712008275342"}}
{"logTime": "0401/221237", "correlationVector":"mSVUq+D+pcd0CNRaGy1BQs.5","action":"GetUpdates Response", "result":"Success", "context":Received 15 update(s). cV=mSVUq+D+pcd0CNRaGy1BQs.0;server=GENERAL1100003L;cloudType=Consumer;environment=Prod_EastUS_000w;migrationStage=MigrationComplete}
{"logTime": "0401/221237", "correlationVector":"Yn5cPAE38s4SXBHPDnX1SN","action":"Normal GetUpdate request", "result":"", "context":cV=Yn5cPAE38s4SXBHPDnX1SN
Nudged types: Sessions
Refresh requested types: Bookmarks, Typed URLs, Extensions, Sessions, History Delete Directives, Device Info, User Consents, Send Tab To Self, Web Apps, Collection, Edge E Drop, Edge Hub App Usage, Edge Tab Group, Edge Wallet, Encryption Keys}
{"logTime": "0401/221237", "correlationVector":"Yn5cPAE38s4SXBHPDnX1SN.1","action":"SyncServerConnectionManagerRequest", "result":"SYNC_SERVER_OK", "context":{"environment":"Prod_EastUS_000w", "migrationStage":"NotStarted", "server":"GENERAL1100003L"}}
{"logTime": "0401/221237", "correlationVector":"Yn5cPAE38s4SXBHPDnX1SN.2","action":"GetUpdates Response", "result":"Success", "context":Received 0 update(s). cV=Yn5cPAE38s4SXBHPDnX1SN.0;server=GENERAL1100003L;cloudType=Consumer;environment=Prod_EastUS_000w;migrationStage=NotStarted}
{"logTime": "0401/221237", "correlationVector":"a+W0ntlPyrGnFHYRVJx4nj","action":"Normal GetUpdate request", "result":"", "context":cV=a+W0ntlPyrGnFHYRVJx4nj
Nudged types: Sessions
Refresh requested types: Bookmarks, Typed URLs, Extensions, Sessions, History Delete Directives, Device Info, User Consents, Send Tab To Self, Web Apps, Collection, Edge E Drop, Edge Hub App Usage, Edge Tab Group, Encryption Keys}
{"logTime": "0401/221237", "correlationVector":"a+W0ntlPyrGnFHYRVJx4nj.1","action":"SyncServerConnectionManagerRequest", "result":"SYNC_SERVER_OK", "context":{"environment":"Prod_EastUS_000w", "migrationStage":"NotStarted", "server":"GENERAL1100000T"}}
{"logTime": "0401/221237", "correlationVector":"a+W0ntlPyrGnFHYRVJx4nj.2","action":"GetUpdates Response", "result":"Success", "context":Received 0 update(s). cV=a+W0ntlPyrGnFHYRVJx4nj.0;server=GENERAL1100000T;cloudType=Consumer;environment=Prod_EastUS_000w;migrationStage=NotStarted}
{"logTime": "0401/221737", "correlationVector":"kV3Z7s111eowEdm+di76Ys","action":"Normal GetUpdate request", "result":"", "context":cV=kV3Z7s111eowEdm+di76Ys
Nudged types: Sessions
Refresh requested types: Bookmarks, Typed URLs, Extensions, Sessions, History Delete Directives, Device Info, User Consents, Send Tab To Self, Web Apps, Collection, Edge E Drop, Edge Hub App Usage{"logTime": "0403/164532", "correlationVector":"","action":"CredentialsChanged", "result":"Empty token for EdgeSyncScopeNew"}
{"logTime": "0403/164535", "correlationVector":"","action":"CredentialsChanged", "result":"Empty token for EdgeSyncScopeNew"}
{"logTime": "0403/164542", "correlationVector":"","action":"CredentialsChanged", "result":"Empty token for EdgeSyncScopeNew"}
{"logTime": "0403/164555", "correlationVector":"","action":"CredentialsChanged", "result":"Empty token for EdgeSyncScopeNew"}
{"logTime": "0403/164624", "correlationVector":"","action":"CredentialsChanged", "result":"Empty token for EdgeSyncScopeNew"}
{"logTime": "0403/164721", "correlationVector":"","action":"CredentialsChanged", "result":"Empty token for EdgeSyncScopeNew"}
{"logTime": "0403/164916", "correlationVector":"","action":"CredentialsChanged", "result":"Empty token for EdgeSyncScopeNew"}
{"logTime": "0403/165256", "correlationVector":"","action":"CredentialsChanged", "result":"Empty token for EdgeSyncScopeNew"}
{"logTime": "0403/170021", "correlationVector":"","action":"CredentialsChanged", "result":"Empty token for EdgeSyncScopeNew"}
{"logTime": "0403/171457", "correlationVector":"","action":"CredentialsChanged", "result":"Empty token for EdgeSyncScopeNew"}
{"logTime": "0403/174805", "correlationVector":"","action":"CredentialsChanged", "result":"Empty token for EdgeSyncScopeNew"}
{"logTime": "0403/184623", "correlationVector":"","action":"CredentialsChanged", "result":"Empty token for EdgeSyncScopeNew"}
{"logTime": "0403/205432", "correlationVector":"","action":"CredentialsChanged", "result":"Empty token for EdgeSyncScopeNew"}
{"logTime": "0405/165622", "correlationVector":"","action":"CredentialsChanged", "result":"Empty token for EdgeSyncScopeNew"}
{"logTime": "0405/165626", "correlationVector":"","action":"CredentialsChanged", "result":"Empty token for EdgeSyncScopeNew"}
{"logTime": "0405/165633", "correlationVector":"","action":"CredentialsChanged", "result":"Empty token for EdgeSyncScopeNew"}
{"logTime": "0405/165648", "correlationVector":"","action":"CredentialsChanged", "result":"Empty token for EdgeSyncScopeNew"}
{"logTime": "0405/165720", "correlationVector":"","action":"CredentialsChanged", "result":"Empty token for EdgeSyncScopeNew"}
{"logTime": "0405/165817", "correlationVector":"","action":"CredentialsChanged", "result":"Empty token for EdgeSyncScopeNew"}
{"logTime": "0405/170024", "correlationVector":"","action":"CredentialsChanged", "result":"Empty token for EdgeSyncScopeNew"}
{"logTime": "0405/170358", "correlationVector":"","action":"CredentialsChanged", "result":"Empty token for EdgeSyncScopeNew"}
{"logTime": "0405/171210", "correlationVector":"","action":"CredentialsChanged", "result":"Empty token for EdgeSyncScopeNew"}
{"logTime": "0405/174315", "correlationVector":"","action":"CredentialsChanged", "result":"Empty token for EdgeSyncScopeNew"}
{"logTime": "0405/181330", "correlationVector":"","action":"CredentialsChanged", "result":"Empty token for EdgeSyncScopeNew"}
{"logTime": "0405/191829", "correlationVector":"","action":"CredentialsChanged", "result":"Empty token for EdgeSyncScopeNew"}
{"logTime": "0405/204549", "correlationVector":"","action":"CredentialsChanged", "result":"Empty token for EdgeSyncScopeNew"}
{"logTime": "0405/204552", "correlationVector":"","action":"CredentialsChanged", "result":"Empty token for EdgeSyncScopeNew"}
{"logTime": "0405/204558", "correlationVector":"","action":"CredentialsChanged", "result":"Empty token for EdgeSyncScopeNew"}
{"logTime": "0405/204614", "correlationVector":"","action":"CredentialsChanged", "result":"Empty token for EdgeSyncScopeNew"}
{"logTime": "0405/204639", "correlationVector":"","action":"CredentialsChanged", "result":"Empty token for EdgeSyncScopeNew"}
{"logTime": "0405/204741", "correlationVector":"","action":"CredentialsChanged", "result":"Empty token for EdgeSyncScopeNew"}
{"logTime": "0405/204935", "correlationVector":"","action":"CredentialsChanged", "result":"Empty token for EdgeSyncScopeNew"}
{"logTime": "0405/205301", "correlationVector":"","action":"CredentialsChanged", "result":"Empty token for EdgeSyncScopeNew"}
{"logTime": "0405/210036", "correlationVector":"","action":"CredentialsChanged", "result":"Empty token for EdgeSyncScopeNew"}
{"logTime": "0405/211628", "correlationVector":"","action":"CredentialsChanged", "result":"Empty token for EdgeSyncScopeNew"}
{"logTime": "0405/214525", "correlationVector":"","action":"CredentialsChanged", "result":"Empty token for EdgeSyncScopeNew"}
{"logTime": "0405/225030", "correlationVector":"","action":"CredentialsChanged", "result":"Empty token for EdgeSyncScopeNew"}
{"logTime": "0406/005549", "correlationVector":"","action":"CredentialsChanged", "result":"Empty token for EdgeSyncScopeNew"}
{"logTime": "0406/045549", "correlationVector":"","action":"CredentialsChanged", "result":"Empty token for EdgeSyncScopeNew"}
