{"logTime": "0325/042147", "correlationVector":"JaIXIPFYyFhsTmvjBj3p3j.6","action":"GetUpdates", "result":"DeleteReceived", "context":{"id":"e01bf524-b4af-4308-88f2-f6691534338d", "isDeleted:":"true", "version":"1711266272202"}}
{"logTime": "0325/042147", "correlationVector":"JaIXIPFYyFhsTmvjBj3p3j.7","action":"GetUpdates", "result":"DeleteReceived", "context":{"id":"8a935925-0ae1-405b-8b3f-6d17d7720bb0", "isDeleted:":"true", "version":"1711266463245"}}
{"logTime": "0325/042147", "correlationVector":"JaIXIPFYyFhsTmvjBj3p3j.8","action":"GetUpdates", "result":"DeleteReceived", "context":{"id":"3f1db668-ae5b-4656-8390-96ecb53e221e", "isDeleted:":"true", "version":"1711267171187"}}
{"logTime": "0325/042147", "correlationVector":"JaIXIPFYyFhsTmvjBj3p3j.9","action":"GetUpdates", "result":"DeleteReceived", "context":{"id":"046e3a62-2ca2-483d-9522-8f2cb7123c6a", "isDeleted:":"true", "version":"1711268698200"}}
{"logTime": "0325/042147", "correlationVector":"JaIXIPFYyFhsTmvjBj3p3j.10","action":"GetUpdates", "result":"DeleteReceived", "context":{"id":"7e7ad386-3866-4fe6-b2d7-1e137ed5c059", "isDeleted:":"true", "version":"1711268698201"}}
{"logTime": "0325/042147", "correlationVector":"JaIXIPFYyFhsTmvjBj3p3j.11","action":"GetUpdates", "result":"DeleteReceived", "context":{"id":"8bc8ffe1-c7a8-4e97-93f5-2d5a3d5eee3d", "isDeleted:":"true", "version":"1711268698202"}}
{"logTime": "0325/042147", "correlationVector":"JaIXIPFYyFhsTmvjBj3p3j.12","action":"GetUpdates", "result":"DeleteReceived", "context":{"id":"3d952fa3-ca57-484c-bdc7-689289c7bbc2", "isDeleted:":"true", "version":"1711268698203"}}
{"logTime": "0325/042147", "correlationVector":"JaIXIPFYyFhsTmvjBj3p3j.13","action":"GetUpdates", "result":"DeleteReceived", "context":{"id":"a91874f0-bb9a-44dc-8237-3cbe41b355cf", "isDeleted:":"true", "version":"1711268698205"}}
{"logTime": "0325/042147", "correlationVector":"JaIXIPFYyFhsTmvjBj3p3j.14","action":"GetUpdates", "result":"DeleteReceived", "context":{"id":"84318d8d-a667-4f7d-a2f7-a59430f66369", "isDeleted:":"true", "version":"1711268698206"}}
{"logTime": "0325/042147", "correlationVector":"JaIXIPFYyFhsTmvjBj3p3j.15","action":"GetUpdates", "result":"DeleteReceived", "context":{"id":"2041fa1d-128a-4a2c-9cd3-4ad52c6fa773", "isDeleted:":"true", "version":"1711268761879"}}
{"logTime": "0325/042147", "correlationVector":"JaIXIPFYyFhsTmvjBj3p3j.16","action":"GetUpdates", "result":"DeleteReceived", "context":{"id":"643b3860-8c29-4350-b565-68684e57d820", "isDeleted:":"true", "version":"1711268901411"}}
{"logTime": "0325/042147", "correlationVector":"JaIXIPFYyFhsTmvjBj3p3j.17","action":"GetUpdates", "result":"DeleteReceived", "context":{"id":"c556bb31-ec56-454e-8155-3d5961d26408", "isDeleted:":"true", "version":"1711268901413"}}
{"logTime": "0325/042147", "correlationVector":"JaIXIPFYyFhsTmvjBj3p3j.18","action":"GetUpdates", "result":"DeleteReceived", "context":{"id":"14fbc65f-c61f-4aa9-a394-4b295023110f", "isDeleted:":"true", "version":"1711271007407"}}
{"logTime": "0325/042147", "correlationVector":"JaIXIPFYyFhsTmvjBj3p3j.19","action":"GetUpdates", "result":"DeleteReceived", "context":{"id":"2521d62a-c83e-405e-940b-52c7a8277421", "isDeleted:":"true", "version":"1711271007408"}}
{"logTime": "0325/042147", "correlationVector":"JaIXIPFYyFhsTmvjBj3p3j.20","action":"GetUpdates", "result":"DeleteReceived", "context":{"id":"12ce82d3-884f-4e2e-9e00-3c2fb023a451", "isDeleted:":"true", "version":"1711271007409"}}
{"logTime": "0325/042147", "correlationVector":"JaIXIPFYyFhsTmvjBj3p3j.21","action":"GetUpdates", "result":"DeleteReceived", "context":{"id":"a51234af-60fa-4a27-aba7-0c7e395b3837", "isDeleted:":"true", "version":"1711271007410"}}
{"logTime": "0325/042147", "correlationVector":"JaIXIPFYyFhsTmvjBj3p3j.22","action":"GetUpdates", "result":"DeleteReceived", "context":{"id":"528c164c-05cb-4cde-8812-fc2db12b1c8c", "isDeleted:":"true", "version":"1711271007411"}}
{"logTime": "0325/042147", "correlationVector":"JaIXIPFYyFhsTmvjBj3p3j.23","action":"GetUpdates", "result":"DeleteReceived", "context":{"id":"3c41dc05-2172-44d7-8161-406bcfbcbf6b", "isDeleted:":"true", "version":"1711271007412"}}
{"logTime": "0325/042147", "correlationVector":"JaIXIPFYyFhsTmvjBj3p3j.24","action":"GetUpdates", "result":"DeleteReceived", "context":{"id":"14266711-489b-409c-a2d5-049d63929712", "isDeleted:":"true", "version":"1711271007414"}}
{"logTime": "0325/042147", "correlationVector":"JaIXIPFYyFhsTmvjBj3p3j.25","action":"GetUpdates", "result":"DeleteReceived", "context":{"id":"045d0307-1989-4ea0-a4af-d9f012f6c3d1", "isDeleted:":"true", "version":"1711271007416"}}
{"logTime": "0325/042147", "correlationVector":"JaIXIPFYyFhsTmvjBj3p3j.26","action":"GetUpdates", "result":"DeleteReceived", "context":{"id":"f9d6f983-2043-4109-91e4-11d8be5e3077", "isDeleted:":"true", "version":"1711271072023"}}
{"logTime": "0325/042147", "correlationVector":"JaIXIPFYyFhsTmvjBj3p3j.27","action":"GetUpdates", "result":"DeleteReceived", "context":{"id":"f31ee2d3-1579-4c79-a7f3-7090735b646f", "isDeleted:":"true", "version":"1711271151070"}}
{"logTime": "0325/042147", "correlationVector":"JaIXIPFYyFhsTmvjBj3p3j.28","action":"GetUpdates", "result":"DeleteReceived", "context":{"id":"6c8aaa84-7380-4d7e-9c64-b28a1e79c9bd", "isDeleted:":"true", "version":"1711271151071"}}
{"logTime": "0325/042147", "correlationVector":"JaIXIPFYyFhsTmvjBj3p3j.29","action":"GetUpdates", "result":"DeleteReceived", "context":{"id":"c9a6c1a5-64c3-432d-a726-5fb537278f57", "isDeleted:":"true", "version":"1711271151072"}}
{"logTime": "0325/042147", "correlationVector":"JaIXIPFYyFhsTmvjBj3p3j.30","action":"GetUpdates", "result":"DeleteReceived", "context":{"id":"0c698fd6-231d-4a1c-8430-6054c5051cf7", "isDeleted:":"true", "version":"1711300307964"}}
{"logTime": "0325/042147", "correlationVector":"JaIXIPFYyFhsTmvjBj3p3j.31","action":"GetUpdates", "result":"DeleteReceived", "context":{"id":"d0fe3a98-a2fa-4228-bc19-1eb8afcc5a9d", "isDeleted:":"true", "version":"1711300307965"}}
{"logTime": "0325/042147", "correlationVector":"JaIXIPFYyFhsTmvjBj3p3j.32","action":"GetUpdates", "result":"DeleteReceived", "context":{"id":"b76910ba-8a0b-456e-a02f-26e6abff21ef", "isDeleted:":"true", "version":"1711304068590"}}
{"logTime": "0325/042147", "correlationVector":"JaIXIPFYyFhsTmvjBj3p3j.33","action":"GetUpdates", "result":"DeleteReceived", "context":{"id":"5b696996-d218-44a5-9e3f-79fe47a72208", "isDeleted:":"true", "version":"1711304068591"}}
{"logTime": "0325/042147", "correlationVector":"JaIXIPFYyFhsTmvjBj3p3j.34","action":"GetUpdates", "result":"DeleteReceived", "context":{"id":"14302033-ce9d-46f7-a3cc-c7682ceffc11", "isDeleted:":"true", "version":"1711304068592"}}
{"logTime": "0325/042147", "correlationVector":"JaIXIPFYyFhsTmvjBj3p3j.35","action":"GetUpdates", "result":"DeleteReceived", "context":{"id":"da2b423b-51a9-4b14-bed1-490522b17f0e", "isDeleted:":"true", "version":"1711322394072"}}
{"logTime": "0325/042147", "correlationVector":"JaIXIPFYyFhsTmvjBj3p3j.36","action":"GetUpdates", "result":"DeleteReceived", "context":{"id":"21d92154-f1f0-4e36-b93a-7c92f393f314", "isDeleted:":"true", "version":"1711322688164"}}
{"logTime": "0325/042147", "correlationVector":"JaIXIPFYyFhsTmvjBj3p3j.37","action":"GetUpdates", "result":"DeleteReceived", "context":{"id":"dd2dded3-a12c-4595-b2a4-b65a2592a201", "isDeleted:":"true", "version":"1711322688165"}}
{"logTime": "0325/042147", "correlationVector":"JaIXIPFYyFhsTmvjBj3p3j.38","action":"GetUpdates", "result":"DeleteReceived", "context":{"id":"d7058ce6-e555-4d46-ab92-6c69335afbf7", "isDeleted:":"true", "version":"1711322688166"}}
{"logTime": "0325/042147", "correlationVector":"JaIXIPFYyFhsTmvjBj3p3j.39","action":"GetUpdates", "result":"DeleteReceived", "context":{"id":"443a32d6-024c-4575-a4f1-aa3594861eba", "isDeleted:":"true", "version":"1711322688167"}}
{"logTime": "0325/042147", "correlationVector":"JaIXIPFYyFhsTmvjBj3p3j.40","action":"GetUpdates", "result":"DeleteReceived", "context":{"id":"d50bb621-cfbf-4d6c-84b3-0d97e839cedd", "isDeleted:":"true", "version":"1711322688168"}}
{"logTime": "0325/042147", "correlationVector":"JaIXIPFYyFhsTmvjBj3p3j.41","action":"GetUpdates", "result":"DeleteReceived", "context":{"id":"111def5d-513a-4d4a-8c16-2d8cd46809f9", "isDeleted:":"true", "version":"1711323632143"}}
{"logTime": "0325/042147", "correlationVector":"JaIXIPFYyFhsTmvjBj3p3j.42","action":"GetUpdates", "result":"DeleteReceived", "context":{"id":"fc75ad15-4e1b-4349-b31e-4d7da1041497", "isDeleted:":"true", "version":"1711324975902"}}
{"logTime": "0325/042147", "correlationVector":"JaIXIPFYyFhsTmvjBj3p3j.43","action":"GetUpdates", "result":"DeleteReceived", "context":{"id":"c5329881-cefc-475b-9716-6372a1277126", "isDeleted:":"true", "version":"1711324975904"}}
{"logTime": "0325/042147", "correlationVector":"JaIXIPFYyFhsTmvjBj3p3j.44","action":"GetUpdates", "result":"DeleteReceived", "context":{"id":"e16a4d6f-d24a-41fe-9c48-f96be56e4a9a", "isDeleted:":"true", "version":"1711324975905"}}
{"logTime": "0325/042147", "correlationVector":"JaIXIPFYyFhsTmvjBj3p3j.45","action":"GetUpdates", "result":"DeleteReceived", "context":{"id":"c777a1f1-a137-4053-8277-65f62294c79d", "isDeleted:":"true", "version":"1711325011537"}}
{"logTime": "0325/042147", "correlationVector":"JaIXIPFYyFhsTmvjBj3p3j.46","action":"GetUpdates", "result":"DeleteReceived", "context":{"id":"3059fdab-54f1-464a-93d6-3f029db201f4", "isDeleted:":"true", "version":"1711325011538"}}
{"logTime": "0325/042147", "correlationVector":"JaIXIPFYyFhsTmvjBj3p3j.47","action":"GetUpdates", "result":"DeleteReceived", "context":{"id":"84e5f7a8-b056-4631-977a-0c29339e192b", "isDeleted:":"true", "version":"1711325011539"}}
{"logTime": "0325/042147", "correlationVector":"JaIXIPFYyFhsTmvjBj3p3j.48","action":"GetUpdates", "result":"DeleteReceived", "context":{"id":"da46c3e4-5aa8-4cb2-8333-590ee20d46f0", "isDeleted:":"true", "version":"1711325011540"}}
{"logTime": "0325/042147", "correlationVector":"JaIXIPFYyFhsTmvjBj3p3j.49","action":"GetUpdates", "result":"DeleteReceived", "context":{"id":"90cc99ba-b1d5-4cf3-af81-914894b04faa", "isDeleted:":"true", "version":"1711325011541"}}
{"logTime": "0325/042147", "correlationVector":"JaIXIPFYyFhsTmvjBj3p3j.50","action":"GetUpdates", "result":"DeleteReceived", "context":{"id":"a61c9a53-5bb1-4b83-9fcd-1e9638e13cb0", "isDeleted:":"true", "version":"1711336046437"}}
{"logTime": "0325/042147", "correlationVector":"JaIXIPFYyFhsTmvjBj3p3j.51","action":"GetUpdates", "result":"DeleteReceived", "context":{"id":"c35ca5d8-90c4-4038-8465-263f9deb207a", "isDeleted:":"true", "version":"1711336046438"}}
{"logTime": "0325/042147", "correlationVector":"JaIXIPFYyFhsTmvjBj3p3j.52","action":"GetUpdates", "result":"DeleteReceived", "context":{"id":"f9300dfa-cdf2-4c33-849d-df41e46affab", "isDeleted:":"true", "version":"1711336046439"}}
{"logTime": "0325/042147", "correlationVector":"JaIXIPFYyFhsTmvjBj3p3j.53","action":"GetUpdates", "result":"DeleteReceived", "context":{"id":"53dd7bc2-34f2-4fee-9abf-fa429c5ecdd3", "isDeleted:":"true", "version":"1711336046440"}}
{"logTime": "0325/042147", "correlationVector":"JaIXIPFYyFhsTmvjBj3p3j.54","action":"GetUpdates", "result":"DeleteReceived", "context":{"id":"8c53fff3-7069-4ba7-81d9-5cc5e7173810", "isDeleted:":"true", "version":"1711336046442"}}
{"logTime": "0325/042147", "correlationVector":"JaIXIPFYyFhsTmvjBj3p3j.55","action":"GetUpdates", "result":"DeleteReceived", "context":{"id":"3683ce8b-def6-4a83-ba2f-c9debd31c6db", "isDeleted:":"true", "version":"1711336046444"}}
{"logTime": "0325/042147", "correlationVector":"JaIXIPFYyFhsTmvjBj3p3j.56","action":"GetUpdates", "result":"DeleteReceived", "context":{"id":"8563f8d8-b046-49a6-aa3c-a6607706b71f", "isDeleted:":"true", "version":"1711336046445"}}
{"logTime": "0325/042147", "correlationVector":"JaIXIPFYyFhsTmvjBj3p3j.57","action":"GetUpdates", "result":"DeleteReceived", "context":{"id":"13a05b86-a07a-49fb-bba3-0e2527845270", "isDeleted:":"true", "version":"1711336046446"}}
{"logTime": "0325/042147", "correlationVector":"JaIXIPFYyFhsTmvjBj3p3j.58","action":"GetUpdates", "result":"DeleteReceived", "context":{"id":"2073b03c-439d-432e-8341-c96f7dca1e21", "isDeleted:":"true", "version":"1711336046447"}}
{"logTime": "0325/042147", "correlationVector":"JaIXIPFYyFhsTmvjBj3p3j.59","action":"GetUpdates", "result":"DeleteReceived", "context":{"id":"4a908374-5dfb-4f8f-a0b9-30c883c9479a", "isDeleted:":"true", "version":"1711336076918"}}
{"logTime": "0325/042147", "correlationVector":"JaIXIPFYyFhsTmvjBj3p3j.60","action":"GetUpdates", "result":"DeleteReceived", "context":{"id":"0ded2dc8-8e6b-4bb8-abcc-2752a946d0b1", "isDeleted:":"true", "version":"1711336076920"}}
{"logTime": "0325/042147", "correlationVector":"JaIXIPFYyFhsTmvjBj3p3j.61","action":"GetUpdates", "result":"DeleteReceived", "context":{"id":"d16c68fb-ad8b-447b-84ff-7cd9f1eca287", "isDeleted:":"true", "version":"1711336076921"}}
{"logTime": "0325/042147", "correlationVector":"JaIXIPFYyFhsTmvjBj3p3j.62","action":"GetUpdates", "result":"DeleteReceived", "context":{"id":"b6112cd6-c78b-47fd-ac12-1dd67f76375e", "isDeleted:":"true", "version":"1711336076922"}}
{"logTime": "0325/042147", "correlationVector":"JaIXIPFYyFhsTmvjBj3p3j.63","action":"GetUpdates", "result":"DeleteReceived", "context":{"id":"e2809a87-9b09-4ac6-aa54-4fe0de8c5144", "isDeleted:":"true", "version":"1711336076923"}}
{"logTime": "0325/042147", "correlationVector":"JaIXIPFYyFhsTmvjBj3p3j.64","action":"GetUpdates", "result":"DeleteReceived", "context":{"id":"49702e2c-ffba-4619-9a37-f6c4e21a41db", "isDeleted:":"true", "version":"1711336076925"}}
{"logTime": "0325/042147", "correlationVector":"JaIXIPFYyFhsTmvjBj3p3j.65","action":"GetUpdates", "result":"DeleteReceived", "context":{"id":"8c79276c-326e-45f8-8a76-e3f88adc7087", "isDeleted:":"true", "version":"1711336424111"}}
{"logTime": "0325/042147", "correlationVector":"JaIXIPFYyFhsTmvjBj3p3j.66","action":"GetUpdates", "result":"DeleteReceived", "context":{"id":"0904fa89-73dd-4648-aadc-29d449c0ff6b", "isDeleted:":"true", "version":"1711336424112"}}
{"logTime": "0325/042147", "correlationVector":"JaIXIPFYyFhsTmvjBj3p3j.67","action":"GetUpdates", "result":"DeleteReceived", "context":{"id":"62925471-f96a-421a-aaba-f51d5da1a707", "isDeleted:":"true", "version":"1711336424113"}}
{"logTime": "0325/042147", "correlationVector":"JaIXIPFYyFhsTmvjBj3p3j.68","action":"GetUpdates", "result":"DeleteReceived", "context":{"id":"b72017fc-137e-41ae-9a85-94b92255397c", "isDeleted:":"true", "version":"1711336424114"}}
{"logTime": "0325/042147", "correlationVector":"JaIXIPFYyFhsTmvjBj3p3j.69","action":"GetUpdates", "result":"DeleteReceived", "context":{"id":"2de86ffa-01c5-47be-8aea-19714f68b918", "isDeleted:":"true", "version":"1711336424115"}}
{"logTime": "0325/042147", "correlationVector":"JaIXIPFYyFhsTmvjBj3p3j.70","action":"GetUpdates", "result":"DeleteReceived", "context":{"id":"718b965f-99ae-4d61-9793-33282f166879", "isDeleted:":"true", "version":"1711336424117"}}
{"logTime": "0325/042147", "correlationVector":"JaIXIPFYyFhsTmvjBj3p3j.71","action":"GetUpdates", "result":"DeleteReceived", "context":{"id":"595a7467-271b-4b8f-9031-3d915b50d996", "isDeleted:":"true", "version":"1711336424118"}}
{"logTime": "0325/042147", "correlationVector":"JaIXIPFYyFhsTmvjBj3p3j.72","action":"GetUpdates", "result":"DeleteReceived", "context":{"id":"aa677737-ffb0-49e1-a9fd-21714a468050", "isDeleted:":"true", "version":"1711336643966"}}
{"logTime": "0325/042147", "correlationVector":"JaIXIPFYyFhsTmvjBj3p3j.73","action":"GetUpdates", "result":"DeleteReceived", "context":{"id":"840ee0e6-f09d-4230-b9d7-455fbf8cfc4b", "isDeleted:":"true", "version":"1711336679171"}}
{"logTime": "0325/042147", "correlationVector":"JaIXIPFYyFhsTmvjBj3p3j.74","action":"GetUpdates", "result":"DeleteReceived", "context":{"id":"58051494-fea8-4cbb-9aad-28ae210e4eed", "isDeleted:":"true", "version":"1711336707425"}}
{"logTime": "0325/042147", "correlationVector":"JaIXIPFYyFhsTmvjBj3p3j.75","action":"GetUpdates", "result":"DeleteReceived", "context":{"id":"7b7b9e81-d827-4994-a3e8-f7a7a0060dcf", "isDeleted:":"true", "version":"1711336707426"}}
{"logTime": "0325/042147", "correlationVector":"JaIXIPFYyFhsTmvjBj3p3j.76","action":"GetUpdates", "result":"DeleteReceived", "context":{"id":"e9455a57-dac6-454c-8b91-7cedf2808936", "isDeleted:":"true", "version":"1711337434661"}}
{"logTime": "0325/042147", "correlationVector":"JaIXIPFYyFhsTmvjBj3p3j.77","action":"GetUpdates", "result":"DeleteReceived", "context":{"id":"9ceaf631-8cd0-435a-96b1-5308b683a392", "isDeleted:":"true", "version":"1711337434663"}}
{"logTime": "0325/042147", "correlationVector":"JaIXIPFYyFhsTmvjBj3p3j.78","action":"GetUpdates", "result":"DeleteReceived", "context":{"id":"906291ed-0965-4248-a76d-3f3f246b44e6", "isDeleted:":"true", "version":"1711337583491"}}
{"logTime": "0325/042147", "correlationVector":"JaIXIPFYyFhsTmvjBj3p3j.79","action":"GetUpdates", "result":"DeleteReceived", "context":{"id":"783cc4f4-0df8-45c8-bd15-c1b6e35c75bd", "isDeleted:":"true", "version":"1711337583492"}}
{"logTime": "0325/042147", "correlationVector":"JaIXIPFYyFhsTmvjBj3p3j.80","action":"GetUpdates", "result":"DeleteReceived", "context":{"id":"d86a6d6e-3176-45d9-aa6d-e2bb4091d18f", "isDeleted:":"true", "version":"1711337725061"}}
{"logTime": "0325/042147", "correlationVector":"JaIXIPFYyFhsTmvjBj3p3j.81","action":"GetUpdates", "result":"DeleteReceived", "context":{"id":"f084aad8-67d7-41d8-ac29-491603593bf4", "isDeleted:":"true", "version":"1711337733173"}}
{"logTime": "0325/042147", "correlationVector":"JaIXIPFYyFhsTmvjBj3p3j.82","action":"GetUpdates", "result":"DeleteReceived", "context":{"id":"d94464bf-0509-49e2-abdc-40f1afe48169", "isDeleted:":"true", "version":"1711337733174"}}
{"logTime": "0325/042147", "correlationVector":"JaIXIPFYyFhsTmvjBj3p3j.83","action":"GetUpdates", "result":"DeleteReceived", "context":{"id":"0265c084-d9be-4145-9128-d27eb2af8d8c", "isDeleted:":"true", "version":"1711337733175"}}
{"logTime": "0325/042147", "correlationVector":"JaIXIPFYyFhsTmvjBj3p3j.84","action":"GetUpdates", "result":"DeleteReceived", "context":{"id":"e251a3d2-239a-459e-849f-849b472d0522", "isDeleted:":"true", "version":"1711337733176"}}
{"logTime": "0325/042147", "correlationVector":"JaIXIPFYyFhsTmvjBj3p3j.85","action":"GetUpdates", "result":"DeleteReceived", "context":{"id":"d36b8fc7-3c6e-4c82-9797-6745b8e1a629", "isDeleted:":"true", "version":"1711337733177"}}
{"logTime": "0325/042147", "correlationVector":"JaIXIPFYyFhsTmvjBj3p3j.86","action":"GetUpdates", "result":"DeleteReceived", "context":{"id":"c55189af-8784-4265-ab02-b21d3fc485d9", "isDeleted:":"true", "version":"1711337733178"}}
{"logTime": "0325/042147", "correlationVector":"JaIXIPFYyFhsTmvjBj3p3j.87","action":"GetUpdates", "result":"DeleteReceived", "context":{"id":"dc47322c-d0d4-4af3-b819-3be4a3b6c492", "isDeleted:":"true", "version":"1711337733179"}}
{"logTime": "0325/042147", "correlationVector":"JaIXIPFYyFhsTmvjBj3p3j.88","action":"GetUpdates", "result":"DeleteReceived", "context":{"id":"786e5965-5f92-4fab-a54c-7b631e68d4e6", "isDeleted:":"true", "version":"1711337733180"}}
{"logTime": "0325/042147", "correlationVector":"JaIXIPFYyFhsTmvjBj3p3j.89","action":"GetUpdates", "result":"DeleteReceived", "context":{"id":"d97151a5-618d-4ccf-9952-097ab33a0459", "isDeleted:":"true", "version":"1711337733182"}}
{"logTime": "0325/042147", "correlationVector":"JaIXIPFYyFhsTmvjBj3p3j.90","action":"GetUpdates", "result":"DeleteReceived", "context":{"id":"9749b468-be1e-4b07-bcf0-150fdab3dfd3", "isDeleted:":"true", "version":"1711337733183"}}
{"logTime": "0325/042147", "correlationVector":"JaIXIPFYyFhsTmvjBj3p3j.91","action":"GetUpdates", "result":"DeleteReceived", "context":{"id":"f78a35b9-2e1b-4163-8ccd-74f0d2e4f442", "isDeleted:":"true", "version":"1711339862589"}}
{"logTime": "0325/042147", "correlationVector":"JaIXIPFYyFhsTmvjBj3p3j.92","action":"GetUpdates Response", "result":"SYNCER_OK", "context":Received 135 update(s). cV=JaIXIPFYyFhsTmvjBj3p3j.0;server=general0100001G;cloudType=Consumer;environment=Prod_NorthCentralUS_000g;migrationStage=NotStarted}
{"logTime": "0325/042147", "correlationVector":"z+MVViGPutM5U2Sk5SIkk0","action":"Commit Request", "result":"", "context":Item count: 10
Contributing types: Preferences, Sessions, Device Info}
{"logTime": "0325/042148", "correlationVector":"z+MVViGPutM5U2Sk5SIkk0.1","action":"SyncServerConnectionManagerRequest", "result":"SYNC_SERVER_OK", "context":{"environment":"Prod_NorthCentralUS_000g", "migrationStage":"NotStarted", "server":"GENERAL0100002W"}}
{"logTime": "0325/042148", "correlationVector":"z+MVViGPutM5U2Sk5SIkk0.3","action":"Commit.Sessions", "result":"Success", "context":{"id":"aa52220f-6f5a-48cc-9083-9721fb6068b8", "isDeleted":"true", "size":"0", "version":"1710303584511"}}
{"logTime": "0325/042148", "correlationVector":"z+MVViGPutM5U2Sk5SIkk0.4","action":"Commit.Sessions", "result":"Success", "context":{"id":"0143cb9c-dba2-4ad5-b546-62ebf79af88d", "isDeleted":"true", "size":"0", "version":"1710304441129"}}
{"logTime": "0325/042148", "correlationVector":"z+MVViGPutM5U2Sk5SIkk0.5","action":"Commit.Sessions", "result":"Success", "context":{"id":"59e01e72-98f2-41b6-a3ff-95888534c77a", "isDeleted":"true", "size":"0", "version":"1710303658768"}}
{"logTime": "0325/042148", "correlationVector":"z+MVViGPutM5U2Sk5SIkk0.6","action":"Commit.Sessions", "result":"Success", "context":{"id":"0830b58d-f9d5-4479-b3fb-c2a5a43a042c", "isDeleted":"true", "size":"0", "version":"1710303584512"}}
{"logTime": "0325/042148", "correlationVector":"z+MVViGPutM5U2Sk5SIkk0.7","action":"Commit.Sessions", "result":"Success", "context":{"id":"5d1b34ad-c3da-433e-babf-c44d8d420cde", "isDeleted":"true", "size":"0", "version":"1710304278056"}}
{"logTime": "0325/042148", "correlationVector":"z+MVViGPutM5U2Sk5SIkk0.8","action":"Commit.Sessions", "result":"Success", "context":{"id":"1d2f2588-c041-4bf6-8c67-1dbfc5b9178f", "isDeleted":"true", "size":"0", "version":"1710303544102"}}
{"logTime": "0325/042148", "correlationVector":"z+MVViGPutM5U2Sk5SIkk0.2","action":"Commit Response", "result":"SYNCER_OK", "context":Result: SYNCER_OK. cV=z+MVViGPutM5U2Sk5SIkk0.0;server=GENERAL0100002W;cloudType=Consumer;environment=Prod_NorthCentralUS_000g;migrationStage=NotStarted}
{"logTime": "0325/042148", "correlationVector":"GAwttgqFKoxDaC+n/vlunK","action":"Poll GetUpdate request", "result":"", "context":cV=GAwttgqFKoxDaC+n/vlunK}
{"logTime": "0325/042148", "correlationVector":"GAwttgqFKoxDaC+n/vlunK.1","action":"SyncServerConnectionManagerRequest", "result":"SYNC_SERVER_OK", "context":{"environment":"Prod_NorthCentralUS_000g", "migrationStage":"NotStarted", "server":"GENERAL0100002P"}}
{"logTime": "0325/042148", "correlationVector":"GAwttgqFKoxDaC+n/vlunK.2","action":"GetUpdates", "result":"DeleteReceived", "context":{"id":"aa52220f-6f5a-48cc-9083-9721fb6068b8", "isDeleted:":"true", "version":"1711340507667"}}
{"logTime": "0325/042148", "correlationVector":"GAwttgqFKoxDaC+n/vlunK.3","action":"GetUpdates", "result":"DeleteReceived", "context":{"id":"0143cb9c-dba2-4ad5-b546-62ebf79af88d", "isDeleted:":"true", "version":"1711340507668"}}
{"logTime": "0325/042148", "correlationVector":"GAwttgqFKoxDaC+n/vlunK.4","action":"GetUpdates", "result":"DeleteReceived", "context":{"id":"59e01e72-98f2-41b6-a3ff-95888534c77a", "isDeleted:":"true", "version":"1711340507669"}}
{"logTime": "0325/042148", "correlationVector":"GAwttgqFKoxDaC+n/vlunK.5","action":"GetUpdates", "result":"DeleteReceived", "context":{"id":"0830b58d-f9d5-4479-b3fb-c2a5a43a042c", "isDeleted:":"true", "version":"1711340507670"}}
{"logTime": "0325/042148", "correlationVector":"GAwttgqFKoxDaC+n/vlunK.6","action":"GetUpdates", "result":"DeleteReceived", "context":{"id":"5d1b34ad-c3da-433e-babf-c44d8d420cde", "isDeleted:":"true", "version":"1711340507672"}}
{"logTime": "0325/042148", "correlationVector":"GAwttgqFKoxDaC+n/vlunK.7","action":"GetUpdates", "result":"DeleteReceived", "context":{"id":"1d2f2588-c041-4bf6-8c67-1dbfc5b9178f", "isDeleted:":"true", "version":"1711340507673"}}
{"logTime": "0325/042148", "correlationVector":"GAwttgqFKoxDaC+n/vlunK.8","action":"GetUpdates Response", "result":"SYNCER_OK", "context":Received 10 update(s). cV=GAwttgqFKoxDaC+n/vlunK.0;server=GENERAL0100002P;cloudType=Consumer;environment=Prod_NorthCentralUS_000g;migrationStage=NotStarted}
{"logTime": "0325/042148", "correlationVector":"9/0O05LGu3Eqy7nyFpjl1K","action":"SyncServerConnectionManagerRequest", "result":"SYNC_SERVER_OK", "context":{"environment":"", "migrationStage":"", "server":""}}
{"logTime": "0325/042148", "correlationVector":"9/0O05LGu3Eqy7nyFpjl1K.0","action":"SyncServerConnectionManagerRequest", "result":"SYNC_SERVER_OK", "context":{"environment":"", "migrationStage":"", "server":""}}
{"logTime": "0325/042148", "correlationVector":"JrCEZ3ltExPClXWzCT15e0","action":"Normal GetUpdate request", "result":"", "context":cV=JrCEZ3ltExPClXWzCT15e0
Nudged types: Preferences, Sessions, Extension settings, Device Info}
{"logTime": "0325/042148", "correlationVector":"JrCEZ3ltExPClXWzCT15e0.1","action":"SyncServerConnectionManagerRequest", "result":"SYNC_SERVER_OK", "context":{"environment":"Prod_NorthCentralUS_000g", "migrationStage":"NotStarted", "server":"GENERAL01000019"}}
{"logTime": "0325/042148", "correlationVector":"JrCEZ3ltExPClXWzCT15e0.2","action":"GetUpdates Response", "result":"SYNCER_OK", "context":Received 0 update(s). cV=JrCEZ3ltExPClXWzCT15e0.0;server=GENERAL01000019;cloudType=Consumer;environment=Prod_NorthCentralUS_000g;migrationStage=NotStarted}
{"logTime": "0325/042148", "correlationVector":"D0euKEmIAk0LS9HETLJ1HI","action":"Commit Request", "result":"", "context":Item count: 3
Contributing types: Sessions, Extension settings}
{"logTime": "0325/042149", "correlationVector":"D0euKEmIAk0LS9HETLJ1HI.1","action":"SyncServerConnectionManagerRequest", "result":"SYNC_SERVER_OK", "context":{"environment":"Prod_NorthCentralUS_000g", "migrationStage":"NotStarted", "server":"GENERAL0100001D"}}
{"logTime": "0325/042149", "correlationVector":"D0euKEmIAk0LS9HETLJ1HI.2","action":"Commit Response", "result":"SYNCER_OK", "context":Result: SYNCER_OK. cV=D0euKEmIAk0LS9HETLJ1HI.0;server=GENERAL0100001D;cloudType=Consumer;environment=Prod_NorthCentralUS_000g;migrationStage=NotStarted}
{"logTime": "0325/042149", "correlationVector":"Ybbco2s4vOOwb9jLMV/+BD","action":"Commit Request", "result":"", "context":Item count: 1
Contributing types: Extension settings}
{"logTime": "0325/042149", "correlationVector":"Ybbco2s4vOOwb9jLMV/+BD.1","action":"SyncServerConnectionManagerRequest", "result":"SYNC_SERVER_OK", "context":{"environment":"Prod_NorthCentralUS_000g", "migrationStage":"NotStarted", "server":"GENERAL01000028"}}
{"logTime": "0325/042149", "correlationVector":"Ybbco2s4vOOwb9jLMV/+BD.2","action":"Commit Response", "result":"SYNCER_OK", "context":Result: SYNCER_OK. cV=Ybbco2s4vOOwb9jLMV/+BD.0;server=GENERAL01000028;cloudType=Consumer;environment=Prod_NorthCentralUS_000g;migrationStage=NotStarted}
{"logTime": "0325/042156", "correlationVector":"fGakkNWZRY82MLb+RLIJ9k","action":"Commit Request", "result":"", "context":Item count: 1
Contributing types: Preferences}
{"logTime": "0325/042156", "correlationVector":"fGakkNWZRY82MLb+RLIJ9k.1","action":"SyncServerConnectionManagerRequest", "result":"SYNC_SERVER_OK", "context":{"environment":"Prod_NorthCentralUS_000g", "migrationStage":"NotStarted", "server":"GENERAL01000023"}}
{"logTime": "0325/042156", "correlationVector":"fGakkNWZRY82MLb+RLIJ9k.2","action":"Commit Response", "result":"SYNCER_OK", "context":Result: SYNCER_OK. cV=fGakkNWZRY82MLb+RLIJ9k.0;server=GENERAL01000023;cloudType=Consumer;environment=Prod_NorthCentralUS_000g;migrationStage=NotStarted}
{"logTime": "0325/042207", "correlationVector":"cJUS7+z2hHe0BS/oDPt+rz","action":"Commit Request", "result":"", "context":Item count: 2
Contributing types: Sessions, Extension settings}
{"logTime": "0325/042207", "correlationVector":"cJUS7+z2hHe0BS/oDPt+rz.1","action":"SyncServerConnectionManagerRequest", "result":"SYNC_SERVER_OK", "context":{"environment":"Prod_NorthCentralUS_000g", "migrationStage":"NotStarted", "server":"general0100001G"}}
{"logTime": "0325/042207", "correlationVector":"cJUS7+z2hHe0BS/oDPt+rz.2","action":"Commit Response", "result":"SYNCER_OK", "context":Result: SYNCER_OK. cV=cJUS7+z2hHe0BS/oDPt+rz.0;server=general0100001G;cloudType=Consumer;environment=Prod_NorthCentralUS_000g;migrationStage=NotStarted}
{"logTime": "0325/042208", "correlationVector":"NFnIEZ0FXxf1FQjxMqok3e","action":"Commit Request", "result":"", "context":Item count: 1
Contributing types: Extension settings}
{"logTime": "0325/042208", "correlationVector":"NFnIEZ0FXxf1FQjxMqok3e.1","action":"SyncServerConnectionManagerRequest", "result":"SYNC_SERVER_OK", "context":{"environment":"Prod_NorthCentralUS_000g", "migrationStage":"NotStarted", "server":"GENERAL0100001B"}}
{"logTime": "0325/042208", "correlationVector":"NFnIEZ0FXxf1FQjxMqok3e.2","action":"Commit Response", "result":"SYNCER_OK", "context":Result: SYNCER_OK. cV=NFnIEZ0FXxf1FQjxMqok3e.0;server=GENERAL0100001B;cloudType=Consumer;environment=Prod_NorthCentralUS_000g;migrationStage=NotStarted}
{"logTime": "0325/042208", "correlationVector":"Hc+K1Y4TGIlrlTYGPBSy7z","action":"Commit Request", "result":"", "context":Item count: 1
Contributing types: Extension settings}
{"logTime": "0325/042209", "correlationVector":"Hc+K1Y4TGIlrlTYGPBSy7z.1","action":"SyncServerConnectionManagerRequest", "result":"SYNC_SERVER_OK", "context":{"environment":"Prod_NorthCentralUS_000g", "migrationStage":"NotStarted", "server":"GENERAL0100001T"}}
{"logTime": "0325/042209", "correlationVector":"Hc+K1Y4TGIlrlTYGPBSy7z.2","action":"Commit Response", "result":"SYNCER_OK", "context":Result: SYNCER_OK. cV=Hc+K1Y4TGIlrlTYGPBSy7z.0;server=GENERAL0100001T;cloudType=Consumer;environment=Prod_NorthCentralUS_000g;migrationStage=NotStarted}
{"logTime": "0325/042209", "correlationVector":"n+xG+Ubo2br8cEC7so7CzJ","action":"Commit Request", "result":"", "context":Item count: 1
Contributing types: Extension settings}
{"logTime": "0325/042209", "correlationVector":"n+xG+Ubo2br8cEC7so7CzJ.1","action":"SyncServerConnectionManagerRequest", "result":"SYNC_SERVER_OK", "context":{"environment":"Prod_NorthCentralUS_000g", "migrationStage":"NotStarted", "server":"GENERAL01000011"}}
{"logTime": "0325/042209", "correlationVector":"n+xG+Ubo2br8cEC7so7CzJ.2","action":"Commit Response", "result":"SYNCER_OK", "context":Result: SYNCER_OK. cV=n+xG+Ubo2br8cEC7so7CzJ.0;server=GENERAL01000011;cloudType=Consumer;environment=Prod_NorthCentralUS_000g;migrationStage=NotStarted}
{"logTime": "0325/042209", "correlationVector":"x0QxVRxnl2xGokIPm59IEh","action":"Commit Request", "result":"", "context":Item count: 1
Contributing types: Extension settings}
{"logTime": "0325/042209", "correlationVector":"x0QxVRxnl2xGokIPm59IEh.1","action":"SyncServerConnectionManagerRequest", "result":"SYNC_SERVER_OK", "context":{"environment":"Prod_NorthCentralUS_000g", "migrationStage":"NotStarted", "server":"GENERAL01000026"}}
{"logTime": "0325/042209", "correlationVector":"x0QxVRxnl2xGokIPm59IEh.2","action":"Commit Response", "result":"SYNCER_OK", "context":Result: SYNCER_OK. cV=x0QxVRxnl2xGokIPm59IEh.0;server=GENERAL01000026;cloudType=Consumer;environment=Prod_NorthCentralUS_000g;migrationStage=NotStarted}
{"logTime": "0325/042214", "correlationVector":"sLAJbbUsSvUVvKwitTmyW1","action":"Commit Request", "result":"", "context":Item count: 1
Contributing types: Bookmarks}
{"logTime": "0325/042214", "correlationVector":"sLAJbbUsSvUVvKwitTmyW1.1","action":"SyncServerConnectionManagerRequest", "result":"SYNC_SERVER_OK", "context":{"environment":"Prod_NorthCentralUS_000g", "migrationStage":"NotStarted", "server":"GENERAL01000014"}}
{"logTime": "0325/042214", "correlationVector":"sLAJbbUsSvUVvKwitTmyW1.2","action":"Commit Response", "result":"SYNCER_OK", "context":Result: SYNCER_OK. cV=sLAJbbUsSvUVvKwitTmyW1.0;server=GENERAL01000014;cloudType=Consumer;environment=Prod_NorthCentralUS_000g;migrationStage=NotStarted}
{"logTime": "0325/042236", "correlationVector":"GwvG8hMFD6qsGUm8u6zUCr","action":"Commit Request", "result":"", "context":Item count: 2
Contributing types: Sessions, Extension settings}
{"logTime": "0325/042236", "correlationVector":"GwvG8hMFD6qsGUm8u6zUCr.1","action":"SyncServerConnectionManagerRequest", "result":"SYNC_SERVER_OK", "context":{"environment":"Prod_NorthCentralUS_000g", "migrationStage":"NotStarted", "server":"GENERAL0100002W"}}
{"logTime": "0325/042236", "correlationVector":"GwvG8hMFD6qsGUm8u6zUCr.2","action":"Commit Response", "result":"SYNCER_OK", "context":Result: SYNCER_OK. cV=GwvG8hMFD6qsGUm8u6zUCr.0;server=GENERAL0100002W;cloudType=Consumer;environment=Prod_NorthCentralUS_000g;migrationStage=NotStarted}
{"logTime": "0325/042236", "correlationVector":"Tj+RJIK/fz+77T4w9sxcEC","action":"Commit Request", "result":"", "context":Item count: 1
Contributing types: Extension settings}
{"logTime": "0325/042237", "correlationVector":"Tj+RJIK/fz+77T4w9sxcEC.1","action":"SyncServerConnectionManagerRequest", "result":"SYNC_SERVER_OK", "context":{"environment":"Prod_NorthCentralUS_000g", "migrationStage":"NotStarted", "server":"GENERAL0100001H"}}
{"logTime": "0325/042237", "correlationVector":"Tj+RJIK/fz+77T4w9sxcEC.2","action":"Commit Response", "result":"SYNCER_OK", "context":Result: SYNCER_OK. cV=Tj+RJIK/fz+77T4w9sxcEC.0;server=GENERAL0100001H;cloudType=Consumer;environment=Prod_NorthCentralUS_000g;migrationStage=NotStarted}
{"logTime": "0325/042237", "correlationVector":"cFCvDygPjBSRaMWZzXJi/L","action":"Commit Request", "result":"", "context":Item count: 1
Contributing types: Extension settings}
{"logTime": "0325/042237", "correlationVector":"cFCvDygPjBSRaMWZzXJi/L.1","action":"SyncServerConnectionManagerRequest", "result":"SYNC_SERVER_OK", "context":{"environment":"Prod_NorthCentralUS_000g", "migrationStage":"NotStarted", "server":"GENERAL0100002K"}}
{"logTime": "0325/042237", "correlationVector":"cFCvDygPjBSRaMWZzXJi/L.2","action":"Commit Response", "result":"SYNCER_OK", "context":Result: SYNCER_OK. cV=cFCvDygPjBSRaMWZzXJi/L.0;server=GENERAL0100002K;cloudType=Consumer;environment=Prod_NorthCentralUS_000g;migrationStage=NotStarted}
{"logTime": "0325/042237", "correlationVector":"yBi7wwDUQQZj16OgZHciHG","action":"Commit Request", "result":"", "context":Item count: 1
Contributing types: Extension settings}
{"logTime": "0325/042238", "correlationVector":"yBi7wwDUQQZj16OgZHciHG.1","action":"SyncServerConnectionManagerRequest", "result":"SYNC_SERVER_OK", "context":{"environment":"Prod_NorthCentralUS_000g", "migrationStage":"NotStarted", "server":"GENERAL0100001A"}}
{"logTime": "0325/042238", "correlationVector":"yBi7wwDUQQZj16OgZHciHG.2","action":"Commit Response", "result":"SYNCER_OK", "context":Result: SYNCER_OK. cV=yBi7wwDUQQZj16OgZHciHG.0;server=GENERAL0100001A;cloudType=Consumer;environment=Prod_NorthCentralUS_000g;migrationStage=NotStarted}
{"logTime": "0325/042238", "correlationVector":"2Sd30mGKrowAX1/WXUN5a5","action":"Commit Request", "result":"", "context":Item count: 2
Contributing types: Extension settings}
{"logTime": "0325/042238", "correlationVector":"2Sd30mGKrowAX1/WXUN5a5.1","action":"SyncServerConnectionManagerRequest", "result":"SYNC_SERVER_OK", "context":{"environment":"Prod_NorthCentralUS_000g", "migrationStage":"NotStarted", "server":"GENERAL0100000R"}}
{"logTime": "0325/042238", "correlationVector":"2Sd30mGKrowAX1/WXUN5a5.2","action":"Commit Response", "result":"SYNCER_OK", "context":Result: SYNCER_OK. cV=2Sd30mGKrowAX1/WXUN5a5.0;server=GENERAL0100000R;cloudType=Consumer;environment=Prod_NorthCentralUS_000g;migrationStage=NotStarted}
{"logTime": "0325/042238", "correlationVector":"952UOJVt1WBg0YacSLA3uz","action":"Commit Request", "result":"", "context":Item count: 1
Contributing types: Extension settings}
{"logTime": "0325/042239", "correlationVector":"952UOJVt1WBg0YacSLA3uz.1","action":"SyncServerConnectionManagerRequest", "result":"SYNC_SERVER_OK", "context":{"environment":"Prod_NorthCentralUS_000g", "migrationStage":"NotStarted", "server":"GENERAL0100001U"}}
{"logTime": "0325/042239", "correlationVector":"952UOJVt1WBg0YacSLA3uz.2","action":"Commit Response", "result":"SYNCER_OK", "context":Result: SYNCER_OK. cV=952UOJVt1WBg0YacSLA3uz.0;server=GENERAL0100001U;cloudType=Consumer;environment=Prod_NorthCentralUS_000g;migrationStage=NotStarted}
{"logTime": "0325/042239", "correlationVector":"vclDig+9/E+HoK/6TzBLNu","action":"Commit Request", "result":"", "context":Item count: 1
Contributing types: Extension settings}
{"logTime": "0325/042239", "correlationVector":"vclDig+9/E+HoK/6TzBLNu.1","action":"SyncServerConnectionManagerRequest", "result":"SYNC_SERVER_OK", "context":{"environment":"Prod_NorthCentralUS_000g", "migrationStage":"NotStarted", "server":"GENERAL0100002P"}}
{"logTime": "0325/042239", "correlationVector":"vclDig+9/E+HoK/6TzBLNu.2","action":"Commit Response", "result":"SYNCER_OK", "context":Result: SYNCER_OK. cV=vclDig+9/E+HoK/6TzBLNu.0;server=GENERAL0100002P;cloudType=Consumer;environment=Prod_NorthCentralUS_000g;migrationStage=NotStarted}
{"logTime": "0325/042239", "correlationVector":"9LcibKQPJR8WYfxS7Mvoc7","action":"Commit Request", "result":"", "context":Item count: 2
Contributing types: Extension settings}
{"logTime": "0325/042240", "correlationVector":"9LcibKQPJR8WYfxS7Mvoc7.1","action":"SyncServerConnectionManagerRequest", "result":"SYNC_SERVER_OK", "context":{"environment":"Prod_NorthCentralUS_000g", "migrationStage":"NotStarted", "server":"GENERAL01000016"}}
{"logTime": "0325/042240", "correlationVector":"9LcibKQPJR8WYfxS7Mvoc7.2","action":"Commit Response", "result":"SYNCER_OK", "context":Result: SYNCER_OK. cV=9LcibKQPJR8WYfxS7Mvoc7.0;server=GENERAL01000016;cloudType=Consumer;environment=Prod_NorthCentralUS_000g;migrationStage=NotStarted}
{"logTime": "0325/042240", "correlationVector":"kfuaKxwoWeezb30GkVf86f","action":"Commit Request", "result":"", "context":Item count: 1
Contributing types: Extension settings}
{"logTime": "0325/042240", "correlationVector":"kfuaKxwoWeezb30GkVf86f.1","action":"SyncServerConnectionManagerRequest", "result":"SYNC_SERVER_OK", "context":{"environment":"Prod_NorthCentralUS_000g", "migrationStage":"NotStarted", "server":"GENERAL01000018"}}
{"logTime": "0325/042240", "correlationVector":"kfuaKxwoWeezb30GkVf86f.2","action":"Commit Response", "result":"SYNCER_OK", "context":Result: SYNCER_OK. cV=kfuaKxwoWeezb30GkVf86f.0;server=GENERAL01000018;cloudType=Consumer;environment=Prod_NorthCentralUS_000g;migrationStage=NotStarted}
{"logTime": "0325/042240", "correlationVector":"sYI9wDb79awtb/Xk26ro2c","action":"Commit Request", "result":"", "context":Item count: 1
Contributing types: Extension settings}
{"logTime": "0325/042240", "correlationVector":"sYI9wDb79awtb/Xk26ro2c.1","action":"SyncServerConnectionManagerRequest", "result":"SYNC_SERVER_OK", "context":{"environment":"Prod_NorthCentralUS_000g", "migrationStage":"NotStarted", "server":"GENERAL0100001U"}}
{"logTime": "0325/042240", "correlationVector":"sYI9wDb79awtb/Xk26ro2c.2","action":"Commit Response", "result":"SYNCER_OK", "context":Result: SYNCER_OK. cV=sYI9wDb79awtb/Xk26ro2c.0;server=GENERAL0100001U;cloudType=Consumer;environment=Prod_NorthCentralUS_000g;migrationStage=NotStarted}
{"logTime": "0325/042241", "correlationVector":"qgb4PLcy8EVhT3Hvid4w3C","action":"Commit Request", "result":"", "context":Item count: 2
Contributing types: Extension settings}
{"logTime": "0325/042241", "correlationVector":"qgb4PLcy8EVhT3Hvid4w3C.1","action":"SyncServerConnectionManagerRequest", "result":"SYNC_SERVER_OK", "context":{"environment":"Prod_NorthCentralUS_000g", "migrationStage":"NotStarted", "server":"GENERAL0100002N"}}
{"logTime": "0325/042241", "correlationVector":"qgb4PLcy8EVhT3Hvid4w3C.2","action":"Commit Response", "result":"SYNCER_OK", "context":Result: SYNCER_OK. cV=qgb4PLcy8EVhT3Hvid4w3C.0;server=GENERAL0100002N;cloudType=Consumer;environment=Prod_NorthCentralUS_000g;migrationStage=NotStarted}
{"logTime": "0325/042241", "correlationVector":"jZAtMNJATrowBSD/IEXF75","action":"Commit Request", "result":"", "context":Item count: 2
Contributing types: Extension settings}
{"logTime": "0325/042241", "correlationVector":"jZAtMNJATrowBSD/IEXF75.1","action":"SyncServerConnectionManagerRequest", "result":"SYNC_SERVER_OK", "context":{"environment":"Prod_NorthCentralUS_000g", "migrationStage":"NotStarted", "server":"GENERAL0100000E"}}
{"logTime": "0325/042241", "correlationVector":"jZAtMNJATrowBSD/IEXF75.2","action":"Commit Response", "result":"SYNCER_OK", "context":Result: SYNCER_OK. cV=jZAtMNJATrowBSD/IEXF75.0;server=GENERAL0100000E;cloudType=Consumer;environment=Prod_NorthCentralUS_000g;migrationStage=NotStarted}
{"logTime": "0325/042242", "correlationVector":"2/N0MN4KcldVgB4dP8scPT","action":"Commit Request", "result":"", "context":Item count: 2
Contributing types: Extension settings}
{"logTime": "0325/042242", "correlationVector":"2/N0MN4KcldVgB4dP8scPT.1","action":"SyncServerConnectionManagerRequest", "result":"SYNC_SERVER_OK", "context":{"environment":"Prod_NorthCentralUS_000g", "migrationStage":"NotStarted", "server":"GENERAL0100002K"}}
{"logTime": "0325/042242", "correlationVector":"2/N0MN4KcldVgB4dP8scPT.2","action":"Commit Response", "result":"SYNCER_OK", "context":Result: SYNCER_OK. cV=2/N0MN4KcldVgB4dP8scPT.0;server=GENERAL0100002K;cloudType=Consumer;environment=Prod_NorthCentralUS_000g;migrationStage=NotStarted}
{"logTime": "0325/042242", "correlationVector":"sfLJk5birF6Yt7Sx6dmPZ7","action":"Commit Request", "result":"", "context":Item count: 1
Contributing types: Extension settings}
{"logTime": "0325/042242", "correlationVector":"sfLJk5birF6Yt7Sx6dmPZ7.1","action":"SyncServerConnectionManagerRequest", "result":"SYNC_SERVER_OK", "context":{"environment":"Prod_NorthCentralUS_000g", "migrationStage":"NotStarted", "server":"GENERAL01000018"}}
{"logTime": "0325/042242", "correlationVector":"sfLJk5birF6Yt7Sx6dmPZ7.2","action":"Commit Response", "result":"SYNCER_OK", "context":Result: SYNCER_OK. cV=sfLJk5birF6Yt7Sx6dmPZ7.0;server=GENERAL01000018;cloudType=Consumer;environment=Prod_NorthCentralUS_000g;migrationStage=NotStarted}
{"logTime": "0325/042316", "correlationVector":"AQLOrgdkAJcrbSFmZpVo8S","action":"Commit Request", "result":"", "context":Item count: 2
Contributing types: Sessions}
{"logTime": "0325/042316", "correlationVector":"AQLOrgdkAJcrbSFmZpVo8S.1","action":"SyncServerConnectionManagerRequest", "result":"SYNC_SERVER_OK", "context":{"environment":"Prod_NorthCentralUS_000g", "migrationStage":"NotStarted", "server":"general01000029"}}
{"logTime": "0325/042316", "correlationVector":"AQLOrgdkAJcrbSFmZpVo8S.3","action":"Commit.Sessions", "result":"Success", "context":{"id":"f9d38e64-c7cd-42ed-9b3d-472154346489", "isDeleted":"true", "size":"0", "version":"1711340556626"}}
{"logTime": "0325/042316", "correlationVector":"AQLOrgdkAJcrbSFmZpVo8S.2","action":"Commit Response", "result":"SYNCER_OK", "context":Result: SYNCER_OK. cV=AQLOrgdkAJcrbSFmZpVo8S.0;server=general01000029;cloudType=Consumer;environment=Prod_NorthCentralUS_000g;migrationStage=NotStarted}
{"logTime": "0325/042647", "correlationVector":"0VW640xrwuMPSIzKL9iIVR","action":"Normal GetUpdate request", "result":"", "context":cV=0VW640xrwuMPSIzKL9iIVR
Refresh requested types: Bookmarks, Preferences, Passwords, Autofill, Typed URLs, Extensions, Sessions, Extension settings, History Delete Directives, Device Info, User Consents, Send Tab To Self, Web Apps, Collection, Edge E Drop, Edge Hub App Usage, Edge Wallet, Encryption Keys}
{"logTime": "0325/042647", "correlationVector":"0VW640xrwuMPSIzKL9iIVR.1","action":"SyncServerConnectionManagerRequest", "result":"SYNC_SERVER_OK", "context":{"environment":"Prod_NorthCentralUS_000g", "migrationStage":"NotStarted", "server":"GENERAL01000018"}}
{"logTime": "0325/042647", "correlationVector":"0VW640xrwuMPSIzKL9iIVR.2","action":"GetUpdates", "result":"DeleteReceived", "context":{"id":"f9d38e64-c7cd-42ed-9b3d-472154346489", "isDeleted:":"true", "version":"1711340596710"}}
{"logTime": "0325/042647", "correlationVector":"0VW640xrwuMPSIzKL9iIVR.3","action":"GetUpdates Response", "result":"SYNCER_OK", "context":Received 6 update(s). cV=0VW640xrwuMPSIzKL9iIVR.0;server=GENERAL01000018;cloudType=Consumer;environment=Prod_NorthCentralUS_000g;migrationStage=NotStarted}
{"logTime": "0325/054044", "correlationVector":"TFRjOcFUYcqmIMVBOaYGu9","action":"Commit Request", "result":"", "context":Item count: 1
Contributing types: Typed URLs}
{"logTime": "0325/054044", "correlationVector":"TFRjOcFUYcqmIMVBOaYGu9.1","action":"SyncServerConnectionManagerRequest", "result":"SYNC_SERVER_OK", "context":{"environment":"Prod_NorthCentralUS_000g", "migrationStage":"NotStarted", "server":"general0100001G"}}
{"logTime": "0325/054044", "correlationVector":"TFRjOcFUYcqmIMVBOaYGu9.2","action":"Commit Response", "result":"SYNCER_OK", "context":Result: SYNCER_OK. cV=TFRjOcFUYcqmIMVBOaYGu9.0;server=general0100001G;cloudType=Consumer;environment=Prod_NorthCentralUS_000g;migrationStage=NotStarted}
{"logTime": "0404/072249", "correlationVector":"mxd+Ctab6ZDq1hjQ/8fs/i","action":"Initial GetUpdates", "result":"", "context":Reason: NEWLY_SUPPORTED_DATATYPE. cV=mxd+Ctab6ZDq1hjQ/8fs/i}
{"logTime": "0404/072249", "correlationVector":"mxd+Ctab6ZDq1hjQ/8fs/i.1","action":"SyncServerConnectionManagerRequest", "result":"SYNC_SERVER_OK", "context":{"environment":"Prod_NorthCentralUS_000g", "migrationStage":"NotStarted", "server":"GENERAL0100000M"}}
{"logTime": "0404/072249", "correlationVector":"mxd+Ctab6ZDq1hjQ/8fs/i.2","action":"GetUpdates Response", "result":"Success", "context":Received 0 update(s). cV=mxd+Ctab6ZDq1hjQ/8fs/i.0;server=GENERAL0100000M;cloudType=Consumer;environment=Prod_NorthCentralUS_000g;migrationStage=NotStarted}
{"logTime": "0404/072250", "correlationVector":"h9hSZv664kIut5iTkie/z1","action":"SyncServerConnectionManagerRequest", "result":"SYNC_SERVER_OK", "context":{"environment":"", "migrationStage":"", "server":""}}
{"logTime": "0404/072250", "correlationVector":"T3RvFM1uHWXjTlPPzMoudD","action":"Normal GetUpdate request", "result":"", "context":cV=T3RvFM1uHWXjTlPPzMoudD
Nudged types: Preferences, Sessions, Device Info
Refresh requested types: Bookmarks, Preferences, Passwords, Typed URLs, Extensions, Sessions, Extension settings, History Delete Directives, Device Info, User Consents, Send Tab To Self, Web Apps, Collection, Edge E Drop, Edge Hub App Usage, Edge Tab Group, Edge Wallet, Encryption Keys}
{"logTime": "0404/072250", "correlationVector":"T3RvFM1uHWXjTlPPzMoudD.1","action":"SyncServerConnectionManagerRequest", "result":"SYNC_SERVER_OK", "context":{"environment":"Prod_NorthCentralUS_000g", "migrationStage":"NotStarted", "server":"GENERAL0100000K"}}
{"logTime": "0404/072250", "correlationVector":"T3RvFM1uHWXjTlPPzMoudD.2","action":"GetUpdates", "result":"DeleteReceived", "context":{"id":"34e0ec13-790b-4abc-848c-4e3603b42095", "isDeleted:":"true", "version":"1711395542966"}}
{"logTime": "0404/072250", "correlationVector":"T3RvFM1uHWXjTlPPzMoudD.3","action":"GetUpdates", "result":"DeleteReceived", "context":{"id":"ee6e2720-2145-429a-b338-b0a0873ad900", "isDeleted:":"true", "version":"1711395563109"}}
{"logTime": "0404/072250", "correlationVector":"T3RvFM1uHWXjTlPPzMoudD.4","action":"GetUpdates", "result":"DeleteReceived", "context":{"id":"542dca46-93b1-4cb9-b6a5-ab1b090f7e34", "isDeleted:":"true", "version":"1711395563110"}}
{"logTime": "0404/072250", "correlationVector":"T3RvFM1uHWXjTlPPzMoudD.5","action":"GetUpdates", "result":"DeleteReceived", "context":{"id":"edb7391c-3db3-4e65-8dec-2144fb75c570", "isDeleted:":"true", "version":"1711395563111"}}
{"logTime": "0404/072250", "correlationVector":"T3RvFM1uHWXjTlPPzMoudD.6","action":"GetUpdates", "result":"DeleteReceived", "context":{"id":"352b7643-17f3-4a6c-bc92-6c8c12406436", "isDeleted:":"true", "version":"1711395563112"}}
{"logTime": "0404/072250", "correlationVector":"T3RvFM1uHWXjTlPPzMoudD.7","action":"GetUpdates", "result":"DeleteReceived", "context":{"id":"818cd625-cdd7-4abf-bf57-9aa0fed61067", "isDeleted:":"true", "version":"1711395563113"}}
{"logTime": "0404/072250", "correlationVector":"T3RvFM1uHWXjTlPPzMoudD.8","action":"GetUpdates", "result":"DeleteReceived", "context":{"id":"e9f98786-228a-42f8-96fc-7d468db59360", "isDeleted:":"true", "version":"1711395563114"}}
{"logTime": "0404/072250", "correlationVector":"T3RvFM1uHWXjTlPPzMoudD.9","action":"GetUpdates", "result":"DeleteReceived", "context":{"id":"9f78f241-5c1c-4aba-98f2-da9b64160a73", "isDeleted:":"true", "version":"1711395563115"}}
{"logTime": "0404/072250", "correlationVector":"T3RvFM1uHWXjTlPPzMoudD.10","action":"GetUpdates", "result":"DeleteReceived", "context":{"id":"a25b4da4-0542-4457-8bd4-a88ca60571cc", "isDeleted:":"true", "version":"1711395563116"}}
{"logTime": "0404/072250", "correlationVector":"T3RvFM1uHWXjTlPPzMoudD.11","action":"GetUpdates", "result":"DeleteReceived", "context":{"id":"3514e0fa-0a11-4b01-9d6e-da1e73a66417", "isDeleted:":"true", "version":"1711395563117"}}
{"logTime": "0404/072250", "correlationVector":"T3RvFM1uHWXjTlPPzMoudD.12","action":"GetUpdates", "result":"DeleteReceived", "context":{"id":"d19e02e5-cc02-4317-ada5-7eab713a64db", "isDeleted:":"true", "version":"1711395592727"}}
{"logTime": "0404/072250", "correlationVector":"T3RvFM1uHWXjTlPPzMoudD.13","action":"GetUpdates", "result":"DeleteReceived", "context":{"id":"d45af733-cee2-486a-be95-0a9d0fde165d", "isDeleted:":"true", "version":"1711395592728"}}
{"logTime": "0404/072250", "correlationVector":"T3RvFM1uHWXjTlPPzMoudD.14","action":"GetUpdates", "result":"DeleteReceived", "context":{"id":"23b45d7e-1010-4f14-9610-fdf721766904", "isDeleted:":"true", "version":"1711395592730"}}
{"logTime": "0404/072250", "correlationVector":"T3RvFM1uHWXjTlPPzMoudD.15","action":"GetUpdates", "result":"DeleteReceived", "context":{"id":"c510e899-1d81-4cb7-b70e-a20910a42764", "isDeleted:":"true", "version":"1711395905813"}}
{"logTime": "0404/072250", "correlationVector":"T3RvFM1uHWXjTlPPzMoudD.16","action":"GetUpdates", "result":"DeleteReceived", "context":{"id":"7f191167-66ee-4ec3-9fa0-5dc9bca885f5", "isDeleted:":"true", "version":"1711395905814"}}
{"logTime": "0404/072250", "correlationVector":"T3RvFM1uHWXjTlPPzMoudD.17","action":"GetUpdates", "result":"DeleteReceived", "context":{"id":"35aa6e20-41b1-4a3c-b9e3-d6d1a87f1d7b", "isDeleted:":"true", "version":"1711395905815"}}
{"logTime": "0404/072250", "correlationVector":"T3RvFM1uHWXjTlPPzMoudD.18","action":"GetUpdates", "result":"DeleteReceived", "context":{"id":"1c744b5e-0bf8-4196-9127-5bc53d1237d1", "isDeleted:":"true", "version":"1711395905816"}}
{"logTime": "0404/072250", "correlationVector":"T3RvFM1uHWXjTlPPzMoudD.19","action":"GetUpdates", "result":"DeleteReceived", "context":{"id":"2138567d-14e3-4819-82b2-57faf6341c3a", "isDeleted:":"true", "version":"1711398438186"}}
{"logTime": "0404/072250", "correlationVector":"T3RvFM1uHWXjTlPPzMoudD.20","action":"GetUpdates", "result":"DeleteReceived", "context":{"id":"383aada6-a3f1-4ae3-ab9f-b18aa3ea24cc", "isDeleted:":"true", "version":"1711398438187"}}
{"logTime": "0404/072250", "correlationVector":"T3RvFM1uHWXjTlPPzMoudD.21","action":"GetUpdates", "result":"DeleteReceived", "context":{"id":"851e3042-da8e-4b07-83e2-50d03ea326bf", "isDeleted:":"true", "version":"1711398438188"}}
{"logTime": "0404/072250", "correlationVector":"T3RvFM1uHWXjTlPPzMoudD.22","action":"GetUpdates", "result":"DeleteReceived", "context":{"id":"a66759f6-9d12-4641-a2a3-699977b9e576", "isDeleted:":"true", "version":"1711398438189"}}
{"logTime": "0404/072250", "correlationVector":"T3RvFM1uHWXjTlPPzMoudD.23","action":"GetUpdates", "result":"DeleteReceived", "context":{"id":"39737ec2-91ea-4b7a-b377-32a282e88952", "isDeleted:":"true", "version":"1711398438190"}}
{"logTime": "0404/072250", "correlationVector":"T3RvFM1uHWXjTlPPzMoudD.24","action":"GetUpdates", "result":"DeleteReceived", "context":{"id":"2df8188a-3287-47dc-b075-e86e0175af98", "isDeleted:":"true", "version":"1711398438191"}}
{"logTime": "0404/072250", "correlationVector":"T3RvFM1uHWXjTlPPzMoudD.25","action":"GetUpdates", "result":"DeleteReceived", "context":{"id":"d76c52c4-f12e-45c3-9b7a-c10ac45a2c98", "isDeleted:":"true", "version":"1711398438193"}}
{"logTime": "0404/072250", "correlationVector":"T3RvFM1uHWXjTlPPzMoudD.26","action":"GetUpdates", "result":"DeleteReceived", "context":{"id":"d820f459-5e8b-4ac4-9a62-5d70468d186c", "isDeleted:":"true", "version":"1711399863881"}}
{"logTime": "0404/072250", "correlationVector":"T3RvFM1uHWXjTlPPzMoudD.27","action":"GetUpdates", "result":"DeleteReceived", "context":{"id":"eed4feed-fb5f-4c71-83b4-1297cd8ec17e", "isDeleted:":"true", "version":"1711399863882"}}
{"logTime": "0404/072250", "correlationVector":"T3RvFM1uHWXjTlPPzMoudD.28","action":"GetUpdates", "result":"DeleteReceived", "context":{"id":"6dc4e7d8-adde-4851-af5b-a001bb87d639", "isDeleted:":"true", "version":"1711399863884"}}
{"logTime": "0404/072250", "correlationVector":"T3RvFM1uHWXjTlPPzMoudD.29","action":"GetUpdates", "result":"DeleteReceived", "context":{"id":"3b1f75db-efed-4407-a0d0-40a9798b6ae9", "isDeleted:":"true", "version":"1711399863885"}}
{"logTime": "0404/072250", "correlationVector":"T3RvFM1uHWXjTlPPzMoudD.30","action":"GetUpdates", "result":"DeleteReceived", "context":{"id":"43d34b78-9e0c-42a6-a014-675d010a47e0", "isDeleted:":"true", "version":"1711399863886"}}
{"logTime": "0404/072250", "correlationVector":"T3RvFM1uHWXjTlPPzMoudD.31","action":"GetUpdates", "result":"DeleteReceived", "context":{"id":"203c248d-e059-4cb2-8f17-9f1e3ba046fd", "isDeleted:":"true", "version":"1711399863887"}}
{"logTime": "0404/072250", "correlationVector":"T3RvFM1uHWXjTlPPzMoudD.32","action":"GetUpdates", "result":"DeleteReceived", "context":{"id":"800a7949-ce6d-4af1-913b-1c441262dd8f", "isDeleted:":"true", "version":"1711399863888"}}
{"logTime": "0404/072250", "correlationVector":"T3RvFM1uHWXjTlPPzMoudD.33","action":"GetUpdates", "result":"DeleteReceived", "context":{"id":"f4fbc399-800e-4037-a8d5-cc3c43b82e99", "isDeleted:":"true", "version":"1711399863890"}}
{"logTime": "0404/072250", "correlationVector":"T3RvFM1uHWXjTlPPzMoudD.34","action":"GetUpdates", "result":"DeleteReceived", "context":{"id":"6ab310fb-380b-4a4d-89ab-f501f8954470", "isDeleted:":"true", "version":"1711399863891"}}
{"logTime": "0404/072250", "correlationVector":"T3RvFM1uHWXjTlPPzMoudD.35","action":"GetUpdates", "result":"DeleteReceived", "context":{"id":"69e7ba22-10a5-4752-941d-8bdf1e606d05", "isDeleted:":"true", "version":"1711399863892"}}
{"logTime": "0404/072250", "correlationVector":"T3RvFM1uHWXjTlPPzMoudD.36","action":"GetUpdates", "result":"DeleteReceived", "context":{"id":"0c0f6531-c22c-4ef8-a89a-4f2195950292", "isDeleted:":"true", "version":"1711400448658"}}
{"logTime": "0404/072250", "correlationVector":"T3RvFM1uHWXjTlPPzMoudD.37","action":"GetUpdates", "result":"DeleteReceived", "context":{"id":"770cc800-b3bd-4007-934c-e8cd20eeb5e4", "isDeleted:":"true", "version":"1711403178858"}}
{"logTime": "0404/072250", "correlationVector":"T3RvFM1uHWXjTlPPzMoudD.38","action":"GetUpdates", "result":"DeleteReceived", "context":{"id":"ef5471f5-bf9f-4612-8389-2d18a136af5b", "isDeleted:":"true", "version":"1711408319161"}}
{"logTime": "0404/072250", "correlationVector":"T3RvFM1uHWXjTlPPzMoudD.39","action":"GetUpdates", "result":"DeleteReceived", "context":{"id":"fd09b97e-2ff6-4452-ad53-7005fa774feb", "isDeleted:":"true", "version":"1711408547461"}}
{"logTime": "0404/072250", "correlationVector":"T3RvFM1uHWXjTlPPzMoudD.40","action":"GetUpdates", "result":"DeleteReceived", "context":{"id":"55923321-faa2-4860-874a-a30e75b542d5", "isDeleted:":"true", "version":"1711491640447"}}
{"logTime": "0404/072250", "correlationVector":"T3RvFM1uHWXjTlPPzMoudD.41","action":"GetUpdates", "result":"DeleteReceived", "context":{"id":"bb1f3ad9-b4bb-48a1-9221-3c0f5d9a37c2", "isDeleted:":"true", "version":"1711494220025"}}
{"logTime": "0404/072250", "correlationVector":"T3RvFM1uHWXjTlPPzMoudD.42","action":"GetUpdates", "result":"DeleteReceived", "context":{"id":"de974308-d674-4325-bfd0-1c9e371a04dc", "isDeleted:":"true", "version":"1711495147990"}}
{"logTime": "0404/072250", "correlationVector":"T3RvFM1uHWXjTlPPzMoudD.43","action":"GetUpdates", "result":"DeleteReceived", "context":{"id":"2dbadd48-e294-4f40-a681-050444d56f0d", "isDeleted:":"true", "version":"1711530581015"}}
{"logTime": "0404/072250", "correlationVector":"T3RvFM1uHWXjTlPPzMoudD.44","action":"GetUpdates", "result":"DeleteReceived", "context":{"id":"81e7efd8-c85d-4995-ac73-9a78f3e786ab", "isDeleted:":"true", "version":"1711530618497"}}
{"logTime": "0404/072250", "correlationVector":"T3RvFM1uHWXjTlPPzMoudD.45","action":"GetUpdates", "result":"DeleteReceived", "context":{"id":"4bf04838-e769-4440-8f1c-8286beaab817", "isDeleted:":"true", "version":"1711530622690"}}
{"logTime": "0404/072250", "correlationVector":"T3RvFM1uHWXjTlPPzMoudD.46","action":"GetUpdates", "result":"DeleteReceived", "context":{"id":"2ed0b186-8536-4219-81bf-603fd14a36e4", "isDeleted:":"true", "version":"1711530622691"}}
{"logTime": "0404/072250", "correlationVector":"T3RvFM1uHWXjTlPPzMoudD.47","action":"GetUpdates", "result":"DeleteReceived", "context":{"id":"dd70efa4-5493-4251-b503-5746542e4807", "isDeleted:":"true", "version":"1711530622692"}}
{"logTime": "0404/072250", "correlationVector":"T3RvFM1uHWXjTlPPzMoudD.48","action":"GetUpdates", "result":"DeleteReceived", "context":{"id":"135c8412-ec51-4bc5-8397-cd5de2fb503f", "isDeleted:":"true", "version":"1711530622693"}}
{"logTime": "0404/072250", "correlationVector":"T3RvFM1uHWXjTlPPzMoudD.49","action":"GetUpdates", "result":"DeleteReceived", "context":{"id":"ac168876-7c9a-442b-9f9f-3b3a3f7a72d8", "isDeleted:":"true", "version":"1711530622695"}}
{"logTime": "0404/072250", "correlationVector":"T3RvFM1uHWXjTlPPzMoudD.50","action":"GetUpdates", "result":"DeleteReceived", "context":{"id":"8bd41b31-acf0-4f35-889d-b207d9a78413", "isDeleted:":"true", "version":"1711530622696"}}
{"logTime": "0404/072250", "correlationVector":"T3RvFM1uHWXjTlPPzMoudD.51","action":"GetUpdates", "result":"DeleteReceived", "context":{"id":"76c44cc3-f518-431d-b889-5edeea69a6c9", "isDeleted:":"true", "version":"1711530622698"}}
{"logTime": "0404/072250", "correlationVector":"T3RvFM1uHWXjTlPPzMoudD.52","action":"GetUpdates", "result":"DeleteReceived", "context":{"id":"282c6587-bc36-498b-979c-54cf520a5472", "isDeleted:":"true", "version":"1711531188309"}}
{"logTime": "0404/072250", "correlationVector":"T3RvFM1uHWXjTlPPzMoudD.53","action":"GetUpdates", "result":"DeleteReceived", "context":{"id":"7789631a-eb38-4425-bfc3-cbfa5f50a9f8", "isDeleted:":"true", "version":"1711646411902"}}
{"logTime": "0404/072250", "correlationVector":"T3RvFM1uHWXjTlPPzMoudD.54","action":"GetUpdates", "result":"DeleteReceived", "context":{"id":"2a4feeb1-550f-40a2-8aec-f054e5c288f5", "isDeleted:":"true", "version":"1711657355183"}}
{"logTime": "0404/072250", "correlationVector":"T3RvFM1uHWXjTlPPzMoudD.55","action":"GetUpdates", "result":"DeleteReceived", "context":{"id":"0c424350-3941-48b5-a77e-0af4e7b394ac", "isDeleted:":"true", "version":"1711657355184"}}
{"logTime": "0404/072250", "correlationVector":"T3RvFM1uHWXjTlPPzMoudD.56","action":"GetUpdates", "result":"DeleteReceived", "context":{"id":"7b99d91d-f524-46d6-834e-5c0c6fc5e5e6", "isDeleted:":"true", "version":"1711657384902"}}
{"logTime": "0404/072250", "correlationVector":"T3RvFM1uHWXjTlPPzMoudD.57","action":"GetUpdates", "result":"DeleteReceived", "context":{"id":"56b59556-bbaa-43e5-aba4-e02e22563d06", "isDeleted:":"true", "version":"1711657416231"}}
{"logTime": "0404/072250", "correlationVector":"T3RvFM1uHWXjTlPPzMoudD.58","action":"GetUpdates", "result":"DeleteReceived", "context":{"id":"a4abdb09-7d14-48b9-88a9-81fa215ec373", "isDeleted:":"true", "version":"1711698229619"}}
{"logTime": "0404/072250", "correlationVector":"T3RvFM1uHWXjTlPPzMoudD.59","action":"GetUpdates", "result":"DeleteReceived", "context":{"id":"fde671e4-1985-4791-a716-018526a74d07", "isDeleted:":"true", "version":"1711758191045"}}
{"logTime": "0404/072250", "correlationVector":"T3RvFM1uHWXjTlPPzMoudD.60","action":"GetUpdates", "result":"DeleteReceived", "context":{"id":"c182a226-c8aa-4d07-9d54-3a31b44b9b42", "isDeleted:":"true", "version":"1711758191046"}}
{"logTime": "0404/072250", "correlationVector":"T3RvFM1uHWXjTlPPzMoudD.61","action":"GetUpdates", "result":"DeleteReceived", "context":{"id":"039727fb-df68-456a-a0ba-0334a2736344", "isDeleted:":"true", "version":"1711759449338"}}
{"logTime": "0404/072250", "correlationVector":"T3RvFM1uHWXjTlPPzMoudD.62","action":"GetUpdates", "result":"DeleteReceived", "context":{"id":"d27c095d-2887-44d3-b559-6f05d9d5b826", "isDeleted:":"true", "version":"1711813828892"}}
{"logTime": "0404/072250", "correlationVector":"T3RvFM1uHWXjTlPPzMoudD.63","action":"GetUpdates", "result":"DeleteReceived", "context":{"id":"b668b03d-440c-4ae3-be1a-ce8ae81ed028", "isDeleted:":"true", "version":"1711813828893"}}
{"logTime": "0404/072250", "correlationVector":"T3RvFM1uHWXjTlPPzMoudD.64","action":"GetUpdates", "result":"DeleteReceived", "context":{"id":"80617269-f2a9-4d32-9191-367be546a344", "isDeleted:":"true", "version":"1711813828894"}}
{"logTime": "0404/072250", "correlationVector":"T3RvFM1uHWXjTlPPzMoudD.65","action":"GetUpdates", "result":"DeleteReceived", "context":{"id":"fc369a54-32e8-4771-8212-792bdcec8117", "isDeleted:":"true", "version":"1711813828895"}}
{"logTime": "0404/072250", "correlationVector":"T3RvFM1uHWXjTlPPzMoudD.66","action":"GetUpdates", "result":"DeleteReceived", "context":{"id":"39336555-242a-48a5-8130-8fb4a8515dab", "isDeleted:":"true", "version":"1711813828896"}}
{"logTime": "0404/072250", "correlationVector":"T3RvFM1uHWXjTlPPzMoudD.67","action":"GetUpdates", "result":"DeleteReceived", "context":{"id":"29c786d0-db56-426d-822d-c98c4583e92e", "isDeleted:":"true", "version":"1711813828897"}}
{"logTime": "0404/072250", "correlationVector":"T3RvFM1uHWXjTlPPzMoudD.68","action":"GetUpdates", "result":"DeleteReceived", "context":{"id":"78b31201-f617-4f66-863a-aaa0ad8175fb", "isDeleted:":"true", "version":"1711813828898"}}
{"logTime": "0404/072250", "correlationVector":"T3RvFM1uHWXjTlPPzMoudD.69","action":"GetUpdates", "result":"DeleteReceived", "context":{"id":"b0ea897d-fc5b-479a-b2a4-11301d17bc05", "isDeleted:":"true", "version":"1711813828899"}}
{"logTime": "0404/072250", "correlationVector":"T3RvFM1uHWXjTlPPzMoudD.70","action":"GetUpdates", "result":"DeleteReceived", "context":{"id":"3a218873-61f8-47de-93a0-db397dab6948", "isDeleted:":"true", "version":"1711830013380"}}
{"logTime": "0404/072250", "correlationVector":"T3RvFM1uHWXjTlPPzMoudD.71","action":"GetUpdates", "result":"DeleteReceived", "context":{"id":"b04f8e70-c850-4e8e-9322-26a904088079", "isDeleted:":"true", "version":"1711909697160"}}
{"logTime": "0404/072250", "correlationVector":"T3RvFM1uHWXjTlPPzMoudD.72","action":"GetUpdates", "result":"DeleteReceived", "context":{"id":"02311a6d-db9a-46eb-8047-e05fef5e2893", "isDeleted:":"true", "version":"1711909697161"}}
{"logTime": "0404/072250", "correlationVector":"T3RvFM1uHWXjTlPPzMoudD.73","action":"GetUpdates", "result":"DeleteReceived", "context":{"id":"543d65ac-8d26-48a1-924e-e5b69cd6eb7f", "isDeleted:":"true", "version":"1711909697162"}}
{"logTime": "0404/072250", "correlationVector":"T3RvFM1uHWXjTlPPzMoudD.74","action":"GetUpdates", "result":"DeleteReceived", "context":{"id":"29ba01aa-0e2e-4e62-8630-68972a3f27d7", "isDeleted:":"true", "version":"1711909697163"}}
{"logTime": "0404/072250", "correlationVector":"T3RvFM1uHWXjTlPPzMoudD.75","action":"GetUpdates", "result":"DeleteReceived", "context":{"id":"b7d8bd3d-ab9a-4dda-95d2-969ec45423fd", "isDeleted:":"true", "version":"1711909697164"}}
{"logTime": "0404/072250", "correlationVector":"T3RvFM1uHWXjTlPPzMoudD.76","action":"GetUpdates", "result":"DeleteReceived", "context":{"id":"355f8fa8-2812-49fe-a25e-f30256fd72c0", "isDeleted:":"true", "version":"1711909872373"}}
{"logTime": "0404/072250", "correlationVector":"T3RvFM1uHWXjTlPPzMoudD.77","action":"GetUpdates", "result":"DeleteReceived", "context":{"id":"6968b4c7-e9a2-4680-b21a-24f8b37bd7b1", "isDeleted:":"true", "version":"1711909872374"}}
{"logTime": "0404/072250", "correlationVector":"T3RvFM1uHWXjTlPPzMoudD.78","action":"GetUpdates", "result":"DeleteReceived", "context":{"id":"caeaedec-6b46-48a9-b097-7224bf4b5a57", "isDeleted:":"true", "version":"1711909872375"}}
{"logTime": "0404/072250", "correlationVector":"T3RvFM1uHWXjTlPPzMoudD.79","action":"GetUpdates", "result":"DeleteReceived", "context":{"id":"aa32fca1-2ba0-4279-88d7-eb257eaddb17", "isDeleted:":"true", "version":"1711910760218"}}
{"logTime": "0404/072250", "correlationVector":"T3RvFM1uHWXjTlPPzMoudD.80","action":"GetUpdates", "result":"DeleteReceived", "context":{"id":"be2d0455-3100-4c03-a088-f5931d0a3247", "isDeleted:":"true", "version":"1711910770937"}}
{"logTime": "0404/072250", "correlationVector":"T3RvFM1uHWXjTlPPzMoudD.81","action":"GetUpdates", "result":"DeleteReceived", "context":{"id":"94b1fcd0-5287-482b-b1dc-4cda2ea681a7", "isDeleted:":"true", "version":"1711910770940"}}
{"logTime": "0404/072250", "correlationVector":"T3RvFM1uHWXjTlPPzMoudD.82","action":"GetUpdates", "result":"DeleteReceived", "context":{"id":"2794e861-8662-4131-a58a-a2a9eba425d3", "isDeleted:":"true", "version":"1711910821884"}}
{"logTime": "0404/072250", "correlationVector":"T3RvFM1uHWXjTlPPzMoudD.83","action":"GetUpdates", "result":"DeleteReceived", "context":{"id":"4ccac3f8-ce09-4773-8879-a463fe260a35", "isDeleted:":"true", "version":"1711910879022"}}
{"logTime": "0404/072250", "correlationVector":"T3RvFM1uHWXjTlPPzMoudD.84","action":"GetUpdates", "result":"DeleteReceived", "context":{"id":"bcdba224-d1ac-4e9c-b2d1-e1ce254c8287", "isDeleted:":"true", "version":"1711912054660"}}
{"logTime": "0404/072250", "correlationVector":"T3RvFM1uHWXjTlPPzMoudD.85","action":"GetUpdates", "result":"DeleteReceived", "context":{"id":"a48d7f63-57d8-444e-a8c8-0d518733a152", "isDeleted:":"true", "version":"1711912054661"}}
{"logTime": "0404/072250", "correlationVector":"T3RvFM1uHWXjTlPPzMoudD.86","action":"GetUpdates", "result":"DeleteReceived", "context":{"id":"5df54a68-9b74-47cd-a51a-73f30274d549", "isDeleted:":"true", "version":"1711912088504"}}
{"logTime": "0404/072250", "correlationVector":"T3RvFM1uHWXjTlPPzMoudD.87","action":"GetUpdates", "result":"DeleteReceived", "context":{"id":"8e2d031e-636d-4a71-b60b-527caa4a0679", "isDeleted:":"true", "version":"1711912088505"}}
{"logTime": "0404/072250", "correlationVector":"T3RvFM1uHWXjTlPPzMoudD.88","action":"GetUpdates", "result":"DeleteReceived", "context":{"id":"81e39aec-79a2-4a38-a341-bbf80cbdd3fc", "isDeleted:":"true", "version":"1711912561968"}}
{"logTime": "0404/072250", "correlationVector":"T3RvFM1uHWXjTlPPzMoudD.89","action":"GetUpdates", "result":"DeleteReceived", "context":{"id":"081b347a-acc6-4170-b70f-4c1ee8b2c6b1", "isDeleted:":"true", "version":"1711912561969"}}
{"logTime": "0404/072250", "correlationVector":"T3RvFM1uHWXjTlPPzMoudD.90","action":"GetUpdates", "result":"DeleteReceived", "context":{"id":"c195eb1f-2fea-4c8d-873e-6ab13f403aed", "isDeleted:":"true", "version":"1711914679447"}}
{"logTime": "0404/072250", "correlationVector":"T3RvFM1uHWXjTlPPzMoudD.91","action":"GetUpdates", "result":"DeleteReceived", "context":{"id":"fbc5a2dc-facc-4988-a8d5-9d6de377a477", "isDeleted:":"true", "version":"1711914844627"}}
{"logTime": "0404/072250", "correlationVector":"T3RvFM1uHWXjTlPPzMoudD.92","action":"GetUpdates", "result":"DeleteReceived", "context":{"id":"a1de1b68-168a-4631-bffc-f0eb6061540e", "isDeleted:":"true", "version":"1711914988978"}}
{"logTime": "0404/072250", "correlationVector":"T3RvFM1uHWXjTlPPzMoudD.93","action":"GetUpdates", "result":"DeleteReceived", "context":{"id":"d9680001-0213-4b62-b24a-3cab46011a90", "isDeleted:":"true", "version":"1711914994950"}}
{"logTime": "0404/072250", "correlationVector":"T3RvFM1uHWXjTlPPzMoudD.94","action":"GetUpdates", "result":"DeleteReceived", "context":{"id":"37aa5106-c39d-47e2-b1bd-b2a2435582c8", "isDeleted:":"true", "version":"1711915001780"}}
{"logTime": "0404/072250", "correlationVector":"T3RvFM1uHWXjTlPPzMoudD.95","action":"GetUpdates", "result":"DeleteReceived", "context":{"id":"f52cdbc3-bc7b-4a0c-82ae-06466a358061", "isDeleted:":"true", "version":"1711917632705"}}
{"logTime": "0404/072250", "correlationVector":"T3RvFM1uHWXjTlPPzMoudD.96","action":"GetUpdates", "result":"DeleteReceived", "context":{"id":"720ab655-b9cc-4966-a03e-a74304c557a4", "isDeleted:":"true", "version":"1711917632706"}}
{"logTime": "0404/072250", "correlationVector":"T3RvFM1uHWXjTlPPzMoudD.97","action":"GetUpdates", "result":"DeleteReceived", "context":{"id":"a0b8cc3e-281b-4f03-9464-7d6ecf6c2c84", "isDeleted:":"true", "version":"1711918314874"}}
{"logTime": "0404/072250", "correlationVector":"T3RvFM1uHWXjTlPPzMoudD.98","action":"GetUpdates", "result":"DeleteReceived", "context":{"id":"b83e0453-0d1b-4353-b67e-55c666b730f9", "isDeleted:":"true", "version":"1711919309669"}}
{"logTime": "0404/072250", "correlationVector":"T3RvFM1uHWXjTlPPzMoudD.99","action":"GetUpdates", "result":"DeleteReceived", "context":{"id":"d071f3a5-30b6-459d-a684-1e0c28690121", "isDeleted:":"true", "version":"1711919812949"}}
{"logTime": "0404/072250", "correlationVector":"T3RvFM1uHWXjTlPPzMoudD.100","action":"GetUpdates", "result":"DeleteReceived", "context":{"id":"57020ee7-dedc-4881-bc44-f288aec132ac", "isDeleted:":"true", "version":"1711919812950"}}
{"logTime": "0404/072250", "correlationVector":"T3RvFM1uHWXjTlPPzMoudD.101","action":"GetUpdates", "result":"DeleteReceived", "context":{"id":"029e8e8d-4092-4059-855d-b01962ba009e", "isDeleted:":"true", "version":"1711919812951"}}
{"logTime": "0404/072250", "correlationVector":"T3RvFM1uHWXjTlPPzMoudD.102","action":"GetUpdates", "result":"DeleteReceived", "context":{"id":"68d18bb6-e46a-4240-adcb-856020a01fcb", "isDeleted:":"true", "version":"1711919812952"}}
{"logTime": "0404/072250", "correlationVector":"T3RvFM1uHWXjTlPPzMoudD.103","action":"GetUpdates", "result":"DeleteReceived", "context":{"id":"7366c342-0e14-4a95-abc8-d6da9a70ba07", "isDeleted:":"true", "version":"1711919817102"}}
{"logTime": "0404/072250", "correlationVector":"T3RvFM1uHWXjTlPPzMoudD.104","action":"GetUpdates", "result":"DeleteReceived", "context":{"id":"fbe38b1b-cb66-4431-ad57-58fc54fb3a75", "isDeleted:":"true", "version":"1711920087489"}}
{"logTime": "0404/072250", "correlationVector":"T3RvFM1uHWXjTlPPzMoudD.105","action":"GetUpdates", "result":"DeleteReceived", "context":{"id":"5b08588c-9640-41ed-8d63-e1ac5969bc21", "isDeleted:":"true", "version":"1711920337856"}}
{"logTime": "0404/072250", "correlationVector":"T3RvFM1uHWXjTlPPzMoudD.106","action":"GetUpdates", "result":"DeleteReceived", "context":{"id":"50e4394a-1de8-455c-9a6a-b8f6c31d4153", "isDeleted:":"true", "version":"1711920522345"}}
{"logTime": "0404/072250", "correlationVector":"T3RvFM1uHWXjTlPPzMoudD.107","action":"GetUpdates", "result":"DeleteReceived", "context":{"id":"8a9fbae3-44e1-439e-87cc-2fa6cf4c39db", "isDeleted:":"true", "version":"1711920522346"}}
{"logTime": "0404/072250", "correlationVector":"T3RvFM1uHWXjTlPPzMoudD.108","action":"GetUpdates", "result":"DeleteReceived", "context":{"id":"11c7fe4a-af46-4aec-a0ab-7f4d222252ec", "isDeleted:":"true", "version":"1711920522347"}}
{"logTime": "0404/072250", "correlationVector":"T3RvFM1uHWXjTlPPzMoudD.109","action":"GetUpdates", "result":"DeleteReceived", "context":{"id":"b55b41a6-4f4c-4b6a-a1d2-9617efdbca40", "isDeleted:":"true", "version":"1711920522348"}}
{"logTime": "0404/072250", "correlationVector":"T3RvFM1uHWXjTlPPzMoudD.110","action":"GetUpdates", "result":"DeleteReceived", "context":{"id":"f83a8ef0-6004-432e-b3a8-0e2bfea98c23", "isDeleted:":"true", "version":"1711920522350"}}
{"logTime": "0404/072250", "correlationVector":"T3RvFM1uHWXjTlPPzMoudD.111","action":"GetUpdates", "result":"DeleteReceived", "context":{"id":"d5d7cf96-1949-45d3-b34f-f70df24ca395", "isDeleted:":"true", "version":"1711920696227"}}
{"logTime": "0404/072250", "correlationVector":"T3RvFM1uHWXjTlPPzMoudD.112","action":"GetUpdates", "result":"DeleteReceived", "context":{"id":"6095f810-3225-4845-b212-3432f8ff1757", "isDeleted:":"true", "version":"1711922771546"}}
{"logTime": "0404/072250", "correlationVector":"T3RvFM1uHWXjTlPPzMoudD.113","action":"GetUpdates", "result":"DeleteReceived", "context":{"id":"1f9dec22-c010-4bbd-9bf4-069f6d61e04c", "isDeleted:":"true", "version":"1711923279741"}}
{"logTime": "0404/072250", "correlationVector":"T3RvFM1uHWXjTlPPzMoudD.114","action":"GetUpdates", "result":"DeleteReceived", "context":{"id":"db79cace-93bf-47c3-b68d-03b26147e5fe", "isDeleted:":"true", "version":"1711923279742"}}
{"logTime": "0404/072250", "correlationVector":"T3RvFM1uHWXjTlPPzMoudD.115","action":"GetUpdates", "result":"DeleteReceived", "context":{"id":"ba563d43-7b69-4847-9d2b-5363c00ed2aa", "isDeleted:":"true", "version":"1711923279743"}}
{"logTime": "0404/072250", "correlationVector":"T3RvFM1uHWXjTlPPzMoudD.116","action":"GetUpdates", "result":"DeleteReceived", "context":{"id":"52e0831d-fe4f-4829-a641-78a923b358fc", "isDeleted:":"true", "version":"1711923279744"}}
{"logTime": "0404/072250", "correlationVector":"T3RvFM1uHWXjTlPPzMoudD.117","action":"GetUpdates", "result":"DeleteReceived", "context":{"id":"569f7032-19e0-45a0-9401-f1cc31652f2d", "isDeleted:":"true", "version":"1711923279745"}}
{"logTime": "0404/072250", "correlationVector":"T3RvFM1uHWXjTlPPzMoudD.118","action":"GetUpdates", "result":"DeleteReceived", "context":{"id":"40e0bed3-dce8-44c4-b5ad-69107610f50f", "isDeleted:":"true", "version":"1711923849184"}}
{"logTime": "0404/072250", "correlationVector":"T3RvFM1uHWXjTlPPzMoudD.119","action":"GetUpdates", "result":"DeleteReceived", "context":{"id":"8a389fbf-d837-4cea-bc1f-532d919eac92", "isDeleted:":"true", "version":"1711924134370"}}
{"logTime": "0404/072250", "correlationVector":"T3RvFM1uHWXjTlPPzMoudD.120","action":"GetUpdates", "result":"DeleteReceived", "context":{"id":"4bd31b54-4659-4718-b944-01e015f09fea", "isDeleted:":"true", "version":"1711932902081"}}
{"logTime": "0404/072250", "correlationVector":"T3RvFM1uHWXjTlPPzMoudD.121","action":"GetUpdates", "result":"DeleteReceived", "context":{"id":"059389eb-e4bc-4213-8ce1-d1402e5ee6c1", "isDeleted:":"true", "version":"1711932902082"}}
{"logTime": "0404/072250", "correlationVector":"T3RvFM1uHWXjTlPPzMoudD.122","action":"GetUpdates", "result":"DeleteReceived", "context":{"id":"791be3d1-96e3-40de-9f12-8f8603b3b135", "isDeleted:":"true", "version":"1711933165865"}}
{"logTime": "0404/072250", "correlationVector":"T3RvFM1uHWXjTlPPzMoudD.123","action":"GetUpdates", "result":"DeleteReceived", "context":{"id":"70eacf5f-34fa-404a-a196-0dd4a833f601", "isDeleted:":"true", "version":"1711933844159"}}
{"logTime": "0404/072250", "correlationVector":"T3RvFM1uHWXjTlPPzMoudD.124","action":"GetUpdates", "result":"DeleteReceived", "context":{"id":"2ec8ce61-b690-473b-9ae5-28b5bc1eeca8", "isDeleted:":"true", "version":"1711934569027"}}
{"logTime": "0404/072250", "correlationVector":"T3RvFM1uHWXjTlPPzMoudD.125","action":"GetUpdates", "result":"DeleteReceived", "context":{"id":"28b34688-b997-449d-b5d5-2c6ab9f66317", "isDeleted:":"true", "version":"1711934984766"}}
{"logTime": "0404/072250", "correlationVector":"T3RvFM1uHWXjTlPPzMoudD.126","action":"GetUpdates", "result":"DeleteReceived", "context":{"id":"cdd5556f-b70c-43cf-bf3d-594be906a67a", "isDeleted:":"true", "version":"1711936819871"}}
{"logTime": "0404/072250", "correlationVector":"T3RvFM1uHWXjTlPPzMoudD.127","action":"GetUpdates", "result":"DeleteReceived", "context":{"id":"a871cce7-398d-44d7-80a3-02010672fcff", "isDeleted:":"true", "version":"1711936819872"}}
{"logTime": "0404/072250", "correlationVector":"T3RvFM1uHWXjTlPPzMoudD.128","action":"GetUpdates", "result":"DeleteReceived", "context":{"id":"ffca4794-7fe4-43ef-aaba-7245f3645ddd", "isDeleted:":"true", "version":"1711937290083"}}
{"logTime": "0404/072250", "correlationVector":"T3RvFM1uHWXjTlPPzMoudD.129","action":"GetUpdates", "result":"DeleteReceived", "context":{"id":"cd85dc28-cd93-4dbd-965b-6764ca5cc0b9", "isDeleted:":"true", "version":"1711937454568"}}
{"logTime": "0404/072250", "correlationVector":"T3RvFM1uHWXjTlPPzMoudD.130","action":"GetUpdates", "result":"DeleteReceived", "context":{"id":"1bad0648-d4c7-4f3d-9032-9671b034c1a1", "isDeleted:":"true", "version":"1711938075593"}}
{"logTime": "0404/072250", "correlationVector":"T3RvFM1uHWXjTlPPzMoudD.131","action":"GetUpdates", "result":"DeleteReceived", "context":{"id":"e4d186e8-708a-495c-8777-faae6dbc033c", "isDeleted:":"true", "version":"1711938218887"}}
{"logTime": "0404/072250", "correlationVector":"T3RvFM1uHWXjTlPPzMoudD.132","action":"GetUpdates", "result":"DeleteReceived", "context":{"id":"103e53b9-4005-4e74-9fa9-688ec629a00d", "isDeleted:":"true", "version":"1711938400699"}}
{"logTime": "0404/072250", "correlationVector":"T3RvFM1uHWXjTlPPzMoudD.133","action":"GetUpdates", "result":"DeleteReceived", "context":{"id":"ba6482db-c5f3-40d8-b28f-fca302506494", "isDeleted:":"true", "version":"1711939219810"}}
{"logTime": "0404/072250", "correlationVector":"T3RvFM1uHWXjTlPPzMoudD.134","action":"GetUpdates", "result":"DeleteReceived", "context":{"id":"f72e478f-56a8-4330-9e34-840d82b86d71", "isDeleted:":"true", "version":"1711939219811"}}
{"logTime": "0404/072250", "correlationVector":"T3RvFM1uHWXjTlPPzMoudD.135","action":"GetUpdates", "result":"DeleteReceived", "context":{"id":"5ab07126-5393-43c0-9e5c-6d066a9cc764", "isDeleted:":"true", "version":"1711939219812"}}
{"logTime": "0404/072250", "correlationVector":"T3RvFM1uHWXjTlPPzMoudD.136","action":"GetUpdates", "result":"DeleteReceived", "context":{"id":"b83edcbd-7205-4b71-811a-9c98114b8037", "isDeleted:":"true", "version":"1712002672622"}}
{"logTime": "0404/072250", "correlationVector":"T3RvFM1uHWXjTlPPzMoudD.137","action":"GetUpdates", "result":"DeleteReceived", "context":{"id":"dddfbf51-3414-4ad1-9fa4-9e99c1a9d119", "isDeleted:":"true", "version":"1712008632638"}}
{"logTime": "0404/072250", "correlationVector":"T3RvFM1uHWXjTlPPzMoudD.138","action":"GetUpdates", "result":"DeleteReceived", "context":{"id":"20205ead-9a5e-490c-9ceb-cf11783f98c2", "isDeleted:":"true", "version":"1712011976088"}}
{"logTime": "0404/072250", "correlationVector":"T3RvFM1uHWXjTlPPzMoudD.139","action":"GetUpdates", "result":"DeleteReceived", "context":{"id":"50f54276-4645-4d38-aceb-b9a813188a91", "isDeleted:":"true", "version":"1712011976090"}}
{"logTime": "0404/072250", "correlationVector":"T3RvFM1uHWXjTlPPzMoudD.140","action":"GetUpdates", "result":"DeleteReceived", "context":{"id":"65d65c06-4425-4de4-bfda-7c5c3d622a44", "isDeleted:":"true", "version":"1712023994380"}}
{"logTime": "0404/072250", "correlationVector":"T3RvFM1uHWXjTlPPzMoudD.141","action":"GetUpdates", "result":"DeleteReceived", "context":{"id":"bc8b34c2-8040-4afa-92e4-328b2515da3f", "isDeleted:":"true", "version":"1712024834743"}}
{"logTime": "0404/072250", "correlationVector":"T3RvFM1uHWXjTlPPzMoudD.142","action":"GetUpdates", "result":"DeleteReceived", "context":{"id":"db581d6a-495a-4929-8217-8b73a8f0886d", "isDeleted:":"true", "version":"1712027242830"}}
{"logTime": "0404/072250", "correlationVector":"T3RvFM1uHWXjTlPPzMoudD.143","action":"GetUpdates", "result":"DeleteReceived", "context":{"id":"5b95efcb-b6c4-4c5e-a197-58d42248e536", "isDeleted:":"true", "version":"1712027242831"}}
{"logTime": "0404/072250", "correlationVector":"T3RvFM1uHWXjTlPPzMoudD.144","action":"GetUpdates", "result":"DeleteReceived", "context":{"id":"6a1941c4-61ce-4e8d-9a79-c732a2837ba3", "isDeleted:":"true", "version":"1712027242832"}}
{"logTime": "0404/072250", "correlationVector":"T3RvFM1uHWXjTlPPzMoudD.145","action":"GetUpdates", "result":"DeleteReceived", "context":{"id":"f46ed978-79d7-47d0-bcc5-5de3c4d8042c", "isDeleted:":"true", "version":"1712027242833"}}
{"logTime": "0404/072250", "correlationVector":"T3RvFM1uHWXjTlPPzMoudD.146","action":"GetUpdates", "result":"DeleteReceived", "context":{"id":"e77ffbad-a35b-4a69-8aa6-f3c1f9992217", "isDeleted:":"true", "version":"1712027242834"}}
{"logTime": "0404/072250", "correlationVector":"T3RvFM1uHWXjTlPPzMoudD.147","action":"GetUpdates", "result":"DeleteReceived", "context":{"id":"d09a7130-95da-45e5-b18b-49dcafadd4c9", "isDeleted:":"true", "version":"1712027242835"}}
{"logTime": "0404/072250", "correlationVector":"T3RvFM1uHWXjTlPPzMoudD.148","action":"GetUpdates", "result":"DeleteReceived", "context":{"id":"80767c71-6bd9-496c-85c4-9ca87b77a302", "isDeleted:":"true", "version":"1712027242837"}}
{"logTime": "0404/072250", "correlationVector":"T3RvFM1uHWXjTlPPzMoudD.149","action":"GetUpdates", "result":"DeleteReceived", "context":{"id":"fe12b3b4-26b6-4f3c-8d9a-cd4b2e17d47f", "isDeleted:":"true", "version":"1712027242838"}}
{"logTime": "0404/072250", "correlationVector":"T3RvFM1uHWXjTlPPzMoudD.150","action":"GetUpdates", "result":"DeleteReceived", "context":{"id":"c90839cb-5fa1-4961-9309-eaff70367a33", "isDeleted:":"true", "version":"1712029019816"}}
{"logTime": "0404/072250", "correlationVector":"T3RvFM1uHWXjTlPPzMoudD.151","action":"GetUpdates", "result":"DeleteReceived", "context":{"id":"3c0e3f08-052a-4189-8852-590f1714cf41", "isDeleted:":"true", "version":"1712029019817"}}
{"logTime": "0404/072250", "correlationVector":"T3RvFM1uHWXjTlPPzMoudD.152","action":"GetUpdates", "result":"DeleteReceived", "context":{"id":"c034bef6-d1d4-4f3c-a6c5-c8fa71c0375e", "isDeleted:":"true", "version":"1712031346803"}}
{"logTime": "0404/072250", "correlationVector":"T3RvFM1uHWXjTlPPzMoudD.153","action":"GetUpdates", "result":"DeleteReceived", "context":{"id":"e0882c66-822f-4741-b0a5-ce9ff8ec04fb", "isDeleted:":"true", "version":"1712031346804"}}
{"logTime": "0404/072250", "correlationVector":"T3RvFM1uHWXjTlPPzMoudD.154","action":"GetUpdates", "result":"DeleteReceived", "context":{"id":"4bd104b3-c87c-4213-86c2-559227914845", "isDeleted:":"true", "version":"1712031346805"}}
{"logTime": "0404/072250", "correlationVector":"T3RvFM1uHWXjTlPPzMoudD.155","action":"GetUpdates", "result":"DeleteReceived", "context":{"id":"e46c6ff0-c37f-494b-bb88-ff3079439854", "isDeleted:":"true", "version":"1712076683445"}}
{"logTime": "0404/072250", "correlationVector":"T3RvFM1uHWXjTlPPzMoudD.156","action":"GetUpdates", "result":"DeleteReceived", "context":{"id":"886b38a0-2a0e-479c-bd7a-b11a6bd522ca", "isDeleted:":"true", "version":"1712076709394"}}
{"logTime": "0404/072250", "correlationVector":"T3RvFM1uHWXjTlPPzMoudD.157","action":"GetUpdates", "result":"DeleteReceived", "context":{"id":"d338ca1b-bf2b-423d-b584-5eddbbab34b9", "isDeleted:":"true", "version":"1712076709395"}}
{"logTime": "0404/072250", "correlationVector":"T3RvFM1uHWXjTlPPzMoudD.158","action":"GetUpdates", "result":"DeleteReceived", "context":{"id":"ab1253c7-6ee0-4853-871e-ccc5f4ac919d", "isDeleted:":"true", "version":"1712076709396"}}
{"logTime": "0404/072250", "correlationVector":"T3RvFM1uHWXjTlPPzMoudD.159","action":"GetUpdates", "result":"DeleteReceived", "context":{"id":"8918b9bd-5fd1-4423-a4d5-df03abbc67e9", "isDeleted:":"true", "version":"1712076709397"}}
{"logTime": "0404/072250", "correlationVector":"T3RvFM1uHWXjTlPPzMoudD.160","action":"GetUpdates", "result":"DeleteReceived", "context":{"id":"909da76e-7895-4321-8944-8d693814ee7d", "isDeleted:":"true", "version":"1712076709398"}}
{"logTime": "0404/072250", "correlationVector":"T3RvFM1uHWXjTlPPzMoudD.161","action":"GetUpdates", "result":"DeleteReceived", "context":{"id":"77d64328-3deb-43cd-a250-f4f4e4a4475e", "isDeleted:":"true", "version":"1712076709399"}}
{"logTime": "0404/072250", "correlationVector":"T3RvFM1uHWXjTlPPzMoudD.162","action":"GetUpdates", "result":"DeleteReceived", "context":{"id":"88052275-b22d-4937-8e53-0b1f25d5e905", "isDeleted:":"true", "version":"1712078570423"}}
{"logTime": "0404/072250", "correlationVector":"T3RvFM1uHWXjTlPPzMoudD.163","action":"GetUpdates", "result":"DeleteReceived", "context":{"id":"71645362-a579-4e48-bd05-115176b9f550", "isDeleted:":"true", "version":"1712078570424"}}
{"logTime": "0404/072250", "correlationVector":"T3RvFM1uHWXjTlPPzMoudD.164","action":"GetUpdates", "result":"DeleteReceived", "context":{"id":"cdbdbaca-8aa6-40b3-b1ad-845e88bd9e02", "isDeleted:":"true", "version":"1712078570425"}}
{"logTime": "0404/072250", "correlationVector":"T3RvFM1uHWXjTlPPzMoudD.165","action":"GetUpdates", "result":"DeleteReceived", "context":{"id":"3994e692-ce95-4c32-a89a-99c2c8d9b759", "isDeleted:":"true", "version":"1712078570426"}}
{"logTime": "0404/072250", "correlationVector":"T3RvFM1uHWXjTlPPzMoudD.166","action":"GetUpdates", "result":"DeleteReceived", "context":{"id":"90c154bb-b1eb-40d7-b390-861ba6301861", "isDeleted:":"true", "version":"1712078570427"}}
{"logTime": "0404/072250", "correlationVector":"T3RvFM1uHWXjTlPPzMoudD.167","action":"GetUpdates", "result":"DeleteReceived", "context":{"id":"7926b055-b2ac-439b-8075-92f2e945d977", "isDeleted:":"true", "version":"1712078570428"}}
{"logTime": "0404/072250", "correlationVector":"T3RvFM1uHWXjTlPPzMoudD.168","action":"GetUpdates", "result":"DeleteReceived", "context":{"id":"979e651d-c59a-435c-b440-badcfcc77fdb", "isDeleted:":"true", "version":"1712127129356"}}
{"logTime": "0404/072250", "correlationVector":"T3RvFM1uHWXjTlPPzMoudD.169","action":"GetUpdates", "result":"DeleteReceived", "context":{"id":"51ecb03e-64bd-4373-b30f-f7e4fc15431b", "isDeleted:":"true", "version":"1712186751377"}}
{"logTime": "0404/072250", "correlationVector":"T3RvFM1uHWXjTlPPzMoudD.170","action":"GetUpdates", "result":"DeleteReceived", "context":{"id":"659cf427-ec21-41e1-816e-d6e0fa6c7ab6", "isDeleted:":"true", "version":"1712186854587"}}
{"logTime": "0404/072250", "correlationVector":"T3RvFM1uHWXjTlPPzMoudD.171","action":"GetUpdates", "result":"DeleteReceived", "context":{"id":"cf83115f-0ada-49f5-bbd4-202c9a9f83fa", "isDeleted:":"true", "version":"1712186885288"}}
{"logTime": "0404/072250", "correlationVector":"T3RvFM1uHWXjTlPPzMoudD.172","action":"GetUpdates", "result":"DeleteReceived", "context":{"id":"d31f39c3-fba0-4f83-bd86-74b4b27e8d14", "isDeleted:":"true", "version":"1712206725432"}}
{"logTime": "0404/072250", "correlationVector":"T3RvFM1uHWXjTlPPzMoudD.173","action":"GetUpdates", "result":"DeleteReceived", "context":{"id":"2d1ced4d-ab2e-4dbf-901b-107f0006b639", "isDeleted:":"true", "version":"1712209119417"}}
{"logTime": "0404/072250", "correlationVector":"T3RvFM1uHWXjTlPPzMoudD.174","action":"GetUpdates Response", "result":"Success", "context":Received 240 update(s). cV=T3RvFM1uHWXjTlPPzMoudD.0;server=GENERAL0100000K;cloudType=Consumer;environment=Prod_NorthCentralUS_000g;migrationStage=NotStarted}
{"logTime": "0404/072250", "correlationVector":"n/QySqzYJ4VCn9YuT1Gxmt","action":"Commit Request", "result":"", "context":Item count: 4
Contributing types: Typed URLs, Sessions, Device Info}
{"logTime": "0404/072251", "correlationVector":"n/QySqzYJ4VCn9YuT1Gxmt.1","action":"SyncServerConnectionManagerRequest", "result":"SYNC_SERVER_OK", "context":{"environment":"Prod_NorthCentralUS_000g", "migrationStage":"NotStarted", "server":"GENERAL0100001C"}}
{"logTime": "0404/072251", "correlationVector":"n/QySqzYJ4VCn9YuT1Gxmt.2","action":"Commit Response", "result":"Success", "context":Result: Success. cV=n/QySqzYJ4VCn9YuT1Gxmt.0;server=GENERAL0100001C;cloudType=Consumer;environment=Prod_NorthCentralUS_000g;migrationStage=NotStarted}
{"logTime": "0404/072251", "correlationVector":"Ay5Hi3G2/yqQtn1Wl8Fb2V","action":"Poll GetUpdate request", "result":"", "context":cV=Ay5Hi3G2/yqQtn1Wl8Fb2V}
{"logTime": "0404/072251", "correlationVector":"Ay5Hi3G2/yqQtn1Wl8Fb2V.1","action":"SyncServerConnectionManagerRequest", "result":"SYNC_SERVER_OK", "context":{"environment":"Prod_NorthCentralUS_000g", "migrationStage":"NotStarted", "server":"GENERAL0100001K"}}
{"logTime": "0404/072251", "correlationVector":"Ay5Hi3G2/yqQtn1Wl8Fb2V.2","action":"GetUpdates Response", "result":"Success", "context":Received 4 update(s). cV=Ay5Hi3G2/yqQtn1Wl8Fb2V.0;server=GENERAL0100001K;cloudType=Consumer;environment=Prod_NorthCentralUS_000g;migrationStage=NotStarted}
{"logTime": "0404/072251", "correlationVector":"PP5VoH5Q6OCWaZtJ7GW8P2","action":"Commit Request", "result":"", "context":Item count: 2
Contributing types: Bookmarks, Sessions}
{"logTime": "0404/072252", "correlationVector":"PP5VoH5Q6OCWaZtJ7GW8P2.1","action":"SyncServerConnectionManagerRequest", "result":"SYNC_SERVER_OK", "context":{"environment":"Prod_NorthCentralUS_000g", "migrationStage":"NotStarted", "server":"GENERAL0100000Q"}}
{"logTime": "0404/072252", "correlationVector":"PP5VoH5Q6OCWaZtJ7GW8P2.2","action":"Commit Response", "result":"Success", "context":Result: Success. cV=PP5VoH5Q6OCWaZtJ7GW8P2.0;server=GENERAL0100000Q;cloudType=Consumer;environment=Prod_NorthCentralUS_000g;migrationStage=NotStarted}
{"logTime": "0404/072258", "correlationVector":"FnL2flUMYFI2ZR+Yk1Nm2x","action":"Commit Request", "result":"", "context":Item count: 1
Contributing types: Extensions}
{"logTime": "0404/072258", "correlationVector":"FnL2flUMYFI2ZR+Yk1Nm2x.1","action":"SyncServerConnectionManagerRequest", "result":"SYNC_SERVER_OK", "context":{"environment":"Prod_NorthCentralUS_000g", "migrationStage":"NotStarted", "server":"GENERAL0100000G"}}
{"logTime": "0404/072258", "correlationVector":"FnL2flUMYFI2ZR+Yk1Nm2x.2","action":"Commit Response", "result":"Success", "context":Result: Success. cV=FnL2flUMYFI2ZR+Yk1Nm2x.0;server=GENERAL0100000G;cloudType=Consumer;environment=Prod_NorthCentralUS_000g;migrationStage=NotStarted}
{"logTime": "0404/072318", "correlationVector":"agcZ3ybJ/rSBhkDkEFYziR","action":"Commit Request", "result":"", "context":Item count: 2
Contributing types: Bookmarks}
{"logTime": "0404/072318", "correlationVector":"agcZ3ybJ/rSBhkDkEFYziR.1","action":"SyncServerConnectionManagerRequest", "result":"SYNC_SERVER_OK", "context":{"environment":"Prod_NorthCentralUS_000g", "migrationStage":"NotStarted", "server":"GENERAL0100001W"}}
{"logTime": "0404/072318", "correlationVector":"agcZ3ybJ/rSBhkDkEFYziR.2","action":"Commit Response", "result":"Success", "context":Result: Success. cV=agcZ3ybJ/rSBhkDkEFYziR.0;server=GENERAL0100001W;cloudType=Consumer;environment=Prod_NorthCentralUS_000g;migrationStage=NotStarted}
{"logTime": "0404/072320", "correlationVector":"+GS2PXZH7kJXsI8/UqcVaX","action":"Commit Request", "result":"", "context":Item count: 2
Contributing types: Preferences, Extensions}
{"logTime": "0404/072320", "correlationVector":"+GS2PXZH7kJXsI8/UqcVaX.1","action":"SyncServerConnectionManagerRequest", "result":"SYNC_SERVER_OK", "context":{"environment":"Prod_NorthCentralUS_000g", "migrationStage":"NotStarted", "server":"GENERAL0100002T"}}
{"logTime": "0404/072320", "correlationVector":"+GS2PXZH7kJXsI8/UqcVaX.2","action":"Commit Response", "result":"Success", "context":Result: Success. cV=+GS2PXZH7kJXsI8/UqcVaX.0;server=GENERAL0100002T;cloudType=Consumer;environment=Prod_NorthCentralUS_000g;migrationStage=NotStarted}
{"logTime": "0404/072335", "correlationVector":"rl32yUbJDWOCzixkwzhfyg","action":"Commit Request", "result":"", "context":Item count: 5
Contributing types: Preferences, Sessions}
{"logTime": "0404/072336", "correlationVector":"rl32yUbJDWOCzixkwzhfyg.1","action":"SyncServerConnectionManagerRequest", "result":"SYNC_SERVER_OK", "context":{"environment":"Prod_NorthCentralUS_000g", "migrationStage":"NotStarted", "server":"GENERAL0100000N"}}
{"logTime": "0404/072336", "correlationVector":"rl32yUbJDWOCzixkwzhfyg.2","action":"Commit Response", "result":"Success", "context":Result: Success. cV=rl32yUbJDWOCzixkwzhfyg.0;server=GENERAL0100000N;cloudType=Consumer;environment=Prod_NorthCentralUS_000g;migrationStage=NotStarted}
{"logTime": "0404/072407", "correlationVector":"deycDRJlG7raXW2yertuE+","action":"Commit Request", "result":"", "context":Item count: 4
Contributing types: Sessions}
{"logTime": "0404/072408", "correlationVector":"deycDRJlG7raXW2yertuE+.1","action":"SyncServerConnectionManagerRequest", "result":"SYNC_SERVER_OK", "context":{"environment":"Prod_NorthCentralUS_000g", "migrationStage":"NotStarted", "server":"GENERAL0100002H"}}
{"logTime": "0404/072408", "correlationVector":"deycDRJlG7raXW2yertuE+.2","action":"Commit Response", "result":"Success", "context":Result: Success. cV=deycDRJlG7raXW2yertuE+.0;server=GENERAL0100002H;cloudType=Consumer;environment=Prod_NorthCentralUS_000g;migrationStage=NotStarted}
{"logTime": "0404/072416", "correlationVector":"imTgBrB8a/gLl5NM60Wa9s","action":"Commit Request", "result":"", "context":Item count: 1
Contributing types: Bookmarks}
{"logTime": "0404/072416", "correlationVector":"imTgBrB8a/gLl5NM60Wa9s.1","action":"SyncServerConnectionManagerRequest", "result":"SYNC_SERVER_OK", "context":{"environment":"Prod_NorthCentralUS_000g", "migrationStage":"NotStarted", "server":"GENERAL0100000K"}}
{"logTime": "0404/072416", "correlationVector":"imTgBrB8a/gLl5NM60Wa9s.2","action":"Commit Response", "result":"Success", "context":Result: Success. cV=imTgBrB8a/gLl5NM60Wa9s.0;server=GENERAL0100000K;cloudType=Consumer;environment=Prod_NorthCentralUS_000g;migrationStage=NotStarted}
{"logTime": "0404/072448", "correlationVector":"YbSGM8EkUWOa+69NnpyiKp","action":"Commit Request", "result":"", "context":Item count: 1
Contributing types: Sessions}
{"logTime": "0404/072448", "correlationVector":"YbSGM8EkUWOa+69NnpyiKp.1","action":"SyncServerConnectionManagerRequest", "result":"SYNC_SERVER_OK", "context":{"environment":"Prod_NorthCentralUS_000g", "migrationStage":"NotStarted", "server":"GENERAL0100002R"}}
{"logTime": "0404/072448", "correlationVector":"YbSGM8EkUWOa+69NnpyiKp.2","action":"Commit Response", "result":"Success", "context":Result: Success. cV=YbSGM8EkUWOa+69NnpyiKp.0;server=GENERAL0100002R;cloudType=Consumer;environment=Prod_NorthCentralUS_000g;migrationStage=NotStarted}
{"logTime": "0404/072505", "correlationVector":"zuWQrhL3/CM2HXMcXWHgIB","action":"Commit Request", "result":"", "context":Item count: 3
Contributing types: Bookmarks, Sessions}
{"logTime": "0404/072505", "correlationVector":"zuWQrhL3/CM2HXMcXWHgIB.1","action":"SyncServerConnectionManagerRequest", "result":"SYNC_SERVER_OK", "context":{"environment":"Prod_NorthCentralUS_000g", "migrationStage":"NotStarted", "server":"general0100002L"}}
{"logTime": "0404/072505", "correlationVector":"zuWQrhL3/CM2HXMcXWHgIB.2","action":"Commit Response", "result":"Success", "context":Result: Success. cV=zuWQrhL3/CM2HXMcXWHgIB.0;server=general0100002L;cloudType=Consumer;environment=Prod_NorthCentralUS_000g;migrationStage=NotStarted}
{"logTime": "0404/072539", "correlationVector":"czDV6G/iPp/3BNgPLkuZEr","action":"Commit Request", "result":"", "context":Item count: 4
Contributing types: Sessions}
{"logTime": "0404/072540", "correlationVector":"czDV6G/iPp/3BNgPLkuZEr.1","action":"SyncServerConnectionManagerRequest", "result":"SYNC_SERVER_OK", "context":{"environment":"Prod_NorthCentralUS_000g", "migrationStage":"NotStarted", "server":"GENERAL0100001V"}}
{"logTime": "0404/072540", "correlationVector":"czDV6G/iPp/3BNgPLkuZEr.2","action":"Commit Response", "result":"Success", "context":Result: Success. cV=czDV6G/iPp/3BNgPLkuZEr.0;server=GENERAL0100001V;cloudType=Consumer;environment=Prod_NorthCentralUS_000g;migrationStage=NotStarted}
{"logTime": "0404/072613", "correlationVector":"kXEH0JlVBlhimkjh6DUvOa","action":"Commit Request", "result":"", "context":Item count: 1
Contributing types: Bookmarks}
{"logTime": "0404/072613", "correlationVector":"kXEH0JlVBlhimkjh6DUvOa.1","action":"SyncServerConnectionManagerRequest", "result":"SYNC_SERVER_OK", "context":{"environment":"Prod_NorthCentralUS_000g", "migrationStage":"NotStarted", "server":"GENERAL0100001V"}}
{"logTime": "0404/072613", "correlationVector":"kXEH0JlVBlhimkjh6DUvOa.2","action":"Commit Response", "result":"Success", "context":Result: Success. cV=kXEH0JlVBlhimkjh6DUvOa.0;server=GENERAL0100001V;cloudType=Consumer;environment=Prod_NorthCentralUS_000g;migrationStage=NotStarted}
{"logTime": "0404/072629", "correlationVector":"4Wp3YyF517Zgd48zSEdmtO","action":"Commit Request", "result":"", "context":Item count: 3
Contributing types: Bookmarks, Sessions}
{"logTime": "0404/072629", "correlationVector":"4Wp3YyF517Zgd48zSEdmtO.1","action":"SyncServerConnectionManagerRequest", "result":"SYNC_SERVER_OK", "context":{"environment":"Prod_NorthCentralUS_000g", "migrationStage":"NotStarted", "server":"GENERAL0100001K"}}
{"logTime": "0404/072629", "correlationVector":"4Wp3YyF517Zgd48zSEdmtO.2","action":"Commit Response", "result":"Success", "context":Result: Success. cV=4Wp3YyF517Zgd48zSEdmtO.0;server=GENERAL0100001K;cloudType=Consumer;environment=Prod_NorthCentralUS_000g;migrationStage=NotStarted}
{"logTime": "0404/072706", "correlationVector":"x6RLHCe/ef2YPDHoW7mgVu","action":"Commit Request", "result":"", "context":Item count: 4
Contributing types: Bookmarks, Sessions}
{"logTime": "0404/072706", "correlationVector":"x6RLHCe/ef2YPDHoW7mgVu.1","action":"SyncServerConnectionManagerRequest", "result":"SYNC_SERVER_OK", "context":{"environment":"Prod_NorthCentralUS_000g", "migrationStage":"NotStarted", "server":"GENERAL0100000B"}}
{"logTime": "0404/072706", "correlationVector":"x6RLHCe/ef2YPDHoW7mgVu.2","action":"Commit Response", "result":"Success", "context":Result: Success. cV=x6RLHCe/ef2YPDHoW7mgVu.0;server=GENERAL0100000B;cloudType=Consumer;environment=Prod_NorthCentralUS_000g;migrationStage=NotStarted}
{"logTime": "0404/072735", "correlationVector":"DR2xPHBS6W/infAnqRiSAk","action":"Commit Request", "result":"", "context":Item count: 1
Contributing types: Preferences}
{"logTime": "0404/072735", "correlationVector":"DR2xPHBS6W/infAnqRiSAk.1","action":"SyncServerConnectionManagerRequest", "result":"SYNC_SERVER_OK", "context":{"environment":"Prod_NorthCentralUS_000g", "migrationStage":"NotStarted", "server":"GENERAL0100001P"}}
{"logTime": "0404/072735", "correlationVector":"DR2xPHBS6W/infAnqRiSAk.2","action":"Commit Response", "result":"Success", "context":Result: Success. cV=DR2xPHBS6W/infAnqRiSAk.0;server=GENERAL0100001P;cloudType=Consumer;environment=Prod_NorthCentralUS_000g;migrationStage=NotStarted}
{"logTime": "0404/072749", "correlationVector":"e0G9D1naVw5IuJDE/J54Iw","action":"Normal GetUpdate request", "result":"", "context":cV=e0G9D1naVw5IuJDE/J54Iw
Refresh requested types: Bookmarks, Preferences, Passwords, Typed URLs, Extensions, Sessions, Extension settings, History Delete Directives, Device Info, User Consents, Send Tab To Self, Web Apps, Collection, Edge E Drop, Edge Hub App Usage, Edge Tab Group, Edge Wallet, Encryption Keys}
{"logTime": "0404/072749", "correlationVector":"e0G9D1naVw5IuJDE/J54Iw.1","action":"SyncServerConnectionManagerRequest", "result":"SYNC_SERVER_OK", "context":{"environment":"Prod_NorthCentralUS_000g", "migrationStage":"NotStarted", "server":"GENERAL0100001N"}}
{"logTime": "0404/072749", "correlationVector":"e0G9D1naVw5IuJDE/J54Iw.2","action":"GetUpdates Response", "result":"Success", "context":Received 23 update(s). cV=e0G9D1naVw5IuJDE/J54Iw.0;server=GENERAL0100001N;cloudType=Consumer;environment=Prod_NorthCentralUS_000g;migrationStage=NotStarted}
