2024-04-03 20:58:55 Loading main app package /tmp/.mount_Obsidi7tfLoZ/resources/obsidian.asar
2024-04-03 20:58:55 Checking for update using Github
2024-04-03 20:58:55 Success.
2024-04-03 20:58:55 Latest version is 1.5.12
2024-04-03 20:58:55 App is up to date.
2024-04-03 21:08:18 Loading main app package /tmp/.mount_ObsidiBAogZy/resources/obsidian.asar
2024-04-03 21:08:18 Checking for update using Github
2024-04-03 21:12:39 Loading main app package /tmp/.mount_Obsidijvewe3/resources/obsidian.asar
2024-04-03 21:12:40 Checking for update using Github
2024-04-03 21:12:40 Success.
2024-04-03 21:12:40 Latest version is 1.5.12
2024-04-03 21:12:40 App is up to date.
2024-04-03 21:21:20 Loading main app package /opt/Obsidian/resources/obsidian.asar
2024-04-03 21:21:20 Checking for update using Github
2024-04-03 21:21:21 Success.
2024-04-03 21:21:21 Latest version is 1.5.12
2024-04-03 21:21:21 App is up to date.
2024-04-03 21:30:19 Loading main app package /opt/Obsidian/resources/obsidian.asar
2024-04-03 21:30:19 Checking for update using Github
2024-04-03 21:30:19 Success.
2024-04-03 21:30:19 Latest version is 1.5.12
2024-04-03 21:30:19 App is up to date.
2024-04-03 21:32:43 Loading main app package /opt/Obsidian/resources/obsidian.asar
2024-04-03 21:32:43 Checking for update using Github
2024-04-03 21:32:43 Success.
2024-04-03 21:32:43 Latest version is 1.5.12
2024-04-03 21:32:43 App is up to date.
2024-04-27 05:00:13 Loading main app package /opt/Obsidian/resources/obsidian.asar
2024-04-27 05:00:13 Checking for update using Github
2024-04-27 05:00:14 Success.
2024-04-27 05:00:14 Latest version is 1.5.12
2024-04-27 05:00:14 App is up to date.
